                                      1 ;--------------------------------------------------------
                                      2 ; File Created by SDCC : free open source ISO C Compiler
                                      3 ; Version 4.5.1 #15267 (Linux)
                                      4 ;--------------------------------------------------------
                                      5 	.module Common
                                      6 	
                                      7 ;--------------------------------------------------------
                                      8 ; Public variables in this module
                                      9 ;--------------------------------------------------------
                                     10 	.globl _wait_vbl_done
                                     11 	.globl _global_colision_map
                                     12 	.globl _global_events
                                     13 	.globl _performantdelay
                                     14 	.globl _get_colision_from_map
                                     15 ;--------------------------------------------------------
                                     16 ; special function registers
                                     17 ;--------------------------------------------------------
                                     18 ;--------------------------------------------------------
                                     19 ; ram data
                                     20 ;--------------------------------------------------------
                                     21 	.area _DATA
    00000000                         22 _global_events::
    00000000                         23 	.ds 40
                                     24 ;--------------------------------------------------------
                                     25 ; ram data
                                     26 ;--------------------------------------------------------
                                     27 	.area _INITIALIZED
    00000000                         28 _global_colision_map::
    00000000                         29 	.ds 360
                                     30 ;--------------------------------------------------------
                                     31 ; absolute external ram data
                                     32 ;--------------------------------------------------------
                                     33 	.area _DABS (ABS)
                                     34 ;--------------------------------------------------------
                                     35 ; global & static initialisations
                                     36 ;--------------------------------------------------------
                                     37 	.area _HOME
                                     38 	.area _GSINIT
                                     39 	.area _GSFINAL
                                     40 	.area _GSINIT
                                     41 ;--------------------------------------------------------
                                     42 ; Home
                                     43 ;--------------------------------------------------------
                                     44 	.area _HOME
                                     45 	.area _HOME
                                     46 ;--------------------------------------------------------
                                     47 ; code
                                     48 ;--------------------------------------------------------
                                     49 	.area _CODE
                                     50 ;src/Common.c:9: void performantdelay(uint8_t numloops){
                                     51 ;	---------------------------------
                                     52 ; Function performantdelay
                                     53 ; ---------------------------------
    00000000                         54 _performantdelay::
    00000000 4F               [ 4]   55 	ld	c, a
                                     56 ;src/Common.c:11: for(i = 0; i < numloops; i++){
    00000001 06 00            [ 8]   57 	ld	b, #0x00
    00000003                         58 00103$:
    00000003 78               [ 4]   59 	ld	a, b
    00000004 91               [ 4]   60 	sub	a, c
    00000005 D0               [20]   61 	ret	NC
                                     62 ;src/Common.c:12: wait_vbl_done();
    00000006 CDr00r00         [24]   63 	call	_wait_vbl_done
                                     64 ;src/Common.c:11: for(i = 0; i < numloops; i++){
    00000009 04               [ 4]   65 	inc	b
                                     66 ;src/Common.c:14: }
    0000000A 18 F7            [12]   67 	jr	00103$
                                     68 ;src/Common.c:17: void get_colision_from_map(const unsigned char in[], uint8_t out[]){
                                     69 ;	---------------------------------
                                     70 ; Function get_colision_from_map
                                     71 ; ---------------------------------
    0000000C                         72 _get_colision_from_map::
    0000000C E8 FB            [16]   73 	add	sp, #-5
    0000000E F8 03            [12]   74 	ldhl	sp,	#3
    00000010 7B               [ 4]   75 	ld	a, e
    00000011 22               [ 8]   76 	ld	(hl+), a
    00000012 72               [ 8]   77 	ld	(hl), d
    00000013 F8 01            [12]   78 	ldhl	sp,	#1
    00000015 79               [ 4]   79 	ld	a, c
    00000016 22               [ 8]   80 	ld	(hl+), a
    00000017 70               [ 8]   81 	ld	(hl), b
                                     82 ;src/Common.c:19: for(uint16_t i = 0; i<360; i++){
    00000018 01 00 00         [12]   83 	ld	bc, #0x0000
    0000001B                         84 00113$:
    0000001B 59               [ 4]   85 	ld	e, c
    0000001C 50               [ 4]   86 	ld	d, b
    0000001D 7B               [ 4]   87 	ld	a, e
    0000001E D6 68            [ 8]   88 	sub	a, #0x68
    00000020 7A               [ 4]   89 	ld	a, d
    00000021 DE 01            [ 8]   90 	sbc	a, #0x01
    00000023 30 41            [12]   91 	jr	NC, 00115$
                                     92 ;src/Common.c:20: if(in[i] >= 24 && in[i] <= 27){
    00000025 F8 03            [12]   93 	ldhl	sp,	#3
    00000027 2A               [ 8]   94 	ld	a,	(hl+)
    00000028 66               [ 8]   95 	ld	h, (hl)
    00000029 6F               [ 4]   96 	ld	l, a
    0000002A 09               [ 8]   97 	add	hl, bc
    0000002B 5D               [ 4]   98 	ld	e, l
    0000002C 54               [ 4]   99 	ld	d, h
                                    100 ;src/Common.c:22: } else if(in[i] >= 20 && in[i] <= 23){
    0000002D 1A               [ 8]  101 	ld	a, (de)
    0000002E F8 00            [12]  102 	ldhl	sp,	#0
                                    103 ;src/Common.c:21: out[i] = SOURCE;
    00000030 22               [ 8]  104 	ld	(hl+), a
    00000031 2A               [ 8]  105 	ld	a,	(hl+)
    00000032 66               [ 8]  106 	ld	h, (hl)
    00000033 6F               [ 4]  107 	ld	l, a
    00000034 09               [ 8]  108 	add	hl, bc
    00000035 5D               [ 4]  109 	ld	e, l
    00000036 54               [ 4]  110 	ld	d, h
                                    111 ;src/Common.c:20: if(in[i] >= 24 && in[i] <= 27){
    00000037 F8 00            [12]  112 	ldhl	sp,	#0
    00000039 7E               [ 8]  113 	ld	a, (hl)
    0000003A D6 18            [ 8]  114 	sub	a, #0x18
    0000003C 38 0A            [12]  115 	jr	C, 00108$
    0000003E 3E 1B            [ 8]  116 	ld	a, #0x1b
    00000040 96               [ 8]  117 	sub	a, (hl)
    00000041 38 05            [12]  118 	jr	C, 00108$
                                    119 ;src/Common.c:21: out[i] = SOURCE;
    00000043 3E 03            [ 8]  120 	ld	a, #0x03
    00000045 12               [ 8]  121 	ld	(de), a
    00000046 18 1B            [12]  122 	jr	00114$
    00000048                        123 00108$:
                                    124 ;src/Common.c:22: } else if(in[i] >= 20 && in[i] <= 23){
    00000048 F8 00            [12]  125 	ldhl	sp,	#0
    0000004A 7E               [ 8]  126 	ld	a, (hl)
    0000004B D6 14            [ 8]  127 	sub	a, #0x14
    0000004D 38 0A            [12]  128 	jr	C, 00104$
    0000004F 3E 17            [ 8]  129 	ld	a, #0x17
    00000051 96               [ 8]  130 	sub	a, (hl)
    00000052 38 05            [12]  131 	jr	C, 00104$
                                    132 ;src/Common.c:23: out[i] = DESTINATION;
    00000054 3E 04            [ 8]  133 	ld	a, #0x04
    00000056 12               [ 8]  134 	ld	(de), a
    00000057 18 0A            [12]  135 	jr	00114$
    00000059                        136 00104$:
                                    137 ;src/Common.c:24: } else if(in[i] >= UMBRAL_COLISION){
    00000059 F8 00            [12]  138 	ldhl	sp,	#0
    0000005B 7E               [ 8]  139 	ld	a, (hl)
    0000005C D6 03            [ 8]  140 	sub	a, #0x03
    0000005E 38 03            [12]  141 	jr	C, 00114$
                                    142 ;src/Common.c:25: out[i] = SOLID;
    00000060 3E 01            [ 8]  143 	ld	a, #0x01
    00000062 12               [ 8]  144 	ld	(de), a
    00000063                        145 00114$:
                                    146 ;src/Common.c:19: for(uint16_t i = 0; i<360; i++){
    00000063 03               [ 8]  147 	inc	bc
    00000064 18 B5            [12]  148 	jr	00113$
    00000066                        149 00115$:
                                    150 ;src/Common.c:28: }
    00000066 E8 05            [16]  151 	add	sp, #5
    00000068 C9               [16]  152 	ret
                                    153 	.area _CODE
                                    154 	.area _INITIALIZER
    00000000                        155 __xinit__global_colision_map:
    00000000 00                     156 	.db #0x00	; 0
    00000001 00                     157 	.db 0x00
    00000002 00                     158 	.db 0x00
    00000003 00                     159 	.db 0x00
    00000004 00                     160 	.db 0x00
    00000005 00                     161 	.db 0x00
    00000006 00                     162 	.db 0x00
    00000007 00                     163 	.db 0x00
    00000008 00                     164 	.db 0x00
    00000009 00                     165 	.db 0x00
    0000000A 00                     166 	.db 0x00
    0000000B 00                     167 	.db 0x00
    0000000C 00                     168 	.db 0x00
    0000000D 00                     169 	.db 0x00
    0000000E 00                     170 	.db 0x00
    0000000F 00                     171 	.db 0x00
    00000010 00                     172 	.db 0x00
    00000011 00                     173 	.db 0x00
    00000012 00                     174 	.db 0x00
    00000013 00                     175 	.db 0x00
    00000014 00                     176 	.db 0x00
    00000015 00                     177 	.db 0x00
    00000016 00                     178 	.db 0x00
    00000017 00                     179 	.db 0x00
    00000018 00                     180 	.db 0x00
    00000019 00                     181 	.db 0x00
    0000001A 00                     182 	.db 0x00
    0000001B 00                     183 	.db 0x00
    0000001C 00                     184 	.db 0x00
    0000001D 00                     185 	.db 0x00
    0000001E 00                     186 	.db 0x00
    0000001F 00                     187 	.db 0x00
    00000020 00                     188 	.db 0x00
    00000021 00                     189 	.db 0x00
    00000022 00                     190 	.db 0x00
    00000023 00                     191 	.db 0x00
    00000024 00                     192 	.db 0x00
    00000025 00                     193 	.db 0x00
    00000026 00                     194 	.db 0x00
    00000027 00                     195 	.db 0x00
    00000028 00                     196 	.db 0x00
    00000029 00                     197 	.db 0x00
    0000002A 00                     198 	.db 0x00
    0000002B 00                     199 	.db 0x00
    0000002C 00                     200 	.db 0x00
    0000002D 00                     201 	.db 0x00
    0000002E 00                     202 	.db 0x00
    0000002F 00                     203 	.db 0x00
    00000030 00                     204 	.db 0x00
    00000031 00                     205 	.db 0x00
    00000032 00                     206 	.db 0x00
    00000033 00                     207 	.db 0x00
    00000034 00                     208 	.db 0x00
    00000035 00                     209 	.db 0x00
    00000036 00                     210 	.db 0x00
    00000037 00                     211 	.db 0x00
    00000038 00                     212 	.db 0x00
    00000039 00                     213 	.db 0x00
    0000003A 00                     214 	.db 0x00
    0000003B 00                     215 	.db 0x00
    0000003C 00                     216 	.db 0x00
    0000003D 00                     217 	.db 0x00
    0000003E 00                     218 	.db 0x00
    0000003F 00                     219 	.db 0x00
    00000040 00                     220 	.db 0x00
    00000041 00                     221 	.db 0x00
    00000042 00                     222 	.db 0x00
    00000043 00                     223 	.db 0x00
    00000044 00                     224 	.db 0x00
    00000045 00                     225 	.db 0x00
    00000046 00                     226 	.db 0x00
    00000047 00                     227 	.db 0x00
    00000048 00                     228 	.db 0x00
    00000049 00                     229 	.db 0x00
    0000004A 00                     230 	.db 0x00
    0000004B 00                     231 	.db 0x00
    0000004C 00                     232 	.db 0x00
    0000004D 00                     233 	.db 0x00
    0000004E 00                     234 	.db 0x00
    0000004F 00                     235 	.db 0x00
    00000050 00                     236 	.db 0x00
    00000051 00                     237 	.db 0x00
    00000052 00                     238 	.db 0x00
    00000053 00                     239 	.db 0x00
    00000054 00                     240 	.db 0x00
    00000055 00                     241 	.db 0x00
    00000056 00                     242 	.db 0x00
    00000057 00                     243 	.db 0x00
    00000058 00                     244 	.db 0x00
    00000059 00                     245 	.db 0x00
    0000005A 00                     246 	.db 0x00
    0000005B 00                     247 	.db 0x00
    0000005C 00                     248 	.db 0x00
    0000005D 00                     249 	.db 0x00
    0000005E 00                     250 	.db 0x00
    0000005F 00                     251 	.db 0x00
    00000060 00                     252 	.db 0x00
    00000061 00                     253 	.db 0x00
    00000062 00                     254 	.db 0x00
    00000063 00                     255 	.db 0x00
    00000064 00                     256 	.db 0x00
    00000065 00                     257 	.db 0x00
    00000066 00                     258 	.db 0x00
    00000067 00                     259 	.db 0x00
    00000068 00                     260 	.db 0x00
    00000069 00                     261 	.db 0x00
    0000006A 00                     262 	.db 0x00
    0000006B 00                     263 	.db 0x00
    0000006C 00                     264 	.db 0x00
    0000006D 00                     265 	.db 0x00
    0000006E 00                     266 	.db 0x00
    0000006F 00                     267 	.db 0x00
    00000070 00                     268 	.db 0x00
    00000071 00                     269 	.db 0x00
    00000072 00                     270 	.db 0x00
    00000073 00                     271 	.db 0x00
    00000074 00                     272 	.db 0x00
    00000075 00                     273 	.db 0x00
    00000076 00                     274 	.db 0x00
    00000077 00                     275 	.db 0x00
    00000078 00                     276 	.db 0x00
    00000079 00                     277 	.db 0x00
    0000007A 00                     278 	.db 0x00
    0000007B 00                     279 	.db 0x00
    0000007C 00                     280 	.db 0x00
    0000007D 00                     281 	.db 0x00
    0000007E 00                     282 	.db 0x00
    0000007F 00                     283 	.db 0x00
    00000080 00                     284 	.db 0x00
    00000081 00                     285 	.db 0x00
    00000082 00                     286 	.db 0x00
    00000083 00                     287 	.db 0x00
    00000084 00                     288 	.db 0x00
    00000085 00                     289 	.db 0x00
    00000086 00                     290 	.db 0x00
    00000087 00                     291 	.db 0x00
    00000088 00                     292 	.db 0x00
    00000089 00                     293 	.db 0x00
    0000008A 00                     294 	.db 0x00
    0000008B 00                     295 	.db 0x00
    0000008C 00                     296 	.db 0x00
    0000008D 00                     297 	.db 0x00
    0000008E 00                     298 	.db 0x00
    0000008F 00                     299 	.db 0x00
    00000090 00                     300 	.db 0x00
    00000091 00                     301 	.db 0x00
    00000092 00                     302 	.db 0x00
    00000093 00                     303 	.db 0x00
    00000094 00                     304 	.db 0x00
    00000095 00                     305 	.db 0x00
    00000096 00                     306 	.db 0x00
    00000097 00                     307 	.db 0x00
    00000098 00                     308 	.db 0x00
    00000099 00                     309 	.db 0x00
    0000009A 00                     310 	.db 0x00
    0000009B 00                     311 	.db 0x00
    0000009C 00                     312 	.db 0x00
    0000009D 00                     313 	.db 0x00
    0000009E 00                     314 	.db 0x00
    0000009F 00                     315 	.db 0x00
    000000A0 00                     316 	.db 0x00
    000000A1 00                     317 	.db 0x00
    000000A2 00                     318 	.db 0x00
    000000A3 00                     319 	.db 0x00
    000000A4 00                     320 	.db 0x00
    000000A5 00                     321 	.db 0x00
    000000A6 00                     322 	.db 0x00
    000000A7 00                     323 	.db 0x00
    000000A8 00                     324 	.db 0x00
    000000A9 00                     325 	.db 0x00
    000000AA 00                     326 	.db 0x00
    000000AB 00                     327 	.db 0x00
    000000AC 00                     328 	.db 0x00
    000000AD 00                     329 	.db 0x00
    000000AE 00                     330 	.db 0x00
    000000AF 00                     331 	.db 0x00
    000000B0 00                     332 	.db 0x00
    000000B1 00                     333 	.db 0x00
    000000B2 00                     334 	.db 0x00
    000000B3 00                     335 	.db 0x00
    000000B4 00                     336 	.db 0x00
    000000B5 00                     337 	.db 0x00
    000000B6 00                     338 	.db 0x00
    000000B7 00                     339 	.db 0x00
    000000B8 00                     340 	.db 0x00
    000000B9 00                     341 	.db 0x00
    000000BA 00                     342 	.db 0x00
    000000BB 00                     343 	.db 0x00
    000000BC 00                     344 	.db 0x00
    000000BD 00                     345 	.db 0x00
    000000BE 00                     346 	.db 0x00
    000000BF 00                     347 	.db 0x00
    000000C0 00                     348 	.db 0x00
    000000C1 00                     349 	.db 0x00
    000000C2 00                     350 	.db 0x00
    000000C3 00                     351 	.db 0x00
    000000C4 00                     352 	.db 0x00
    000000C5 00                     353 	.db 0x00
    000000C6 00                     354 	.db 0x00
    000000C7 00                     355 	.db 0x00
    000000C8 00                     356 	.db 0x00
    000000C9 00                     357 	.db 0x00
    000000CA 00                     358 	.db 0x00
    000000CB 00                     359 	.db 0x00
    000000CC 00                     360 	.db 0x00
    000000CD 00                     361 	.db 0x00
    000000CE 00                     362 	.db 0x00
    000000CF 00                     363 	.db 0x00
    000000D0 00                     364 	.db 0x00
    000000D1 00                     365 	.db 0x00
    000000D2 00                     366 	.db 0x00
    000000D3 00                     367 	.db 0x00
    000000D4 00                     368 	.db 0x00
    000000D5 00                     369 	.db 0x00
    000000D6 00                     370 	.db 0x00
    000000D7 00                     371 	.db 0x00
    000000D8 00                     372 	.db 0x00
    000000D9 00                     373 	.db 0x00
    000000DA 00                     374 	.db 0x00
    000000DB 00                     375 	.db 0x00
    000000DC 00                     376 	.db 0x00
    000000DD 00                     377 	.db 0x00
    000000DE 00                     378 	.db 0x00
    000000DF 00                     379 	.db 0x00
    000000E0 00                     380 	.db 0x00
    000000E1 00                     381 	.db 0x00
    000000E2 00                     382 	.db 0x00
    000000E3 00                     383 	.db 0x00
    000000E4 00                     384 	.db 0x00
    000000E5 00                     385 	.db 0x00
    000000E6 00                     386 	.db 0x00
    000000E7 00                     387 	.db 0x00
    000000E8 00                     388 	.db 0x00
    000000E9 00                     389 	.db 0x00
    000000EA 00                     390 	.db 0x00
    000000EB 00                     391 	.db 0x00
    000000EC 00                     392 	.db 0x00
    000000ED 00                     393 	.db 0x00
    000000EE 00                     394 	.db 0x00
    000000EF 00                     395 	.db 0x00
    000000F0 00                     396 	.db 0x00
    000000F1 00                     397 	.db 0x00
    000000F2 00                     398 	.db 0x00
    000000F3 00                     399 	.db 0x00
    000000F4 00                     400 	.db 0x00
    000000F5 00                     401 	.db 0x00
    000000F6 00                     402 	.db 0x00
    000000F7 00                     403 	.db 0x00
    000000F8 00                     404 	.db 0x00
    000000F9 00                     405 	.db 0x00
    000000FA 00                     406 	.db 0x00
    000000FB 00                     407 	.db 0x00
    000000FC 00                     408 	.db 0x00
    000000FD 00                     409 	.db 0x00
    000000FE 00                     410 	.db 0x00
    000000FF 00                     411 	.db 0x00
    00000100 00                     412 	.db 0x00
    00000101 00                     413 	.db 0x00
    00000102 00                     414 	.db 0x00
    00000103 00                     415 	.db 0x00
    00000104 00                     416 	.db 0x00
    00000105 00                     417 	.db 0x00
    00000106 00                     418 	.db 0x00
    00000107 00                     419 	.db 0x00
    00000108 00                     420 	.db 0x00
    00000109 00                     421 	.db 0x00
    0000010A 00                     422 	.db 0x00
    0000010B 00                     423 	.db 0x00
    0000010C 00                     424 	.db 0x00
    0000010D 00                     425 	.db 0x00
    0000010E 00                     426 	.db 0x00
    0000010F 00                     427 	.db 0x00
    00000110 00                     428 	.db 0x00
    00000111 00                     429 	.db 0x00
    00000112 00                     430 	.db 0x00
    00000113 00                     431 	.db 0x00
    00000114 00                     432 	.db 0x00
    00000115 00                     433 	.db 0x00
    00000116 00                     434 	.db 0x00
    00000117 00                     435 	.db 0x00
    00000118 00                     436 	.db 0x00
    00000119 00                     437 	.db 0x00
    0000011A 00                     438 	.db 0x00
    0000011B 00                     439 	.db 0x00
    0000011C 00                     440 	.db 0x00
    0000011D 00                     441 	.db 0x00
    0000011E 00                     442 	.db 0x00
    0000011F 00                     443 	.db 0x00
    00000120 00                     444 	.db 0x00
    00000121 00                     445 	.db 0x00
    00000122 00                     446 	.db 0x00
    00000123 00                     447 	.db 0x00
    00000124 00                     448 	.db 0x00
    00000125 00                     449 	.db 0x00
    00000126 00                     450 	.db 0x00
    00000127 00                     451 	.db 0x00
    00000128 00                     452 	.db 0x00
    00000129 00                     453 	.db 0x00
    0000012A 00                     454 	.db 0x00
    0000012B 00                     455 	.db 0x00
    0000012C 00                     456 	.db 0x00
    0000012D 00                     457 	.db 0x00
    0000012E 00                     458 	.db 0x00
    0000012F 00                     459 	.db 0x00
    00000130 00                     460 	.db 0x00
    00000131 00                     461 	.db 0x00
    00000132 00                     462 	.db 0x00
    00000133 00                     463 	.db 0x00
    00000134 00                     464 	.db 0x00
    00000135 00                     465 	.db 0x00
    00000136 00                     466 	.db 0x00
    00000137 00                     467 	.db 0x00
    00000138 00                     468 	.db 0x00
    00000139 00                     469 	.db 0x00
    0000013A 00                     470 	.db 0x00
    0000013B 00                     471 	.db 0x00
    0000013C 00                     472 	.db 0x00
    0000013D 00                     473 	.db 0x00
    0000013E 00                     474 	.db 0x00
    0000013F 00                     475 	.db 0x00
    00000140 00                     476 	.db 0x00
    00000141 00                     477 	.db 0x00
    00000142 00                     478 	.db 0x00
    00000143 00                     479 	.db 0x00
    00000144 00                     480 	.db 0x00
    00000145 00                     481 	.db 0x00
    00000146 00                     482 	.db 0x00
    00000147 00                     483 	.db 0x00
    00000148 00                     484 	.db 0x00
    00000149 00                     485 	.db 0x00
    0000014A 00                     486 	.db 0x00
    0000014B 00                     487 	.db 0x00
    0000014C 00                     488 	.db 0x00
    0000014D 00                     489 	.db 0x00
    0000014E 00                     490 	.db 0x00
    0000014F 00                     491 	.db 0x00
    00000150 00                     492 	.db 0x00
    00000151 00                     493 	.db 0x00
    00000152 00                     494 	.db 0x00
    00000153 00                     495 	.db 0x00
    00000154 00                     496 	.db 0x00
    00000155 00                     497 	.db 0x00
    00000156 00                     498 	.db 0x00
    00000157 00                     499 	.db 0x00
    00000158 00                     500 	.db 0x00
    00000159 00                     501 	.db 0x00
    0000015A 00                     502 	.db 0x00
    0000015B 00                     503 	.db 0x00
    0000015C 00                     504 	.db 0x00
    0000015D 00                     505 	.db 0x00
    0000015E 00                     506 	.db 0x00
    0000015F 00                     507 	.db 0x00
    00000160 00                     508 	.db 0x00
    00000161 00                     509 	.db 0x00
    00000162 00                     510 	.db 0x00
    00000163 00                     511 	.db 0x00
    00000164 00                     512 	.db 0x00
    00000165 00                     513 	.db 0x00
    00000166 00                     514 	.db 0x00
    00000167 00                     515 	.db 0x00
                                    516 	.area _CABS (ABS)
