                                      1 ;--------------------------------------------------------
                                      2 ; File Created by SDCC : free open source ISO C Compiler
                                      3 ; Version 4.5.1 #15267 (Linux)
                                      4 ;--------------------------------------------------------
                                      5 	.module duck
                                      6 	
                                      7 ;--------------------------------------------------------
                                      8 ; Public variables in this module
                                      9 ;--------------------------------------------------------
                                     10 	.globl _duck
                                     11 ;--------------------------------------------------------
                                     12 ; special function registers
                                     13 ;--------------------------------------------------------
                                     14 ;--------------------------------------------------------
                                     15 ; ram data
                                     16 ;--------------------------------------------------------
                                     17 	.area _DATA
                                     18 ;--------------------------------------------------------
                                     19 ; ram data
                                     20 ;--------------------------------------------------------
                                     21 	.area _INITIALIZED
                                     22 ;--------------------------------------------------------
                                     23 ; absolute external ram data
                                     24 ;--------------------------------------------------------
                                     25 	.area _DABS (ABS)
                                     26 ;--------------------------------------------------------
                                     27 ; global & static initialisations
                                     28 ;--------------------------------------------------------
                                     29 	.area _HOME
                                     30 	.area _GSINIT
                                     31 	.area _GSFINAL
                                     32 	.area _GSINIT
                                     33 ;--------------------------------------------------------
                                     34 ; Home
                                     35 ;--------------------------------------------------------
                                     36 	.area _HOME
                                     37 	.area _HOME
                                     38 ;--------------------------------------------------------
                                     39 ; code
                                     40 ;--------------------------------------------------------
                                     41 	.area _CODE
                                     42 	.area _CODE
    00000000                         43 _duck:
    00000000 20                      44 	.db #0x20	; 32
    00000001 00                      45 	.db #0x00	; 0
    00000002 1E                      46 	.db #0x1e	; 30
    00000003 20                      47 	.db #0x20	; 32
    00000004 83                      48 	.db #0x83	; 131
    00000005 1C                      49 	.db #0x1c	; 28
    00000006 7D                      50 	.db #0x7d	; 125
    00000007 82                      51 	.db #0x82	; 130
    00000008 0F                      52 	.db #0x0f	; 15
    00000009 70                      53 	.db #0x70	; 112	'p'
    0000000A 16                      54 	.db #0x16	; 22
    0000000B 09                      55 	.db #0x09	; 9
    0000000C 3E                      56 	.db #0x3e	; 62
    0000000D 01                      57 	.db #0x01	; 1
    0000000E 32                      58 	.db #0x32	; 50	'2'
    0000000F 0D                      59 	.db #0x0d	; 13
    00000010 2F                      60 	.db #0x2f	; 47
    00000011 10                      61 	.db #0x10	; 16
    00000012 29                      62 	.db #0x29	; 41
    00000013 16                      63 	.db #0x16	; 22
    00000014 38                      64 	.db #0x38	; 56	'8'
    00000015 07                      65 	.db #0x07	; 7
    00000016 38                      66 	.db #0x38	; 56	'8'
    00000017 07                      67 	.db #0x07	; 7
    00000018 1E                      68 	.db #0x1e	; 30
    00000019 03                      69 	.db #0x03	; 3
    0000001A 0D                      70 	.db #0x0d	; 13
    0000001B 03                      71 	.db #0x03	; 3
    0000001C 00                      72 	.db #0x00	; 0
    0000001D 01                      73 	.db #0x01	; 1
    0000001E 00                      74 	.db #0x00	; 0
    0000001F 00                      75 	.db #0x00	; 0
    00000020 00                      76 	.db #0x00	; 0
    00000021 00                      77 	.db #0x00	; 0
    00000022 00                      78 	.db #0x00	; 0
    00000023 00                      79 	.db #0x00	; 0
    00000024 C0                      80 	.db #0xc0	; 192
    00000025 00                      81 	.db #0x00	; 0
    00000026 F0                      82 	.db #0xf0	; 240
    00000027 00                      83 	.db #0x00	; 0
    00000028 F8                      84 	.db #0xf8	; 248
    00000029 00                      85 	.db #0x00	; 0
    0000002A 48                      86 	.db #0x48	; 72	'H'
    0000002B B0                      87 	.db #0xb0	; 176
    0000002C DC                      88 	.db #0xdc	; 220
    0000002D B0                      89 	.db #0xb0	; 176
    0000002E DC                      90 	.db #0xdc	; 220
    0000002F B0                      91 	.db #0xb0	; 176
    00000030 FC                      92 	.db #0xfc	; 252
    00000031 00                      93 	.db #0x00	; 0
    00000032 FC                      94 	.db #0xfc	; 252
    00000033 00                      95 	.db #0x00	; 0
    00000034 78                      96 	.db #0x78	; 120	'x'
    00000035 87                      97 	.db #0x87	; 135
    00000036 00                      98 	.db #0x00	; 0
    00000037 FF                      99 	.db #0xff	; 255
    00000038 00                     100 	.db #0x00	; 0
    00000039 FC                     101 	.db #0xfc	; 252
    0000003A E0                     102 	.db #0xe0	; 224
    0000003B E0                     103 	.db #0xe0	; 224
    0000003C 00                     104 	.db #0x00	; 0
    0000003D C0                     105 	.db #0xc0	; 192
    0000003E 00                     106 	.db #0x00	; 0
    0000003F 00                     107 	.db #0x00	; 0
    00000040 00                     108 	.db #0x00	; 0
    00000041 00                     109 	.db #0x00	; 0
    00000042 00                     110 	.db #0x00	; 0
    00000043 00                     111 	.db #0x00	; 0
    00000044 00                     112 	.db #0x00	; 0
    00000045 00                     113 	.db #0x00	; 0
    00000046 00                     114 	.db #0x00	; 0
    00000047 00                     115 	.db #0x00	; 0
    00000048 00                     116 	.db #0x00	; 0
    00000049 00                     117 	.db #0x00	; 0
    0000004A 00                     118 	.db #0x00	; 0
    0000004B 00                     119 	.db #0x00	; 0
    0000004C 00                     120 	.db #0x00	; 0
    0000004D 00                     121 	.db #0x00	; 0
    0000004E 00                     122 	.db #0x00	; 0
    0000004F 00                     123 	.db #0x00	; 0
                                    124 	.area _INITIALIZER
                                    125 	.area _CABS (ABS)
