                                      1 ;--------------------------------------------------------
                                      2 ; File Created by SDCC : free open source ISO C Compiler
                                      3 ; Version 4.5.1 #15267 (Linux)
                                      4 ;--------------------------------------------------------
                                      5 	.module EventManagement
                                      6 	
                                      7 ;--------------------------------------------------------
                                      8 ; Public variables in this module
                                      9 ;--------------------------------------------------------
                                     10 	.globl _player_tileBR_over_a_block
                                     11 	.globl _player_tileBR_over_destination
                                     12 ;--------------------------------------------------------
                                     13 ; special function registers
                                     14 ;--------------------------------------------------------
                                     15 ;--------------------------------------------------------
                                     16 ; ram data
                                     17 ;--------------------------------------------------------
                                     18 	.area _DATA
                                     19 ;--------------------------------------------------------
                                     20 ; ram data
                                     21 ;--------------------------------------------------------
                                     22 	.area _INITIALIZED
                                     23 ;--------------------------------------------------------
                                     24 ; absolute external ram data
                                     25 ;--------------------------------------------------------
                                     26 	.area _DABS (ABS)
                                     27 ;--------------------------------------------------------
                                     28 ; global & static initialisations
                                     29 ;--------------------------------------------------------
                                     30 	.area _HOME
                                     31 	.area _GSINIT
                                     32 	.area _GSFINAL
                                     33 	.area _GSINIT
                                     34 ;--------------------------------------------------------
                                     35 ; Home
                                     36 ;--------------------------------------------------------
                                     37 	.area _HOME
                                     38 	.area _HOME
                                     39 ;--------------------------------------------------------
                                     40 ; code
                                     41 ;--------------------------------------------------------
                                     42 	.area _CODE
                                     43 ;src/EventManagement.c:7: uint8_t player_tileBR_over_a_block(uint16_t tileindexBR){
                                     44 ;	---------------------------------
                                     45 ; Function player_tileBR_over_a_block
                                     46 ; ---------------------------------
    00000000                         47 _player_tileBR_over_a_block::
                                     48 ;src/EventManagement.c:9: if(global_colision_map[tileindexBR]>= RIGHT && global_colision_map[tileindexBR]<=DOWN){
    00000000 21r00r00         [12]   49 	ld	hl, #_global_colision_map
    00000003 19               [ 8]   50 	add	hl, de
    00000004 7E               [ 8]   51 	ld	a, (hl)
    00000005 FE 06            [ 8]   52 	cp	a, #0x06
    00000007 38 03            [12]   53 	jr	C, 00102$
    00000009 FE 0A            [ 8]   54 	cp	a, #0x0a
                                     55 ;src/EventManagement.c:10: return global_colision_map[tileindexBR];
    0000000B D8               [20]   56 	ret	C
    0000000C                         57 00102$:
                                     58 ;src/EventManagement.c:12: return 0;
    0000000C AF               [ 4]   59 	xor	a, a
                                     60 ;src/EventManagement.c:14: }
    0000000D C9               [16]   61 	ret
                                     62 ;src/EventManagement.c:16: uint8_t player_tileBR_over_destination(uint16_t tileindexBR){
                                     63 ;	---------------------------------
                                     64 ; Function player_tileBR_over_destination
                                     65 ; ---------------------------------
    0000000E                         66 _player_tileBR_over_destination::
                                     67 ;src/EventManagement.c:17: if(global_colision_map[tileindexBR] == DESTINATION &&
    0000000E 01r00r00         [12]   68 	ld	bc, #_global_colision_map+0
    00000011 69               [ 4]   69 	ld	l, c
    00000012 60               [ 4]   70 	ld	h, b
    00000013 19               [ 8]   71 	add	hl, de
    00000014 7E               [ 8]   72 	ld	a, (hl)
    00000015 D6 04            [ 8]   73 	sub	a, #0x04
    00000017 20 26            [12]   74 	jr	NZ, 00102$
                                     75 ;src/EventManagement.c:18: global_colision_map[tileindexBR-1] == DESTINATION &&
    00000019 6B               [ 4]   76 	ld	l, e
    0000001A 62               [ 4]   77 	ld	h, d
    0000001B 2B               [ 8]   78 	dec	hl
    0000001C 09               [ 8]   79 	add	hl, bc
    0000001D 7E               [ 8]   80 	ld	a, (hl)
    0000001E D6 04            [ 8]   81 	sub	a, #0x04
    00000020 20 1D            [12]   82 	jr	NZ, 00102$
                                     83 ;src/EventManagement.c:19: global_colision_map[tileindexBR-20] == DESTINATION &&
    00000022 7B               [ 4]   84 	ld	a, e
    00000023 C6 EC            [ 8]   85 	add	a, #0xec
    00000025 6F               [ 4]   86 	ld	l, a
    00000026 7A               [ 4]   87 	ld	a, d
    00000027 CE FF            [ 8]   88 	adc	a, #0xff
    00000029 67               [ 4]   89 	ld	h, a
    0000002A 09               [ 8]   90 	add	hl, bc
    0000002B 7E               [ 8]   91 	ld	a, (hl)
    0000002C D6 04            [ 8]   92 	sub	a, #0x04
    0000002E 20 0F            [12]   93 	jr	NZ, 00102$
                                     94 ;src/EventManagement.c:20: global_colision_map[tileindexBR-21] == DESTINATION){
    00000030 7B               [ 4]   95 	ld	a, e
    00000031 C6 EB            [ 8]   96 	add	a, #0xeb
    00000033 6F               [ 4]   97 	ld	l, a
    00000034 7A               [ 4]   98 	ld	a, d
    00000035 CE FF            [ 8]   99 	adc	a, #0xff
    00000037 67               [ 4]  100 	ld	h, a
    00000038 09               [ 8]  101 	add	hl, bc
    00000039 7E               [ 8]  102 	ld	a, (hl)
    0000003A D6 04            [ 8]  103 	sub	a, #0x04
                                    104 ;src/EventManagement.c:21: return 1;
                                    105 ;src/EventManagement.c:23: return 0;
    0000003C 3E 01            [ 8]  106 	ld	a, #0x01
    0000003E C8               [20]  107 	ret	Z
    0000003F                        108 00102$:
    0000003F AF               [ 4]  109 	xor	a, a
                                    110 ;src/EventManagement.c:25: }
    00000040 C9               [16]  111 	ret
                                    112 	.area _CODE
                                    113 	.area _INITIALIZER
                                    114 	.area _CABS (ABS)
