                                      1 ;--------------------------------------------------------
                                      2 ; File Created by SDCC : free open source ISO C Compiler
                                      3 ; Version 4.5.1 #15267 (Linux)
                                      4 ;--------------------------------------------------------
                                      5 	.module hud_tiles
                                      6 	
                                      7 ;--------------------------------------------------------
                                      8 ; Public variables in this module
                                      9 ;--------------------------------------------------------
                                     10 	.globl _hud_tiles
                                     11 ;--------------------------------------------------------
                                     12 ; special function registers
                                     13 ;--------------------------------------------------------
                                     14 ;--------------------------------------------------------
                                     15 ; ram data
                                     16 ;--------------------------------------------------------
                                     17 	.area _DATA
                                     18 ;--------------------------------------------------------
                                     19 ; ram data
                                     20 ;--------------------------------------------------------
                                     21 	.area _INITIALIZED
                                     22 ;--------------------------------------------------------
                                     23 ; absolute external ram data
                                     24 ;--------------------------------------------------------
                                     25 	.area _DABS (ABS)
                                     26 ;--------------------------------------------------------
                                     27 ; global & static initialisations
                                     28 ;--------------------------------------------------------
                                     29 	.area _HOME
                                     30 	.area _GSINIT
                                     31 	.area _GSFINAL
                                     32 	.area _GSINIT
                                     33 ;--------------------------------------------------------
                                     34 ; Home
                                     35 ;--------------------------------------------------------
                                     36 	.area _HOME
                                     37 	.area _HOME
                                     38 ;--------------------------------------------------------
                                     39 ; code
                                     40 ;--------------------------------------------------------
                                     41 	.area _CODE
                                     42 	.area _CODE
    00000000                         43 _hud_tiles:
    00000000 00                      44 	.db #0x00	; 0
    00000001 00                      45 	.db #0x00	; 0
    00000002 00                      46 	.db #0x00	; 0
    00000003 00                      47 	.db #0x00	; 0
    00000004 00                      48 	.db #0x00	; 0
    00000005 00                      49 	.db #0x00	; 0
    00000006 00                      50 	.db #0x00	; 0
    00000007 00                      51 	.db #0x00	; 0
    00000008 00                      52 	.db #0x00	; 0
    00000009 00                      53 	.db #0x00	; 0
    0000000A 00                      54 	.db #0x00	; 0
    0000000B 00                      55 	.db #0x00	; 0
    0000000C 00                      56 	.db #0x00	; 0
    0000000D 00                      57 	.db #0x00	; 0
    0000000E 00                      58 	.db #0x00	; 0
    0000000F 00                      59 	.db #0x00	; 0
    00000010 00                      60 	.db #0x00	; 0
    00000011 00                      61 	.db #0x00	; 0
    00000012 18                      62 	.db #0x18	; 24
    00000013 18                      63 	.db #0x18	; 24
    00000014 24                      64 	.db #0x24	; 36
    00000015 24                      65 	.db #0x24	; 36
    00000016 2C                      66 	.db #0x2c	; 44
    00000017 2C                      67 	.db #0x2c	; 44
    00000018 34                      68 	.db #0x34	; 52	'4'
    00000019 34                      69 	.db #0x34	; 52	'4'
    0000001A 24                      70 	.db #0x24	; 36
    0000001B 24                      71 	.db #0x24	; 36
    0000001C 18                      72 	.db #0x18	; 24
    0000001D 18                      73 	.db #0x18	; 24
    0000001E 00                      74 	.db #0x00	; 0
    0000001F 00                      75 	.db #0x00	; 0
    00000020 00                      76 	.db #0x00	; 0
    00000021 00                      77 	.db #0x00	; 0
    00000022 08                      78 	.db #0x08	; 8
    00000023 08                      79 	.db #0x08	; 8
    00000024 18                      80 	.db #0x18	; 24
    00000025 18                      81 	.db #0x18	; 24
    00000026 08                      82 	.db #0x08	; 8
    00000027 08                      83 	.db #0x08	; 8
    00000028 08                      84 	.db #0x08	; 8
    00000029 08                      85 	.db #0x08	; 8
    0000002A 08                      86 	.db #0x08	; 8
    0000002B 08                      87 	.db #0x08	; 8
    0000002C 1C                      88 	.db #0x1c	; 28
    0000002D 1C                      89 	.db #0x1c	; 28
    0000002E 00                      90 	.db #0x00	; 0
    0000002F 00                      91 	.db #0x00	; 0
    00000030 00                      92 	.db #0x00	; 0
    00000031 00                      93 	.db #0x00	; 0
    00000032 3C                      94 	.db #0x3c	; 60
    00000033 3C                      95 	.db #0x3c	; 60
    00000034 24                      96 	.db #0x24	; 36
    00000035 24                      97 	.db #0x24	; 36
    00000036 04                      98 	.db #0x04	; 4
    00000037 04                      99 	.db #0x04	; 4
    00000038 08                     100 	.db #0x08	; 8
    00000039 08                     101 	.db #0x08	; 8
    0000003A 10                     102 	.db #0x10	; 16
    0000003B 10                     103 	.db #0x10	; 16
    0000003C 3C                     104 	.db #0x3c	; 60
    0000003D 3C                     105 	.db #0x3c	; 60
    0000003E 00                     106 	.db #0x00	; 0
    0000003F 00                     107 	.db #0x00	; 0
    00000040 00                     108 	.db #0x00	; 0
    00000041 00                     109 	.db #0x00	; 0
    00000042 3C                     110 	.db #0x3c	; 60
    00000043 3C                     111 	.db #0x3c	; 60
    00000044 04                     112 	.db #0x04	; 4
    00000045 04                     113 	.db #0x04	; 4
    00000046 08                     114 	.db #0x08	; 8
    00000047 08                     115 	.db #0x08	; 8
    00000048 1C                     116 	.db #0x1c	; 28
    00000049 1C                     117 	.db #0x1c	; 28
    0000004A 04                     118 	.db #0x04	; 4
    0000004B 04                     119 	.db #0x04	; 4
    0000004C 3C                     120 	.db #0x3c	; 60
    0000004D 3C                     121 	.db #0x3c	; 60
    0000004E 00                     122 	.db #0x00	; 0
    0000004F 00                     123 	.db #0x00	; 0
    00000050 00                     124 	.db #0x00	; 0
    00000051 00                     125 	.db #0x00	; 0
    00000052 0C                     126 	.db #0x0c	; 12
    00000053 0C                     127 	.db #0x0c	; 12
    00000054 14                     128 	.db #0x14	; 20
    00000055 14                     129 	.db #0x14	; 20
    00000056 24                     130 	.db #0x24	; 36
    00000057 24                     131 	.db #0x24	; 36
    00000058 3C                     132 	.db #0x3c	; 60
    00000059 3C                     133 	.db #0x3c	; 60
    0000005A 04                     134 	.db #0x04	; 4
    0000005B 04                     135 	.db #0x04	; 4
    0000005C 04                     136 	.db #0x04	; 4
    0000005D 04                     137 	.db #0x04	; 4
    0000005E 00                     138 	.db #0x00	; 0
    0000005F 00                     139 	.db #0x00	; 0
    00000060 00                     140 	.db #0x00	; 0
    00000061 00                     141 	.db #0x00	; 0
    00000062 3C                     142 	.db #0x3c	; 60
    00000063 3C                     143 	.db #0x3c	; 60
    00000064 20                     144 	.db #0x20	; 32
    00000065 20                     145 	.db #0x20	; 32
    00000066 38                     146 	.db #0x38	; 56	'8'
    00000067 38                     147 	.db #0x38	; 56	'8'
    00000068 04                     148 	.db #0x04	; 4
    00000069 04                     149 	.db #0x04	; 4
    0000006A 04                     150 	.db #0x04	; 4
    0000006B 04                     151 	.db #0x04	; 4
    0000006C 38                     152 	.db #0x38	; 56	'8'
    0000006D 38                     153 	.db #0x38	; 56	'8'
    0000006E 00                     154 	.db #0x00	; 0
    0000006F 00                     155 	.db #0x00	; 0
    00000070 00                     156 	.db #0x00	; 0
    00000071 00                     157 	.db #0x00	; 0
    00000072 18                     158 	.db #0x18	; 24
    00000073 18                     159 	.db #0x18	; 24
    00000074 20                     160 	.db #0x20	; 32
    00000075 20                     161 	.db #0x20	; 32
    00000076 38                     162 	.db #0x38	; 56	'8'
    00000077 38                     163 	.db #0x38	; 56	'8'
    00000078 24                     164 	.db #0x24	; 36
    00000079 24                     165 	.db #0x24	; 36
    0000007A 24                     166 	.db #0x24	; 36
    0000007B 24                     167 	.db #0x24	; 36
    0000007C 18                     168 	.db #0x18	; 24
    0000007D 18                     169 	.db #0x18	; 24
    0000007E 00                     170 	.db #0x00	; 0
    0000007F 00                     171 	.db #0x00	; 0
    00000080 00                     172 	.db #0x00	; 0
    00000081 00                     173 	.db #0x00	; 0
    00000082 3C                     174 	.db #0x3c	; 60
    00000083 3C                     175 	.db #0x3c	; 60
    00000084 04                     176 	.db #0x04	; 4
    00000085 04                     177 	.db #0x04	; 4
    00000086 3C                     178 	.db #0x3c	; 60
    00000087 3C                     179 	.db #0x3c	; 60
    00000088 08                     180 	.db #0x08	; 8
    00000089 08                     181 	.db #0x08	; 8
    0000008A 10                     182 	.db #0x10	; 16
    0000008B 10                     183 	.db #0x10	; 16
    0000008C 20                     184 	.db #0x20	; 32
    0000008D 20                     185 	.db #0x20	; 32
    0000008E 00                     186 	.db #0x00	; 0
    0000008F 00                     187 	.db #0x00	; 0
    00000090 00                     188 	.db #0x00	; 0
    00000091 00                     189 	.db #0x00	; 0
    00000092 18                     190 	.db #0x18	; 24
    00000093 18                     191 	.db #0x18	; 24
    00000094 24                     192 	.db #0x24	; 36
    00000095 24                     193 	.db #0x24	; 36
    00000096 18                     194 	.db #0x18	; 24
    00000097 18                     195 	.db #0x18	; 24
    00000098 24                     196 	.db #0x24	; 36
    00000099 24                     197 	.db #0x24	; 36
    0000009A 24                     198 	.db #0x24	; 36
    0000009B 24                     199 	.db #0x24	; 36
    0000009C 18                     200 	.db #0x18	; 24
    0000009D 18                     201 	.db #0x18	; 24
    0000009E 00                     202 	.db #0x00	; 0
    0000009F 00                     203 	.db #0x00	; 0
    000000A0 00                     204 	.db #0x00	; 0
    000000A1 00                     205 	.db #0x00	; 0
    000000A2 18                     206 	.db #0x18	; 24
    000000A3 18                     207 	.db #0x18	; 24
    000000A4 24                     208 	.db #0x24	; 36
    000000A5 24                     209 	.db #0x24	; 36
    000000A6 24                     210 	.db #0x24	; 36
    000000A7 24                     211 	.db #0x24	; 36
    000000A8 1C                     212 	.db #0x1c	; 28
    000000A9 1C                     213 	.db #0x1c	; 28
    000000AA 04                     214 	.db #0x04	; 4
    000000AB 04                     215 	.db #0x04	; 4
    000000AC 18                     216 	.db #0x18	; 24
    000000AD 18                     217 	.db #0x18	; 24
    000000AE 00                     218 	.db #0x00	; 0
    000000AF 00                     219 	.db #0x00	; 0
    000000B0 00                     220 	.db #0x00	; 0
    000000B1 00                     221 	.db #0x00	; 0
    000000B2 08                     222 	.db #0x08	; 8
    000000B3 08                     223 	.db #0x08	; 8
    000000B4 0C                     224 	.db #0x0c	; 12
    000000B5 0C                     225 	.db #0x0c	; 12
    000000B6 7E                     226 	.db #0x7e	; 126
    000000B7 7E                     227 	.db #0x7e	; 126
    000000B8 7E                     228 	.db #0x7e	; 126
    000000B9 7E                     229 	.db #0x7e	; 126
    000000BA 0C                     230 	.db #0x0c	; 12
    000000BB 0C                     231 	.db #0x0c	; 12
    000000BC 08                     232 	.db #0x08	; 8
    000000BD 08                     233 	.db #0x08	; 8
    000000BE 00                     234 	.db #0x00	; 0
    000000BF 00                     235 	.db #0x00	; 0
    000000C0 00                     236 	.db #0x00	; 0
    000000C1 00                     237 	.db #0x00	; 0
    000000C2 10                     238 	.db #0x10	; 16
    000000C3 10                     239 	.db #0x10	; 16
    000000C4 30                     240 	.db #0x30	; 48	'0'
    000000C5 30                     241 	.db #0x30	; 48	'0'
    000000C6 7E                     242 	.db #0x7e	; 126
    000000C7 7E                     243 	.db #0x7e	; 126
    000000C8 7E                     244 	.db #0x7e	; 126
    000000C9 7E                     245 	.db #0x7e	; 126
    000000CA 30                     246 	.db #0x30	; 48	'0'
    000000CB 30                     247 	.db #0x30	; 48	'0'
    000000CC 10                     248 	.db #0x10	; 16
    000000CD 10                     249 	.db #0x10	; 16
    000000CE 00                     250 	.db #0x00	; 0
    000000CF 00                     251 	.db #0x00	; 0
    000000D0 00                     252 	.db #0x00	; 0
    000000D1 00                     253 	.db #0x00	; 0
    000000D2 18                     254 	.db #0x18	; 24
    000000D3 18                     255 	.db #0x18	; 24
    000000D4 3C                     256 	.db #0x3c	; 60
    000000D5 3C                     257 	.db #0x3c	; 60
    000000D6 7E                     258 	.db #0x7e	; 126
    000000D7 7E                     259 	.db #0x7e	; 126
    000000D8 18                     260 	.db #0x18	; 24
    000000D9 18                     261 	.db #0x18	; 24
    000000DA 18                     262 	.db #0x18	; 24
    000000DB 18                     263 	.db #0x18	; 24
    000000DC 18                     264 	.db #0x18	; 24
    000000DD 18                     265 	.db #0x18	; 24
    000000DE 00                     266 	.db #0x00	; 0
    000000DF 00                     267 	.db #0x00	; 0
    000000E0 00                     268 	.db #0x00	; 0
    000000E1 00                     269 	.db #0x00	; 0
    000000E2 18                     270 	.db #0x18	; 24
    000000E3 18                     271 	.db #0x18	; 24
    000000E4 18                     272 	.db #0x18	; 24
    000000E5 18                     273 	.db #0x18	; 24
    000000E6 18                     274 	.db #0x18	; 24
    000000E7 18                     275 	.db #0x18	; 24
    000000E8 7E                     276 	.db #0x7e	; 126
    000000E9 7E                     277 	.db #0x7e	; 126
    000000EA 3C                     278 	.db #0x3c	; 60
    000000EB 3C                     279 	.db #0x3c	; 60
    000000EC 18                     280 	.db #0x18	; 24
    000000ED 18                     281 	.db #0x18	; 24
    000000EE 00                     282 	.db #0x00	; 0
    000000EF 00                     283 	.db #0x00	; 0
    000000F0 00                     284 	.db #0x00	; 0
    000000F1 00                     285 	.db #0x00	; 0
    000000F2 1C                     286 	.db #0x1c	; 28
    000000F3 1C                     287 	.db #0x1c	; 28
    000000F4 26                     288 	.db #0x26	; 38
    000000F5 26                     289 	.db #0x26	; 38
    000000F6 02                     290 	.db #0x02	; 2
    000000F7 02                     291 	.db #0x02	; 2
    000000F8 72                     292 	.db #0x72	; 114	'r'
    000000F9 72                     293 	.db #0x72	; 114	'r'
    000000FA 66                     294 	.db #0x66	; 102	'f'
    000000FB 66                     295 	.db #0x66	; 102	'f'
    000000FC 5C                     296 	.db #0x5c	; 92
    000000FD 5C                     297 	.db #0x5c	; 92
    000000FE 00                     298 	.db #0x00	; 0
    000000FF 00                     299 	.db #0x00	; 0
    00000100 00                     300 	.db #0x00	; 0
    00000101 00                     301 	.db #0x00	; 0
    00000102 38                     302 	.db #0x38	; 56	'8'
    00000103 38                     303 	.db #0x38	; 56	'8'
    00000104 64                     304 	.db #0x64	; 100	'd'
    00000105 64                     305 	.db #0x64	; 100	'd'
    00000106 40                     306 	.db #0x40	; 64
    00000107 40                     307 	.db #0x40	; 64
    00000108 4E                     308 	.db #0x4e	; 78	'N'
    00000109 4E                     309 	.db #0x4e	; 78	'N'
    0000010A 66                     310 	.db #0x66	; 102	'f'
    0000010B 66                     311 	.db #0x66	; 102	'f'
    0000010C 3A                     312 	.db #0x3a	; 58
    0000010D 3A                     313 	.db #0x3a	; 58
    0000010E 00                     314 	.db #0x00	; 0
    0000010F 00                     315 	.db #0x00	; 0
    00000110 00                     316 	.db #0x00	; 0
    00000111 00                     317 	.db #0x00	; 0
    00000112 04                     318 	.db #0x04	; 4
    00000113 04                     319 	.db #0x04	; 4
    00000114 3E                     320 	.db #0x3e	; 62
    00000115 3E                     321 	.db #0x3e	; 62
    00000116 24                     322 	.db #0x24	; 36
    00000117 24                     323 	.db #0x24	; 36
    00000118 20                     324 	.db #0x20	; 32
    00000119 20                     325 	.db #0x20	; 32
    0000011A 70                     326 	.db #0x70	; 112	'p'
    0000011B 70                     327 	.db #0x70	; 112	'p'
    0000011C 20                     328 	.db #0x20	; 32
    0000011D 20                     329 	.db #0x20	; 32
    0000011E 00                     330 	.db #0x00	; 0
    0000011F 00                     331 	.db #0x00	; 0
    00000120 00                     332 	.db #0x00	; 0
    00000121 00                     333 	.db #0x00	; 0
    00000122 20                     334 	.db #0x20	; 32
    00000123 20                     335 	.db #0x20	; 32
    00000124 7C                     336 	.db #0x7c	; 124
    00000125 7C                     337 	.db #0x7c	; 124
    00000126 24                     338 	.db #0x24	; 36
    00000127 24                     339 	.db #0x24	; 36
    00000128 04                     340 	.db #0x04	; 4
    00000129 04                     341 	.db #0x04	; 4
    0000012A 0E                     342 	.db #0x0e	; 14
    0000012B 0E                     343 	.db #0x0e	; 14
    0000012C 04                     344 	.db #0x04	; 4
    0000012D 04                     345 	.db #0x04	; 4
    0000012E 00                     346 	.db #0x00	; 0
    0000012F 00                     347 	.db #0x00	; 0
    00000130 00                     348 	.db #0x00	; 0
    00000131 00                     349 	.db #0x00	; 0
    00000132 18                     350 	.db #0x18	; 24
    00000133 18                     351 	.db #0x18	; 24
    00000134 24                     352 	.db #0x24	; 36
    00000135 24                     353 	.db #0x24	; 36
    00000136 18                     354 	.db #0x18	; 24
    00000137 18                     355 	.db #0x18	; 24
    00000138 10                     356 	.db #0x10	; 16
    00000139 10                     357 	.db #0x10	; 16
    0000013A 18                     358 	.db #0x18	; 24
    0000013B 18                     359 	.db #0x18	; 24
    0000013C 10                     360 	.db #0x10	; 16
    0000013D 10                     361 	.db #0x10	; 16
    0000013E 00                     362 	.db #0x00	; 0
    0000013F 00                     363 	.db #0x00	; 0
    00000140 00                     364 	.db #0x00	; 0
    00000141 00                     365 	.db #0x00	; 0
    00000142 18                     366 	.db #0x18	; 24
    00000143 18                     367 	.db #0x18	; 24
    00000144 18                     368 	.db #0x18	; 24
    00000145 18                     369 	.db #0x18	; 24
    00000146 00                     370 	.db #0x00	; 0
    00000147 00                     371 	.db #0x00	; 0
    00000148 00                     372 	.db #0x00	; 0
    00000149 00                     373 	.db #0x00	; 0
    0000014A 18                     374 	.db #0x18	; 24
    0000014B 18                     375 	.db #0x18	; 24
    0000014C 18                     376 	.db #0x18	; 24
    0000014D 18                     377 	.db #0x18	; 24
    0000014E 00                     378 	.db #0x00	; 0
    0000014F 00                     379 	.db #0x00	; 0
    00000150 FF                     380 	.db #0xff	; 255
    00000151 00                     381 	.db #0x00	; 0
    00000152 C0                     382 	.db #0xc0	; 192
    00000153 3F                     383 	.db #0x3f	; 63
    00000154 BF                     384 	.db #0xbf	; 191
    00000155 7F                     385 	.db #0x7f	; 127
    00000156 A0                     386 	.db #0xa0	; 160
    00000157 7F                     387 	.db #0x7f	; 127
    00000158 A7                     388 	.db #0xa7	; 167
    00000159 78                     389 	.db #0x78	; 120	'x'
    0000015A AC                     390 	.db #0xac	; 172
    0000015B 70                     391 	.db #0x70	; 112	'p'
    0000015C A8                     392 	.db #0xa8	; 168
    0000015D 70                     393 	.db #0x70	; 112	'p'
    0000015E A8                     394 	.db #0xa8	; 168
    0000015F 70                     395 	.db #0x70	; 112	'p'
    00000160 FF                     396 	.db #0xff	; 255
    00000161 00                     397 	.db #0x00	; 0
    00000162 03                     398 	.db #0x03	; 3
    00000163 FC                     399 	.db #0xfc	; 252
    00000164 FD                     400 	.db #0xfd	; 253
    00000165 FE                     401 	.db #0xfe	; 254
    00000166 05                     402 	.db #0x05	; 5
    00000167 FE                     403 	.db #0xfe	; 254
    00000168 E5                     404 	.db #0xe5	; 229
    00000169 1E                     405 	.db #0x1e	; 30
    0000016A 35                     406 	.db #0x35	; 53	'5'
    0000016B 0E                     407 	.db #0x0e	; 14
    0000016C 15                     408 	.db #0x15	; 21
    0000016D 0E                     409 	.db #0x0e	; 14
    0000016E 15                     410 	.db #0x15	; 21
    0000016F 0E                     411 	.db #0x0e	; 14
    00000170 FF                     412 	.db #0xff	; 255
    00000171 00                     413 	.db #0x00	; 0
    00000172 00                     414 	.db #0x00	; 0
    00000173 FF                     415 	.db #0xff	; 255
    00000174 FF                     416 	.db #0xff	; 255
    00000175 FF                     417 	.db #0xff	; 255
    00000176 00                     418 	.db #0x00	; 0
    00000177 FF                     419 	.db #0xff	; 255
    00000178 FF                     420 	.db #0xff	; 255
    00000179 00                     421 	.db #0x00	; 0
    0000017A 00                     422 	.db #0x00	; 0
    0000017B 00                     423 	.db #0x00	; 0
    0000017C 00                     424 	.db #0x00	; 0
    0000017D 00                     425 	.db #0x00	; 0
    0000017E 00                     426 	.db #0x00	; 0
    0000017F 00                     427 	.db #0x00	; 0
    00000180 15                     428 	.db #0x15	; 21
    00000181 0E                     429 	.db #0x0e	; 14
    00000182 15                     430 	.db #0x15	; 21
    00000183 0E                     431 	.db #0x0e	; 14
    00000184 15                     432 	.db #0x15	; 21
    00000185 0E                     433 	.db #0x0e	; 14
    00000186 15                     434 	.db #0x15	; 21
    00000187 0E                     435 	.db #0x0e	; 14
    00000188 15                     436 	.db #0x15	; 21
    00000189 0E                     437 	.db #0x0e	; 14
    0000018A 15                     438 	.db #0x15	; 21
    0000018B 0E                     439 	.db #0x0e	; 14
    0000018C 15                     440 	.db #0x15	; 21
    0000018D 0E                     441 	.db #0x0e	; 14
    0000018E 15                     442 	.db #0x15	; 21
    0000018F 0E                     443 	.db #0x0e	; 14
    00000190 A8                     444 	.db #0xa8	; 168
    00000191 70                     445 	.db #0x70	; 112	'p'
    00000192 A8                     446 	.db #0xa8	; 168
    00000193 70                     447 	.db #0x70	; 112	'p'
    00000194 A8                     448 	.db #0xa8	; 168
    00000195 70                     449 	.db #0x70	; 112	'p'
    00000196 A8                     450 	.db #0xa8	; 168
    00000197 70                     451 	.db #0x70	; 112	'p'
    00000198 A8                     452 	.db #0xa8	; 168
    00000199 70                     453 	.db #0x70	; 112	'p'
    0000019A A8                     454 	.db #0xa8	; 168
    0000019B 70                     455 	.db #0x70	; 112	'p'
    0000019C A8                     456 	.db #0xa8	; 168
    0000019D 70                     457 	.db #0x70	; 112	'p'
    0000019E A8                     458 	.db #0xa8	; 168
    0000019F 70                     459 	.db #0x70	; 112	'p'
    000001A0 A8                     460 	.db #0xa8	; 168
    000001A1 70                     461 	.db #0x70	; 112	'p'
    000001A2 4E                     462 	.db #0x4e	; 78	'N'
    000001A3 F0                     463 	.db #0xf0	; 240
    000001A4 53                     464 	.db #0x53	; 83	'S'
    000001A5 EC                     465 	.db #0xec	; 236
    000001A6 BD                     466 	.db #0xbd	; 189
    000001A7 DE                     467 	.db #0xde	; 222
    000001A8 BD                     468 	.db #0xbd	; 189
    000001A9 DE                     469 	.db #0xde	; 222
    000001AA BD                     470 	.db #0xbd	; 189
    000001AB DE                     471 	.db #0xde	; 222
    000001AC 53                     472 	.db #0x53	; 83	'S'
    000001AD EC                     473 	.db #0xec	; 236
    000001AE 4E                     474 	.db #0x4e	; 78	'N'
    000001AF F0                     475 	.db #0xf0	; 240
    000001B0 A8                     476 	.db #0xa8	; 168
    000001B1 70                     477 	.db #0x70	; 112	'p'
    000001B2 4E                     478 	.db #0x4e	; 78	'N'
    000001B3 F0                     479 	.db #0xf0	; 240
    000001B4 53                     480 	.db #0x53	; 83	'S'
    000001B5 EC                     481 	.db #0xec	; 236
    000001B6 A1                     482 	.db #0xa1	; 161
    000001B7 C2                     483 	.db #0xc2	; 194
    000001B8 A1                     484 	.db #0xa1	; 161
    000001B9 C2                     485 	.db #0xc2	; 194
    000001BA A1                     486 	.db #0xa1	; 161
    000001BB C2                     487 	.db #0xc2	; 194
    000001BC 53                     488 	.db #0x53	; 83	'S'
    000001BD EC                     489 	.db #0xec	; 236
    000001BE 4E                     490 	.db #0x4e	; 78	'N'
    000001BF F0                     491 	.db #0xf0	; 240
    000001C0 00                     492 	.db #0x00	; 0
    000001C1 00                     493 	.db #0x00	; 0
    000001C2 00                     494 	.db #0x00	; 0
    000001C3 00                     495 	.db #0x00	; 0
    000001C4 00                     496 	.db #0x00	; 0
    000001C5 00                     497 	.db #0x00	; 0
    000001C6 00                     498 	.db #0x00	; 0
    000001C7 00                     499 	.db #0x00	; 0
    000001C8 00                     500 	.db #0x00	; 0
    000001C9 00                     501 	.db #0x00	; 0
    000001CA 00                     502 	.db #0x00	; 0
    000001CB 00                     503 	.db #0x00	; 0
    000001CC 00                     504 	.db #0x00	; 0
    000001CD 00                     505 	.db #0x00	; 0
    000001CE 00                     506 	.db #0x00	; 0
    000001CF 00                     507 	.db #0x00	; 0
                                    508 	.area _INITIALIZER
                                    509 	.area _CABS (ABS)
