                                      1 ;--------------------------------------------------------
                                      2 ; File Created by SDCC : free open source ISO C Compiler
                                      3 ; Version 4.5.1 #15267 (Linux)
                                      4 ;--------------------------------------------------------
                                      5 	.module hud_selector
                                      6 	
                                      7 ;--------------------------------------------------------
                                      8 ; Public variables in this module
                                      9 ;--------------------------------------------------------
                                     10 	.globl _hud_selector
                                     11 ;--------------------------------------------------------
                                     12 ; special function registers
                                     13 ;--------------------------------------------------------
                                     14 ;--------------------------------------------------------
                                     15 ; ram data
                                     16 ;--------------------------------------------------------
                                     17 	.area _DATA
                                     18 ;--------------------------------------------------------
                                     19 ; ram data
                                     20 ;--------------------------------------------------------
                                     21 	.area _INITIALIZED
                                     22 ;--------------------------------------------------------
                                     23 ; absolute external ram data
                                     24 ;--------------------------------------------------------
                                     25 	.area _DABS (ABS)
                                     26 ;--------------------------------------------------------
                                     27 ; global & static initialisations
                                     28 ;--------------------------------------------------------
                                     29 	.area _HOME
                                     30 	.area _GSINIT
                                     31 	.area _GSFINAL
                                     32 	.area _GSINIT
                                     33 ;--------------------------------------------------------
                                     34 ; Home
                                     35 ;--------------------------------------------------------
                                     36 	.area _HOME
                                     37 	.area _HOME
                                     38 ;--------------------------------------------------------
                                     39 ; code
                                     40 ;--------------------------------------------------------
                                     41 	.area _CODE
                                     42 	.area _CODE
    00000000                         43 _hud_selector:
    00000000 79                      44 	.db #0x79	; 121	'y'
    00000001 7A                      45 	.db #0x7a	; 122	'z'
    00000002 7A                      46 	.db #0x7a	; 122	'z'
    00000003 7A                      47 	.db #0x7a	; 122	'z'
    00000004 7A                      48 	.db #0x7a	; 122	'z'
    00000005 7A                      49 	.db #0x7a	; 122	'z'
    00000006 7A                      50 	.db #0x7a	; 122	'z'
    00000007 7A                      51 	.db #0x7a	; 122	'z'
    00000008 7A                      52 	.db #0x7a	; 122	'z'
    00000009 7B                      53 	.db #0x7b	; 123
    0000000A 79                      54 	.db #0x79	; 121	'y'
    0000000B 7A                      55 	.db #0x7a	; 122	'z'
    0000000C 7A                      56 	.db #0x7a	; 122	'z'
    0000000D 7A                      57 	.db #0x7a	; 122	'z'
    0000000E 7A                      58 	.db #0x7a	; 122	'z'
    0000000F 7A                      59 	.db #0x7a	; 122	'z'
    00000010 7A                      60 	.db #0x7a	; 122	'z'
    00000011 7A                      61 	.db #0x7a	; 122	'z'
    00000012 7A                      62 	.db #0x7a	; 122	'z'
    00000013 7B                      63 	.db #0x7b	; 123
    00000014 7D                      64 	.db #0x7d	; 125
    00000015 73                      65 	.db #0x73	; 115	's'
    00000016 78                      66 	.db #0x78	; 120	'x'
    00000017 72                      67 	.db #0x72	; 114	'r'
    00000018 68                      68 	.db #0x68	; 104	'h'
    00000019 75                      69 	.db #0x75	; 117	'u'
    0000001A 78                      70 	.db #0x78	; 120	'x'
    0000001B 72                      71 	.db #0x72	; 114	'r'
    0000001C 68                      72 	.db #0x68	; 104	'h'
    0000001D 7C                      73 	.db #0x7c	; 124
    0000001E 7D                      74 	.db #0x7d	; 125
    0000001F 68                      75 	.db #0x68	; 104	'h'
    00000020 68                      76 	.db #0x68	; 104	'h'
    00000021 68                      77 	.db #0x68	; 104	'h'
    00000022 68                      78 	.db #0x68	; 104	'h'
    00000023 68                      79 	.db #0x68	; 104	'h'
    00000024 77                      80 	.db #0x77	; 119	'w'
    00000025 78                      81 	.db #0x78	; 120	'x'
    00000026 72                      82 	.db #0x72	; 114	'r'
    00000027 7C                      83 	.db #0x7c	; 124
    00000028 7D                      84 	.db #0x7d	; 125
    00000029 74                      85 	.db #0x74	; 116	't'
    0000002A 78                      86 	.db #0x78	; 120	'x'
    0000002B 72                      87 	.db #0x72	; 114	'r'
    0000002C 68                      88 	.db #0x68	; 104	'h'
    0000002D 76                      89 	.db #0x76	; 118	'v'
    0000002E 78                      90 	.db #0x78	; 120	'x'
    0000002F 72                      91 	.db #0x72	; 114	'r'
    00000030 68                      92 	.db #0x68	; 104	'h'
    00000031 7C                      93 	.db #0x7c	; 124
    00000032 7D                      94 	.db #0x7d	; 125
    00000033 68                      95 	.db #0x68	; 104	'h'
    00000034 68                      96 	.db #0x68	; 104	'h'
    00000035 68                      97 	.db #0x68	; 104	'h'
    00000036 68                      98 	.db #0x68	; 104	'h'
    00000037 68                      99 	.db #0x68	; 104	'h'
    00000038 68                     100 	.db #0x68	; 104	'h'
    00000039 68                     101 	.db #0x68	; 104	'h'
    0000003A 68                     102 	.db #0x68	; 104	'h'
    0000003B 7C                     103 	.db #0x7c	; 124
                                    104 	.area _INITIALIZER
                                    105 	.area _CABS (ABS)
