                                      1 ;--------------------------------------------------------
                                      2 ; File Created by SDCC : free open source ISO C Compiler
                                      3 ; Version 4.5.1 #15267 (Linux)
                                      4 ;--------------------------------------------------------
                                      5 	.module LevelLogic
                                      6 	
                                      7 ;--------------------------------------------------------
                                      8 ; Public variables in this module
                                      9 ;--------------------------------------------------------
                                     10 	.globl _global_levels_array
                                     11 	.globl _global_selected_block
                                     12 	.globl _global_blocks_available
                                     13 	.globl _global_colision_map
                                     14 	.globl _global_init_point
                                     15 	.globl _global_events
                                     16 	.globl _global_game_state
                                     17 	.globl _init_level
                                     18 	.globl _update_game_state
                                     19 	.globl _get_colision_from_map
                                     20 	.globl _read_global_object_info_from_map
                                     21 	.globl _read_global_block_info_from_map
                                     22 	.globl _change_colision_map_at
                                     23 	.globl _change_colision_map_BR
                                     24 	.globl _check_colision_of_sprites
                                     25 	.globl _get_init_point_from_map
                                     26 	.globl _move_foward_block_id
                                     27 ;--------------------------------------------------------
                                     28 ; special function registers
                                     29 ;--------------------------------------------------------
                                     30 ;--------------------------------------------------------
                                     31 ; ram data
                                     32 ;--------------------------------------------------------
                                     33 	.area _DATA
    00000000                         34 _global_game_state::
    00000000                         35 	.ds 1
    00000001                         36 _global_events::
    00000001                         37 	.ds 40
    00000029                         38 _global_init_point::
    00000029                         39 	.ds 2
                                     40 ;--------------------------------------------------------
                                     41 ; ram data
                                     42 ;--------------------------------------------------------
                                     43 	.area _INITIALIZED
    00000000                         44 _global_colision_map::
    00000000                         45 	.ds 360
    00000168                         46 _global_blocks_available::
    00000168                         47 	.ds 4
    0000016C                         48 _global_selected_block::
    0000016C                         49 	.ds 1
    0000016D                         50 _global_levels_array::
    0000016D                         51 	.ds 2
                                     52 ;--------------------------------------------------------
                                     53 ; absolute external ram data
                                     54 ;--------------------------------------------------------
                                     55 	.area _DABS (ABS)
                                     56 ;--------------------------------------------------------
                                     57 ; global & static initialisations
                                     58 ;--------------------------------------------------------
                                     59 	.area _HOME
                                     60 	.area _GSINIT
                                     61 	.area _GSFINAL
                                     62 	.area _GSINIT
                                     63 ;--------------------------------------------------------
                                     64 ; Home
                                     65 ;--------------------------------------------------------
                                     66 	.area _HOME
                                     67 	.area _HOME
                                     68 ;--------------------------------------------------------
                                     69 ; code
                                     70 ;--------------------------------------------------------
                                     71 	.area _CODE
                                     72 ;src/LevelLogic.c:20: void init_level(uint8_t level_number){
                                     73 ;	---------------------------------
                                     74 ; Function init_level
                                     75 ; ---------------------------------
    00000000                         76 _init_level::
                                     77 ;src/LevelLogic.c:22: if(level_number >= sizeof(global_levels_array)){
    00000000 4F               [ 4]   78 	ld	c, a
    00000001 D6 02            [ 8]   79 	sub	a, #0x02
    00000003 38 04            [12]   80 	jr	C, 00111$
                                     81 ;src/LevelLogic.c:23: level_number = level_number % sizeof(global_levels_array);
    00000005 79               [ 4]   82 	ld	a, c
    00000006 E6 01            [ 8]   83 	and	a, #0x01
    00000008 4F               [ 4]   84 	ld	c, a
                                     85 ;src/LevelLogic.c:26: for(uint16_t i = 0; i<360; i++){
    00000009                         86 00111$:
    00000009 11 00 00         [12]   87 	ld	de, #0x0000
    0000000C                         88 00105$:
    0000000C 7B               [ 4]   89 	ld	a, e
    0000000D 6A               [ 4]   90 	ld	l, d
    0000000E D6 68            [ 8]   91 	sub	a, #0x68
    00000010 7D               [ 4]   92 	ld	a, l
    00000011 DE 01            [ 8]   93 	sbc	a, #0x01
    00000013 30 09            [12]   94 	jr	NC, 00103$
                                     95 ;src/LevelLogic.c:27: global_colision_map[i] = EMPTY;
    00000015 21r00r00         [12]   96 	ld	hl, #_global_colision_map
    00000018 19               [ 8]   97 	add	hl, de
    00000019 36 00            [12]   98 	ld	(hl), #0x00
                                     99 ;src/LevelLogic.c:26: for(uint16_t i = 0; i<360; i++){
    0000001B 13               [ 8]  100 	inc	de
    0000001C 18 EE            [12]  101 	jr	00105$
    0000001E                        102 00103$:
                                    103 ;src/LevelLogic.c:30: get_colision_from_map(global_levels_array[level_number], global_colision_map);
    0000001E 11r6Dr01         [12]  104 	ld	de, #_global_levels_array+0
    00000021 AF               [ 4]  105 	xor	a, a
    00000022 69               [ 4]  106 	ld	l, c
    00000023 67               [ 4]  107 	ld	h, a
    00000024 29               [ 8]  108 	add	hl, hl
    00000025 19               [ 8]  109 	add	hl, de
    00000026 2A               [ 8]  110 	ld	a, (hl+)
    00000027 6E               [ 8]  111 	ld	l, (hl)
    00000028 01r00r00         [12]  112 	ld	bc, #_global_colision_map
    0000002B 5F               [ 4]  113 	ld	e, a
    0000002C 55               [ 4]  114 	ld	d, l
    0000002D CDr46r00         [24]  115 	call	_get_colision_from_map
                                    116 ;src/LevelLogic.c:31: read_global_object_info_from_map(objects_map1);
    00000030 11r00r00         [12]  117 	ld	de, #_objects_map1
    00000033 CDrA3r00         [24]  118 	call	_read_global_object_info_from_map
                                    119 ;src/LevelLogic.c:32: read_global_block_info_from_map(blocks_map1);
    00000036 11r00r00         [12]  120 	ld	de, #_blocks_map1
    00000039 CDr26r01         [24]  121 	call	_read_global_block_info_from_map
                                    122 ;src/LevelLogic.c:33: get_init_point_from_map(global_colision_map);
    0000003C 11r00r00         [12]  123 	ld	de, #_global_colision_map
                                    124 ;src/LevelLogic.c:35: }
    0000003F C3r31r02         [16]  125 	jp	_get_init_point_from_map
                                    126 ;src/LevelLogic.c:37: void update_game_state(GameState new_value){
                                    127 ;	---------------------------------
                                    128 ; Function update_game_state
                                    129 ; ---------------------------------
    00000042                        130 _update_game_state::
    00000042 EAr00r00         [16]  131 	ld	(#_global_game_state),a
                                    132 ;src/LevelLogic.c:38: global_game_state = new_value;
                                    133 ;src/LevelLogic.c:39: }
    00000045 C9               [16]  134 	ret
                                    135 ;src/LevelLogic.c:42: void get_colision_from_map(const unsigned char in[], uint8_t out[]){
                                    136 ;	---------------------------------
                                    137 ; Function get_colision_from_map
                                    138 ; ---------------------------------
    00000046                        139 _get_colision_from_map::
    00000046 E8 FB            [16]  140 	add	sp, #-5
    00000048 F8 03            [12]  141 	ldhl	sp,	#3
    0000004A 7B               [ 4]  142 	ld	a, e
    0000004B 22               [ 8]  143 	ld	(hl+), a
    0000004C 72               [ 8]  144 	ld	(hl), d
    0000004D F8 01            [12]  145 	ldhl	sp,	#1
    0000004F 79               [ 4]  146 	ld	a, c
    00000050 22               [ 8]  147 	ld	(hl+), a
    00000051 70               [ 8]  148 	ld	(hl), b
                                    149 ;src/LevelLogic.c:44: for(uint16_t i = 0; i<360; i++){
    00000052 01 00 00         [12]  150 	ld	bc, #0x0000
    00000055                        151 00113$:
    00000055 59               [ 4]  152 	ld	e, c
    00000056 50               [ 4]  153 	ld	d, b
    00000057 7B               [ 4]  154 	ld	a, e
    00000058 D6 68            [ 8]  155 	sub	a, #0x68
    0000005A 7A               [ 4]  156 	ld	a, d
    0000005B DE 01            [ 8]  157 	sbc	a, #0x01
    0000005D 30 41            [12]  158 	jr	NC, 00115$
                                    159 ;src/LevelLogic.c:45: if(in[i] == 27){
    0000005F F8 03            [12]  160 	ldhl	sp,	#3
    00000061 2A               [ 8]  161 	ld	a,	(hl+)
    00000062 66               [ 8]  162 	ld	h, (hl)
    00000063 6F               [ 4]  163 	ld	l, a
    00000064 09               [ 8]  164 	add	hl, bc
    00000065 5D               [ 4]  165 	ld	e, l
    00000066 54               [ 4]  166 	ld	d, h
    00000067 1A               [ 8]  167 	ld	a, (de)
    00000068 F8 00            [12]  168 	ldhl	sp,	#0
                                    169 ;src/LevelLogic.c:46: out[i] = SOURCE;
    0000006A 22               [ 8]  170 	ld	(hl+), a
    0000006B 2A               [ 8]  171 	ld	a,	(hl+)
    0000006C 66               [ 8]  172 	ld	h, (hl)
    0000006D 6F               [ 4]  173 	ld	l, a
    0000006E 09               [ 8]  174 	add	hl, bc
    0000006F 5D               [ 4]  175 	ld	e, l
    00000070 54               [ 4]  176 	ld	d, h
                                    177 ;src/LevelLogic.c:45: if(in[i] == 27){
    00000071 F8 00            [12]  178 	ldhl	sp,	#0
    00000073 7E               [ 8]  179 	ld	a, (hl)
    00000074 D6 1B            [ 8]  180 	sub	a, #0x1b
    00000076 20 05            [12]  181 	jr	NZ, 00109$
                                    182 ;src/LevelLogic.c:46: out[i] = SOURCE;
    00000078 3E 03            [ 8]  183 	ld	a, #0x03
    0000007A 12               [ 8]  184 	ld	(de), a
    0000007B 18 20            [12]  185 	jr	00114$
    0000007D                        186 00109$:
                                    187 ;src/LevelLogic.c:47: } else if(in[i] >= 20 && in[i] <= 23){
    0000007D F8 00            [12]  188 	ldhl	sp,	#0
    0000007F 7E               [ 8]  189 	ld	a, (hl)
    00000080 D6 14            [ 8]  190 	sub	a, #0x14
    00000082 38 0A            [12]  191 	jr	C, 00105$
    00000084 3E 17            [ 8]  192 	ld	a, #0x17
    00000086 96               [ 8]  193 	sub	a, (hl)
    00000087 38 05            [12]  194 	jr	C, 00105$
                                    195 ;src/LevelLogic.c:48: out[i] = DESTINATION;
    00000089 3E 04            [ 8]  196 	ld	a, #0x04
    0000008B 12               [ 8]  197 	ld	(de), a
    0000008C 18 0F            [12]  198 	jr	00114$
    0000008E                        199 00105$:
                                    200 ;src/LevelLogic.c:49: } else if(in[i] >= UMBRAL_COLISION_UP && in[i] <= UMBRAL_COLISION_DOWN){
    0000008E F8 00            [12]  201 	ldhl	sp,	#0
    00000090 7E               [ 8]  202 	ld	a, (hl)
    00000091 D6 03            [ 8]  203 	sub	a, #0x03
    00000093 38 08            [12]  204 	jr	C, 00114$
    00000095 3E 0F            [ 8]  205 	ld	a, #0x0f
    00000097 96               [ 8]  206 	sub	a, (hl)
    00000098 38 03            [12]  207 	jr	C, 00114$
                                    208 ;src/LevelLogic.c:50: out[i] = SOLID;
    0000009A 3E 01            [ 8]  209 	ld	a, #0x01
    0000009C 12               [ 8]  210 	ld	(de), a
    0000009D                        211 00114$:
                                    212 ;src/LevelLogic.c:44: for(uint16_t i = 0; i<360; i++){
    0000009D 03               [ 8]  213 	inc	bc
    0000009E 18 B5            [12]  214 	jr	00113$
    000000A0                        215 00115$:
                                    216 ;src/LevelLogic.c:53: }
    000000A0 E8 05            [16]  217 	add	sp, #5
    000000A2 C9               [16]  218 	ret
                                    219 ;src/LevelLogic.c:55: void read_global_object_info_from_map(unsigned char* objects_map){
                                    220 ;	---------------------------------
                                    221 ; Function read_global_object_info_from_map
                                    222 ; ---------------------------------
    000000A3                        223 _read_global_object_info_from_map::
    000000A3 E8 FA            [16]  224 	add	sp, #-6
    000000A5 F8 03            [12]  225 	ldhl	sp,	#3
    000000A7 7B               [ 4]  226 	ld	a, e
    000000A8 22               [ 8]  227 	ld	(hl+), a
                                    228 ;src/LevelLogic.c:56: for(uint8_t e=0; e<NUMBER_OF_OBJECTS; e++){
    000000A9 7A               [ 4]  229 	ld	a, d
    000000AA 22               [ 8]  230 	ld	(hl+), a
    000000AB 36 00            [12]  231 	ld	(hl), #0x00
    000000AD                        232 00103$:
    000000AD F8 05            [12]  233 	ldhl	sp,	#5
    000000AF 7E               [ 8]  234 	ld	a, (hl)
    000000B0 D6 02            [ 8]  235 	sub	a, #0x02
    000000B2 30 6F            [12]  236 	jr	NC, 00105$
                                    237 ;src/LevelLogic.c:57: global_object_information[e*3] = objects_map[e*3];
    000000B4 4E               [ 8]  238 	ld	c, (hl)
    000000B5 06 00            [ 8]  239 	ld	b, #0x00
    000000B7 69               [ 4]  240 	ld	l, c
    000000B8 60               [ 4]  241 	ld	h, b
    000000B9 29               [ 8]  242 	add	hl, hl
    000000BA 09               [ 8]  243 	add	hl, bc
    000000BB 4D               [ 4]  244 	ld	c, l
    000000BC 44               [ 4]  245 	ld	b, h
    000000BD 21r00r00         [12]  246 	ld	hl, #_global_object_information
    000000C0 09               [ 8]  247 	add	hl, bc
    000000C1 E5               [16]  248 	push	hl
    000000C2 7D               [ 4]  249 	ld	a, l
    000000C3 F8 03            [12]  250 	ldhl	sp,	#3
    000000C5 77               [ 8]  251 	ld	(hl), a
    000000C6 E1               [12]  252 	pop	hl
    000000C7 7C               [ 4]  253 	ld	a, h
    000000C8 F8 02            [12]  254 	ldhl	sp,	#2
    000000CA 22               [ 8]  255 	ld	(hl+), a
    000000CB 2A               [ 8]  256 	ld	a,	(hl+)
    000000CC 66               [ 8]  257 	ld	h, (hl)
    000000CD 6F               [ 4]  258 	ld	l, a
    000000CE 09               [ 8]  259 	add	hl, bc
    000000CF 5D               [ 4]  260 	ld	e, l
    000000D0 54               [ 4]  261 	ld	d, h
    000000D1 1A               [ 8]  262 	ld	a, (de)
    000000D2 F8 01            [12]  263 	ldhl	sp,	#1
    000000D4 5E               [ 8]  264 	ld	e, (hl)
    000000D5 23               [ 8]  265 	inc	hl
    000000D6 66               [ 8]  266 	ld	h, (hl)
    000000D7 6B               [ 4]  267 	ld	l, e
    000000D8 77               [ 8]  268 	ld	(hl), a
                                    269 ;src/LevelLogic.c:58: global_object_information[e*3+1] = objects_map[e*3+1];
    000000D9 F8 05            [12]  270 	ldhl	sp,	#5
    000000DB 7E               [ 8]  271 	ld	a, (hl)
    000000DC 5F               [ 4]  272 	ld	e, a
    000000DD 87               [ 4]  273 	add	a, a
    000000DE 83               [ 4]  274 	add	a, e
    000000DF F8 00            [12]  275 	ldhl	sp,	#0
    000000E1 77               [ 8]  276 	ld	(hl), a
    000000E2 5E               [ 8]  277 	ld	e, (hl)
    000000E3 1C               [ 4]  278 	inc	e
    000000E4 16 00            [ 8]  279 	ld	d, #0x00
    000000E6 21r00r00         [12]  280 	ld	hl, #_global_object_information
    000000E9 19               [ 8]  281 	add	hl, de
    000000EA E5               [16]  282 	push	hl
    000000EB 7D               [ 4]  283 	ld	a, l
    000000EC F8 03            [12]  284 	ldhl	sp,	#3
    000000EE 77               [ 8]  285 	ld	(hl), a
    000000EF E1               [12]  286 	pop	hl
    000000F0 7C               [ 4]  287 	ld	a, h
    000000F1 F8 02            [12]  288 	ldhl	sp,	#2
    000000F3 22               [ 8]  289 	ld	(hl+), a
    000000F4 59               [ 4]  290 	ld	e, c
    000000F5 50               [ 4]  291 	ld	d, b
    000000F6 13               [ 8]  292 	inc	de
    000000F7 2A               [ 8]  293 	ld	a,	(hl+)
    000000F8 66               [ 8]  294 	ld	h, (hl)
    000000F9 6F               [ 4]  295 	ld	l, a
    000000FA 19               [ 8]  296 	add	hl, de
    000000FB 5D               [ 4]  297 	ld	e, l
    000000FC 54               [ 4]  298 	ld	d, h
    000000FD 1A               [ 8]  299 	ld	a, (de)
    000000FE F8 01            [12]  300 	ldhl	sp,	#1
    00000100 5E               [ 8]  301 	ld	e, (hl)
    00000101 23               [ 8]  302 	inc	hl
    00000102 66               [ 8]  303 	ld	h, (hl)
    00000103 6B               [ 4]  304 	ld	l, e
    00000104 77               [ 8]  305 	ld	(hl), a
                                    306 ;src/LevelLogic.c:59: global_object_information[e*3+2] = objects_map[e*3+2];
    00000105 F8 00            [12]  307 	ldhl	sp,	#0
    00000107 7E               [ 8]  308 	ld	a, (hl)
    00000108 3C               [ 4]  309 	inc	a
    00000109 3C               [ 4]  310 	inc	a
    0000010A C6r00            [ 8]  311 	add	a, #<(_global_object_information)
    0000010C 5F               [ 4]  312 	ld	e, a
    0000010D 3E 00            [ 8]  313 	ld	a, #0x00
    0000010F CEs00            [ 8]  314 	adc	a, #>(_global_object_information)
    00000111 57               [ 4]  315 	ld	d, a
    00000112 03               [ 8]  316 	inc	bc
    00000113 03               [ 8]  317 	inc	bc
    00000114 F8 03            [12]  318 	ldhl	sp,	#3
    00000116 2A               [ 8]  319 	ld	a,	(hl+)
    00000117 66               [ 8]  320 	ld	h, (hl)
    00000118 6F               [ 4]  321 	ld	l, a
    00000119 09               [ 8]  322 	add	hl, bc
    0000011A 4D               [ 4]  323 	ld	c, l
    0000011B 44               [ 4]  324 	ld	b, h
    0000011C 0A               [ 8]  325 	ld	a, (bc)
    0000011D 12               [ 8]  326 	ld	(de), a
                                    327 ;src/LevelLogic.c:56: for(uint8_t e=0; e<NUMBER_OF_OBJECTS; e++){
    0000011E F8 05            [12]  328 	ldhl	sp,	#5
    00000120 34               [12]  329 	inc	(hl)
    00000121 18 8A            [12]  330 	jr	00103$
    00000123                        331 00105$:
                                    332 ;src/LevelLogic.c:61: }
    00000123 E8 06            [16]  333 	add	sp, #6
    00000125 C9               [16]  334 	ret
                                    335 ;src/LevelLogic.c:63: void read_global_block_info_from_map(unsigned char* blocks_map){
                                    336 ;	---------------------------------
                                    337 ; Function read_global_block_info_from_map
                                    338 ; ---------------------------------
    00000126                        339 _read_global_block_info_from_map::
    00000126 E8 FF            [16]  340 	add	sp, #-1
    00000128 D5               [16]  341 	push	de
                                    342 ;src/LevelLogic.c:64: for(uint8_t e=0; e<NUMBER_OF_BLOCKS; e++){
    00000129 F8 02            [12]  343 	ldhl	sp,	#2
    0000012B 36 00            [12]  344 	ld	(hl), #0x00
    0000012D                        345 00103$:
    0000012D F8 02            [12]  346 	ldhl	sp,	#2
    0000012F 7E               [ 8]  347 	ld	a, (hl)
    00000130 D6 04            [ 8]  348 	sub	a, #0x04
    00000132 30 1A            [12]  349 	jr	NC, 00105$
                                    350 ;src/LevelLogic.c:65: global_blocks_available[e] = blocks_map[e];
    00000134 11r68r01         [12]  351 	ld	de, #_global_blocks_available
    00000137 6E               [ 8]  352 	ld	l, (hl)
    00000138 26 00            [ 8]  353 	ld	h, #0x00
    0000013A 19               [ 8]  354 	add	hl, de
    0000013B 4D               [ 4]  355 	ld	c, l
    0000013C 44               [ 4]  356 	ld	b, h
    0000013D D1               [12]  357 	pop	de
    0000013E D5               [16]  358 	push	de
    0000013F F8 02            [12]  359 	ldhl	sp,	#2
    00000141 6E               [ 8]  360 	ld	l, (hl)
    00000142 26 00            [ 8]  361 	ld	h, #0x00
    00000144 19               [ 8]  362 	add	hl, de
    00000145 5D               [ 4]  363 	ld	e, l
    00000146 54               [ 4]  364 	ld	d, h
    00000147 1A               [ 8]  365 	ld	a, (de)
    00000148 02               [ 8]  366 	ld	(bc), a
                                    367 ;src/LevelLogic.c:64: for(uint8_t e=0; e<NUMBER_OF_BLOCKS; e++){
    00000149 F8 02            [12]  368 	ldhl	sp,	#2
    0000014B 34               [12]  369 	inc	(hl)
    0000014C 18 DF            [12]  370 	jr	00103$
    0000014E                        371 00105$:
                                    372 ;src/LevelLogic.c:67: }
    0000014E E8 03            [16]  373 	add	sp, #3
    00000150 C9               [16]  374 	ret
                                    375 ;src/LevelLogic.c:69: void change_colision_map_at(uint16_t tileindexBR, uint8_t new_value){
                                    376 ;	---------------------------------
                                    377 ; Function change_colision_map_at
                                    378 ; ---------------------------------
    00000151                        379 _change_colision_map_at::
    00000151 3B               [ 8]  380 	dec	sp
    00000152 F8 00            [12]  381 	ldhl	sp,	#0
    00000154 77               [ 8]  382 	ld	(hl), a
                                    383 ;src/LevelLogic.c:70: if(tileindexBR < 360){
    00000155 4B               [ 4]  384 	ld	c, e
    00000156 42               [ 4]  385 	ld	b, d
    00000157 79               [ 4]  386 	ld	a, c
    00000158 D6 68            [ 8]  387 	sub	a, #0x68
    0000015A 78               [ 4]  388 	ld	a, b
    0000015B DE 01            [ 8]  389 	sbc	a, #0x01
    0000015D 30 3B            [12]  390 	jr	NC, 00103$
                                    391 ;src/LevelLogic.c:71: global_colision_map[tileindexBR] = new_value;
    0000015F 21r00r00         [12]  392 	ld	hl, #_global_colision_map
    00000162 19               [ 8]  393 	add	hl, de
    00000163 5D               [ 4]  394 	ld	e, l
    00000164 54               [ 4]  395 	ld	d, h
    00000165 F8 00            [12]  396 	ldhl	sp,	#0
    00000167 7E               [ 8]  397 	ld	a, (hl)
    00000168 12               [ 8]  398 	ld	(de), a
                                    399 ;src/LevelLogic.c:72: global_colision_map[tileindexBR-1] = new_value;
    00000169 59               [ 4]  400 	ld	e, c
    0000016A 50               [ 4]  401 	ld	d, b
    0000016B 1B               [ 8]  402 	dec	de
    0000016C 21r00r00         [12]  403 	ld	hl, #_global_colision_map
    0000016F 19               [ 8]  404 	add	hl, de
    00000170 5D               [ 4]  405 	ld	e, l
    00000171 54               [ 4]  406 	ld	d, h
    00000172 F8 00            [12]  407 	ldhl	sp,	#0
    00000174 7E               [ 8]  408 	ld	a, (hl)
    00000175 12               [ 8]  409 	ld	(de), a
                                    410 ;src/LevelLogic.c:73: global_colision_map[tileindexBR-20] = new_value;
    00000176 79               [ 4]  411 	ld	a, c
    00000177 C6 EC            [ 8]  412 	add	a, #0xec
    00000179 5F               [ 4]  413 	ld	e, a
    0000017A 78               [ 4]  414 	ld	a, b
    0000017B CE FF            [ 8]  415 	adc	a, #0xff
    0000017D 57               [ 4]  416 	ld	d, a
    0000017E 21r00r00         [12]  417 	ld	hl, #_global_colision_map
    00000181 19               [ 8]  418 	add	hl, de
    00000182 5D               [ 4]  419 	ld	e, l
    00000183 54               [ 4]  420 	ld	d, h
    00000184 F8 00            [12]  421 	ldhl	sp,	#0
    00000186 7E               [ 8]  422 	ld	a, (hl)
    00000187 12               [ 8]  423 	ld	(de), a
                                    424 ;src/LevelLogic.c:74: global_colision_map[tileindexBR-21] = new_value;
    00000188 79               [ 4]  425 	ld	a, c
    00000189 C6 EB            [ 8]  426 	add	a, #0xeb
    0000018B 4F               [ 4]  427 	ld	c, a
    0000018C 78               [ 4]  428 	ld	a, b
    0000018D CE FF            [ 8]  429 	adc	a, #0xff
    0000018F 47               [ 4]  430 	ld	b, a
    00000190 21r00r00         [12]  431 	ld	hl, #_global_colision_map
    00000193 09               [ 8]  432 	add	hl, bc
    00000194 4D               [ 4]  433 	ld	c, l
    00000195 44               [ 4]  434 	ld	b, h
    00000196 F8 00            [12]  435 	ldhl	sp,	#0
    00000198 7E               [ 8]  436 	ld	a, (hl)
    00000199 02               [ 8]  437 	ld	(bc), a
    0000019A                        438 00103$:
                                    439 ;src/LevelLogic.c:76: }
    0000019A 33               [ 8]  440 	inc	sp
    0000019B C9               [16]  441 	ret
                                    442 ;src/LevelLogic.c:78: void change_colision_map_BR(uint16_t tileindexBR, uint8_t new_value){
                                    443 ;	---------------------------------
                                    444 ; Function change_colision_map_BR
                                    445 ; ---------------------------------
    0000019C                        446 _change_colision_map_BR::
    0000019C 4F               [ 4]  447 	ld	c, a
                                    448 ;src/LevelLogic.c:79: if(tileindexBR < 360){
    0000019D 7B               [ 4]  449 	ld	a, e
    0000019E 6A               [ 4]  450 	ld	l, d
    0000019F D6 68            [ 8]  451 	sub	a, #0x68
    000001A1 7D               [ 4]  452 	ld	a, l
    000001A2 DE 01            [ 8]  453 	sbc	a, #0x01
    000001A4 D0               [20]  454 	ret	NC
                                    455 ;src/LevelLogic.c:80: global_colision_map[tileindexBR] = new_value;
    000001A5 21r00r00         [12]  456 	ld	hl, #_global_colision_map
    000001A8 19               [ 8]  457 	add	hl, de
    000001A9 71               [ 8]  458 	ld	(hl), c
                                    459 ;src/LevelLogic.c:82: }
    000001AA C9               [16]  460 	ret
                                    461 ;src/LevelLogic.c:84: uint8_t check_colision_of_sprites(uint8_t ax, uint8_t ay, uint8_t aw, uint8_t ah, uint8_t bx, uint8_t by, uint8_t bw, uint8_t bh){
                                    462 ;	---------------------------------
                                    463 ; Function check_colision_of_sprites
                                    464 ; ---------------------------------
    000001AB                        465 _check_colision_of_sprites::
    000001AB E8 FA            [16]  466 	add	sp, #-6
    000001AD 4F               [ 4]  467 	ld	c, a
    000001AE F8 05            [12]  468 	ldhl	sp,	#5
    000001B0 73               [ 8]  469 	ld	(hl), e
                                    470 ;src/LevelLogic.c:85: uint8_t res = 0; //no colision of sprites
    000001B1 F8 00            [12]  471 	ldhl	sp,	#0
    000001B3 36 00            [12]  472 	ld	(hl), #0x00
                                    473 ;src/LevelLogic.c:87: if(ax < bx + bw &&
    000001B5 F8 0A            [12]  474 	ldhl	sp,	#10
    000001B7 7E               [ 8]  475 	ld	a, (hl)
    000001B8 F8 01            [12]  476 	ldhl	sp,	#1
    000001BA 22               [ 8]  477 	ld	(hl+), a
    000001BB 36 00            [12]  478 	ld	(hl), #0x00
    000001BD F8 0C            [12]  479 	ldhl	sp,	#12
    000001BF 5E               [ 8]  480 	ld	e, (hl)
    000001C0 16 00            [ 8]  481 	ld	d, #0x00
    000001C2 F8 01            [12]  482 	ldhl	sp,	#1
    000001C4 2A               [ 8]  483 	ld	a,	(hl+)
    000001C5 66               [ 8]  484 	ld	h, (hl)
    000001C6 6F               [ 4]  485 	ld	l, a
    000001C7 19               [ 8]  486 	add	hl, de
    000001C8 E5               [16]  487 	push	hl
    000001C9 7D               [ 4]  488 	ld	a, l
    000001CA F8 05            [12]  489 	ldhl	sp,	#5
    000001CC 77               [ 8]  490 	ld	(hl), a
    000001CD E1               [12]  491 	pop	hl
    000001CE 7C               [ 4]  492 	ld	a, h
    000001CF F8 04            [12]  493 	ldhl	sp,	#4
    000001D1 32               [ 8]  494 	ld	(hl-), a
    000001D2 06 00            [ 8]  495 	ld	b, #0x00
    000001D4 79               [ 4]  496 	ld	a, c
    000001D5 96               [ 8]  497 	sub	a, (hl)
    000001D6 23               [ 8]  498 	inc	hl
    000001D7 78               [ 4]  499 	ld	a, b
    000001D8 9E               [ 8]  500 	sbc	a, (hl)
    000001D9 30 4D            [12]  501 	jr	NC, 00102$
                                    502 ;src/LevelLogic.c:88: ax + aw > bx &&
    000001DB F8 08            [12]  503 	ldhl	sp,	#8
    000001DD 7E               [ 8]  504 	ld	a, (hl)
    000001DE 1E 00            [ 8]  505 	ld	e, #0x00
    000001E0 81               [ 4]  506 	add	a, c
    000001E1 4F               [ 4]  507 	ld	c, a
    000001E2 7B               [ 4]  508 	ld	a, e
    000001E3 88               [ 4]  509 	adc	a, b
    000001E4 47               [ 4]  510 	ld	b, a
    000001E5 F8 01            [12]  511 	ldhl	sp,	#1
    000001E7 2A               [ 8]  512 	ld	a, (hl+)
    000001E8 91               [ 4]  513 	sub	a, c
    000001E9 7E               [ 8]  514 	ld	a, (hl)
    000001EA 98               [ 4]  515 	sbc	a, b
    000001EB 30 3B            [12]  516 	jr	NC, 00102$
                                    517 ;src/LevelLogic.c:89: ay < by + bh &&
    000001ED F8 0B            [12]  518 	ldhl	sp,	#11
    000001EF 7E               [ 8]  519 	ld	a, (hl)
    000001F0 F8 01            [12]  520 	ldhl	sp,	#1
    000001F2 22               [ 8]  521 	ld	(hl+), a
    000001F3 36 00            [12]  522 	ld	(hl), #0x00
    000001F5 F8 0D            [12]  523 	ldhl	sp,	#13
    000001F7 4E               [ 8]  524 	ld	c, (hl)
    000001F8 06 00            [ 8]  525 	ld	b, #0x00
    000001FA F8 01            [12]  526 	ldhl	sp,	#1
    000001FC 2A               [ 8]  527 	ld	a,	(hl+)
    000001FD 66               [ 8]  528 	ld	h, (hl)
    000001FE 6F               [ 4]  529 	ld	l, a
    000001FF 09               [ 8]  530 	add	hl, bc
    00000200 4D               [ 4]  531 	ld	c, l
    00000201 44               [ 4]  532 	ld	b, h
    00000202 F8 05            [12]  533 	ldhl	sp,	#5
    00000204 3A               [ 8]  534 	ld	a, (hl-)
    00000205 2B               [ 8]  535 	dec	hl
    00000206 22               [ 8]  536 	ld	(hl+), a
    00000207 AF               [ 4]  537 	xor	a, a
    00000208 32               [ 8]  538 	ld	(hl-), a
    00000209 2A               [ 8]  539 	ld	a, (hl+)
    0000020A 91               [ 4]  540 	sub	a, c
    0000020B 7E               [ 8]  541 	ld	a, (hl)
    0000020C 98               [ 4]  542 	sbc	a, b
    0000020D 30 19            [12]  543 	jr	NC, 00102$
                                    544 ;src/LevelLogic.c:90: ay + ah > by){
    0000020F F8 09            [12]  545 	ldhl	sp,	#9
    00000211 4E               [ 8]  546 	ld	c, (hl)
    00000212 06 00            [ 8]  547 	ld	b, #0x00
    00000214 F8 03            [12]  548 	ldhl	sp,	#3
    00000216 2A               [ 8]  549 	ld	a,	(hl+)
    00000217 66               [ 8]  550 	ld	h, (hl)
    00000218 6F               [ 4]  551 	ld	l, a
    00000219 09               [ 8]  552 	add	hl, bc
    0000021A 4D               [ 4]  553 	ld	c, l
    0000021B 44               [ 4]  554 	ld	b, h
    0000021C F8 01            [12]  555 	ldhl	sp,	#1
    0000021E 2A               [ 8]  556 	ld	a, (hl+)
    0000021F 91               [ 4]  557 	sub	a, c
    00000220 7E               [ 8]  558 	ld	a, (hl)
    00000221 98               [ 4]  559 	sbc	a, b
    00000222 30 04            [12]  560 	jr	NC, 00102$
                                    561 ;src/LevelLogic.c:91: res = 1;
    00000224 2B               [ 8]  562 	dec	hl
    00000225 2B               [ 8]  563 	dec	hl
    00000226 36 01            [12]  564 	ld	(hl), #0x01
    00000228                        565 00102$:
                                    566 ;src/LevelLogic.c:93: return res;
    00000228 F8 00            [12]  567 	ldhl	sp,	#0
    0000022A 7E               [ 8]  568 	ld	a, (hl)
                                    569 ;src/LevelLogic.c:94: }
    0000022B E8 06            [16]  570 	add	sp, #6
    0000022D E1               [12]  571 	pop	hl
    0000022E E8 06            [16]  572 	add	sp, #6
    00000230 E9               [ 4]  573 	jp	(hl)
                                    574 ;src/LevelLogic.c:97: void get_init_point_from_map(uint8_t colision_map[360]){
                                    575 ;	---------------------------------
                                    576 ; Function get_init_point_from_map
                                    577 ; ---------------------------------
    00000231                        578 _get_init_point_from_map::
    00000231 3B               [ 8]  579 	dec	sp
    00000232 3B               [ 8]  580 	dec	sp
                                    581 ;src/LevelLogic.c:98: for(uint16_t i = 0; i<360; i++){
    00000233 AF               [ 4]  582 	xor	a, a
    00000234 F8 00            [12]  583 	ldhl	sp,	#0
    00000236 22               [ 8]  584 	ld	(hl+), a
    00000237 77               [ 8]  585 	ld	(hl), a
    00000238 01 00 00         [12]  586 	ld	bc, #0x0000
    0000023B                        587 00105$:
    0000023B 69               [ 4]  588 	ld	l, c
    0000023C 60               [ 4]  589 	ld	h, b
    0000023D 7D               [ 4]  590 	ld	a, l
    0000023E D6 68            [ 8]  591 	sub	a, #0x68
    00000240 7C               [ 4]  592 	ld	a, h
    00000241 DE 01            [ 8]  593 	sbc	a, #0x01
    00000243 30 1C            [12]  594 	jr	NC, 00107$
                                    595 ;src/LevelLogic.c:99: if(colision_map[i] == SOURCE){
    00000245 69               [ 4]  596 	ld	l, c
    00000246 60               [ 4]  597 	ld	h, b
    00000247 19               [ 8]  598 	add	hl, de
    00000248 7E               [ 8]  599 	ld	a, (hl)
    00000249 D6 03            [ 8]  600 	sub	a, #0x03
    0000024B 20 0E            [12]  601 	jr	NZ, 00106$
                                    602 ;src/LevelLogic.c:100: global_init_point = i;
    0000024D F8 00            [12]  603 	ldhl	sp,	#0
    0000024F 7E               [ 8]  604 	ld	a, (hl)
    00000250 EAr29r00         [16]  605 	ld	(#_global_init_point),a
    00000253 F8 01            [12]  606 	ldhl	sp,	#1
    00000255 7E               [ 8]  607 	ld	a, (hl)
    00000256 EAr2Ar00         [16]  608 	ld	(#_global_init_point + 1),a
                                    609 ;src/LevelLogic.c:101: break;
    00000259 18 06            [12]  610 	jr	00107$
    0000025B                        611 00106$:
                                    612 ;src/LevelLogic.c:98: for(uint16_t i = 0; i<360; i++){
    0000025B 03               [ 8]  613 	inc	bc
    0000025C 33               [ 8]  614 	inc	sp
    0000025D 33               [ 8]  615 	inc	sp
    0000025E C5               [16]  616 	push	bc
    0000025F 18 DA            [12]  617 	jr	00105$
    00000261                        618 00107$:
                                    619 ;src/LevelLogic.c:104: }
    00000261 33               [ 8]  620 	inc	sp
    00000262 33               [ 8]  621 	inc	sp
    00000263 C9               [16]  622 	ret
                                    623 ;src/LevelLogic.c:106: void move_foward_block_id(void){
                                    624 ;	---------------------------------
                                    625 ; Function move_foward_block_id
                                    626 ; ---------------------------------
    00000264                        627 _move_foward_block_id::
                                    628 ;src/LevelLogic.c:107: global_selected_block++;
    00000264 21r6Cr01         [12]  629 	ld	hl, #_global_selected_block
    00000267 34               [12]  630 	inc	(hl)
                                    631 ;src/LevelLogic.c:108: if(global_selected_block >= 4){
    00000268 7E               [ 8]  632 	ld	a, (hl)
    00000269 D6 04            [ 8]  633 	sub	a, #0x04
    0000026B D8               [20]  634 	ret	C
                                    635 ;src/LevelLogic.c:109: global_selected_block = 0;
    0000026C 36 00            [12]  636 	ld	(hl), #0x00
                                    637 ;src/LevelLogic.c:111: }
    0000026E C9               [16]  638 	ret
                                    639 	.area _CODE
                                    640 	.area _INITIALIZER
    00000000                        641 __xinit__global_colision_map:
    00000000 00                     642 	.db #0x00	; 0
    00000001 00                     643 	.db 0x00
    00000002 00                     644 	.db 0x00
    00000003 00                     645 	.db 0x00
    00000004 00                     646 	.db 0x00
    00000005 00                     647 	.db 0x00
    00000006 00                     648 	.db 0x00
    00000007 00                     649 	.db 0x00
    00000008 00                     650 	.db 0x00
    00000009 00                     651 	.db 0x00
    0000000A 00                     652 	.db 0x00
    0000000B 00                     653 	.db 0x00
    0000000C 00                     654 	.db 0x00
    0000000D 00                     655 	.db 0x00
    0000000E 00                     656 	.db 0x00
    0000000F 00                     657 	.db 0x00
    00000010 00                     658 	.db 0x00
    00000011 00                     659 	.db 0x00
    00000012 00                     660 	.db 0x00
    00000013 00                     661 	.db 0x00
    00000014 00                     662 	.db 0x00
    00000015 00                     663 	.db 0x00
    00000016 00                     664 	.db 0x00
    00000017 00                     665 	.db 0x00
    00000018 00                     666 	.db 0x00
    00000019 00                     667 	.db 0x00
    0000001A 00                     668 	.db 0x00
    0000001B 00                     669 	.db 0x00
    0000001C 00                     670 	.db 0x00
    0000001D 00                     671 	.db 0x00
    0000001E 00                     672 	.db 0x00
    0000001F 00                     673 	.db 0x00
    00000020 00                     674 	.db 0x00
    00000021 00                     675 	.db 0x00
    00000022 00                     676 	.db 0x00
    00000023 00                     677 	.db 0x00
    00000024 00                     678 	.db 0x00
    00000025 00                     679 	.db 0x00
    00000026 00                     680 	.db 0x00
    00000027 00                     681 	.db 0x00
    00000028 00                     682 	.db 0x00
    00000029 00                     683 	.db 0x00
    0000002A 00                     684 	.db 0x00
    0000002B 00                     685 	.db 0x00
    0000002C 00                     686 	.db 0x00
    0000002D 00                     687 	.db 0x00
    0000002E 00                     688 	.db 0x00
    0000002F 00                     689 	.db 0x00
    00000030 00                     690 	.db 0x00
    00000031 00                     691 	.db 0x00
    00000032 00                     692 	.db 0x00
    00000033 00                     693 	.db 0x00
    00000034 00                     694 	.db 0x00
    00000035 00                     695 	.db 0x00
    00000036 00                     696 	.db 0x00
    00000037 00                     697 	.db 0x00
    00000038 00                     698 	.db 0x00
    00000039 00                     699 	.db 0x00
    0000003A 00                     700 	.db 0x00
    0000003B 00                     701 	.db 0x00
    0000003C 00                     702 	.db 0x00
    0000003D 00                     703 	.db 0x00
    0000003E 00                     704 	.db 0x00
    0000003F 00                     705 	.db 0x00
    00000040 00                     706 	.db 0x00
    00000041 00                     707 	.db 0x00
    00000042 00                     708 	.db 0x00
    00000043 00                     709 	.db 0x00
    00000044 00                     710 	.db 0x00
    00000045 00                     711 	.db 0x00
    00000046 00                     712 	.db 0x00
    00000047 00                     713 	.db 0x00
    00000048 00                     714 	.db 0x00
    00000049 00                     715 	.db 0x00
    0000004A 00                     716 	.db 0x00
    0000004B 00                     717 	.db 0x00
    0000004C 00                     718 	.db 0x00
    0000004D 00                     719 	.db 0x00
    0000004E 00                     720 	.db 0x00
    0000004F 00                     721 	.db 0x00
    00000050 00                     722 	.db 0x00
    00000051 00                     723 	.db 0x00
    00000052 00                     724 	.db 0x00
    00000053 00                     725 	.db 0x00
    00000054 00                     726 	.db 0x00
    00000055 00                     727 	.db 0x00
    00000056 00                     728 	.db 0x00
    00000057 00                     729 	.db 0x00
    00000058 00                     730 	.db 0x00
    00000059 00                     731 	.db 0x00
    0000005A 00                     732 	.db 0x00
    0000005B 00                     733 	.db 0x00
    0000005C 00                     734 	.db 0x00
    0000005D 00                     735 	.db 0x00
    0000005E 00                     736 	.db 0x00
    0000005F 00                     737 	.db 0x00
    00000060 00                     738 	.db 0x00
    00000061 00                     739 	.db 0x00
    00000062 00                     740 	.db 0x00
    00000063 00                     741 	.db 0x00
    00000064 00                     742 	.db 0x00
    00000065 00                     743 	.db 0x00
    00000066 00                     744 	.db 0x00
    00000067 00                     745 	.db 0x00
    00000068 00                     746 	.db 0x00
    00000069 00                     747 	.db 0x00
    0000006A 00                     748 	.db 0x00
    0000006B 00                     749 	.db 0x00
    0000006C 00                     750 	.db 0x00
    0000006D 00                     751 	.db 0x00
    0000006E 00                     752 	.db 0x00
    0000006F 00                     753 	.db 0x00
    00000070 00                     754 	.db 0x00
    00000071 00                     755 	.db 0x00
    00000072 00                     756 	.db 0x00
    00000073 00                     757 	.db 0x00
    00000074 00                     758 	.db 0x00
    00000075 00                     759 	.db 0x00
    00000076 00                     760 	.db 0x00
    00000077 00                     761 	.db 0x00
    00000078 00                     762 	.db 0x00
    00000079 00                     763 	.db 0x00
    0000007A 00                     764 	.db 0x00
    0000007B 00                     765 	.db 0x00
    0000007C 00                     766 	.db 0x00
    0000007D 00                     767 	.db 0x00
    0000007E 00                     768 	.db 0x00
    0000007F 00                     769 	.db 0x00
    00000080 00                     770 	.db 0x00
    00000081 00                     771 	.db 0x00
    00000082 00                     772 	.db 0x00
    00000083 00                     773 	.db 0x00
    00000084 00                     774 	.db 0x00
    00000085 00                     775 	.db 0x00
    00000086 00                     776 	.db 0x00
    00000087 00                     777 	.db 0x00
    00000088 00                     778 	.db 0x00
    00000089 00                     779 	.db 0x00
    0000008A 00                     780 	.db 0x00
    0000008B 00                     781 	.db 0x00
    0000008C 00                     782 	.db 0x00
    0000008D 00                     783 	.db 0x00
    0000008E 00                     784 	.db 0x00
    0000008F 00                     785 	.db 0x00
    00000090 00                     786 	.db 0x00
    00000091 00                     787 	.db 0x00
    00000092 00                     788 	.db 0x00
    00000093 00                     789 	.db 0x00
    00000094 00                     790 	.db 0x00
    00000095 00                     791 	.db 0x00
    00000096 00                     792 	.db 0x00
    00000097 00                     793 	.db 0x00
    00000098 00                     794 	.db 0x00
    00000099 00                     795 	.db 0x00
    0000009A 00                     796 	.db 0x00
    0000009B 00                     797 	.db 0x00
    0000009C 00                     798 	.db 0x00
    0000009D 00                     799 	.db 0x00
    0000009E 00                     800 	.db 0x00
    0000009F 00                     801 	.db 0x00
    000000A0 00                     802 	.db 0x00
    000000A1 00                     803 	.db 0x00
    000000A2 00                     804 	.db 0x00
    000000A3 00                     805 	.db 0x00
    000000A4 00                     806 	.db 0x00
    000000A5 00                     807 	.db 0x00
    000000A6 00                     808 	.db 0x00
    000000A7 00                     809 	.db 0x00
    000000A8 00                     810 	.db 0x00
    000000A9 00                     811 	.db 0x00
    000000AA 00                     812 	.db 0x00
    000000AB 00                     813 	.db 0x00
    000000AC 00                     814 	.db 0x00
    000000AD 00                     815 	.db 0x00
    000000AE 00                     816 	.db 0x00
    000000AF 00                     817 	.db 0x00
    000000B0 00                     818 	.db 0x00
    000000B1 00                     819 	.db 0x00
    000000B2 00                     820 	.db 0x00
    000000B3 00                     821 	.db 0x00
    000000B4 00                     822 	.db 0x00
    000000B5 00                     823 	.db 0x00
    000000B6 00                     824 	.db 0x00
    000000B7 00                     825 	.db 0x00
    000000B8 00                     826 	.db 0x00
    000000B9 00                     827 	.db 0x00
    000000BA 00                     828 	.db 0x00
    000000BB 00                     829 	.db 0x00
    000000BC 00                     830 	.db 0x00
    000000BD 00                     831 	.db 0x00
    000000BE 00                     832 	.db 0x00
    000000BF 00                     833 	.db 0x00
    000000C0 00                     834 	.db 0x00
    000000C1 00                     835 	.db 0x00
    000000C2 00                     836 	.db 0x00
    000000C3 00                     837 	.db 0x00
    000000C4 00                     838 	.db 0x00
    000000C5 00                     839 	.db 0x00
    000000C6 00                     840 	.db 0x00
    000000C7 00                     841 	.db 0x00
    000000C8 00                     842 	.db 0x00
    000000C9 00                     843 	.db 0x00
    000000CA 00                     844 	.db 0x00
    000000CB 00                     845 	.db 0x00
    000000CC 00                     846 	.db 0x00
    000000CD 00                     847 	.db 0x00
    000000CE 00                     848 	.db 0x00
    000000CF 00                     849 	.db 0x00
    000000D0 00                     850 	.db 0x00
    000000D1 00                     851 	.db 0x00
    000000D2 00                     852 	.db 0x00
    000000D3 00                     853 	.db 0x00
    000000D4 00                     854 	.db 0x00
    000000D5 00                     855 	.db 0x00
    000000D6 00                     856 	.db 0x00
    000000D7 00                     857 	.db 0x00
    000000D8 00                     858 	.db 0x00
    000000D9 00                     859 	.db 0x00
    000000DA 00                     860 	.db 0x00
    000000DB 00                     861 	.db 0x00
    000000DC 00                     862 	.db 0x00
    000000DD 00                     863 	.db 0x00
    000000DE 00                     864 	.db 0x00
    000000DF 00                     865 	.db 0x00
    000000E0 00                     866 	.db 0x00
    000000E1 00                     867 	.db 0x00
    000000E2 00                     868 	.db 0x00
    000000E3 00                     869 	.db 0x00
    000000E4 00                     870 	.db 0x00
    000000E5 00                     871 	.db 0x00
    000000E6 00                     872 	.db 0x00
    000000E7 00                     873 	.db 0x00
    000000E8 00                     874 	.db 0x00
    000000E9 00                     875 	.db 0x00
    000000EA 00                     876 	.db 0x00
    000000EB 00                     877 	.db 0x00
    000000EC 00                     878 	.db 0x00
    000000ED 00                     879 	.db 0x00
    000000EE 00                     880 	.db 0x00
    000000EF 00                     881 	.db 0x00
    000000F0 00                     882 	.db 0x00
    000000F1 00                     883 	.db 0x00
    000000F2 00                     884 	.db 0x00
    000000F3 00                     885 	.db 0x00
    000000F4 00                     886 	.db 0x00
    000000F5 00                     887 	.db 0x00
    000000F6 00                     888 	.db 0x00
    000000F7 00                     889 	.db 0x00
    000000F8 00                     890 	.db 0x00
    000000F9 00                     891 	.db 0x00
    000000FA 00                     892 	.db 0x00
    000000FB 00                     893 	.db 0x00
    000000FC 00                     894 	.db 0x00
    000000FD 00                     895 	.db 0x00
    000000FE 00                     896 	.db 0x00
    000000FF 00                     897 	.db 0x00
    00000100 00                     898 	.db 0x00
    00000101 00                     899 	.db 0x00
    00000102 00                     900 	.db 0x00
    00000103 00                     901 	.db 0x00
    00000104 00                     902 	.db 0x00
    00000105 00                     903 	.db 0x00
    00000106 00                     904 	.db 0x00
    00000107 00                     905 	.db 0x00
    00000108 00                     906 	.db 0x00
    00000109 00                     907 	.db 0x00
    0000010A 00                     908 	.db 0x00
    0000010B 00                     909 	.db 0x00
    0000010C 00                     910 	.db 0x00
    0000010D 00                     911 	.db 0x00
    0000010E 00                     912 	.db 0x00
    0000010F 00                     913 	.db 0x00
    00000110 00                     914 	.db 0x00
    00000111 00                     915 	.db 0x00
    00000112 00                     916 	.db 0x00
    00000113 00                     917 	.db 0x00
    00000114 00                     918 	.db 0x00
    00000115 00                     919 	.db 0x00
    00000116 00                     920 	.db 0x00
    00000117 00                     921 	.db 0x00
    00000118 00                     922 	.db 0x00
    00000119 00                     923 	.db 0x00
    0000011A 00                     924 	.db 0x00
    0000011B 00                     925 	.db 0x00
    0000011C 00                     926 	.db 0x00
    0000011D 00                     927 	.db 0x00
    0000011E 00                     928 	.db 0x00
    0000011F 00                     929 	.db 0x00
    00000120 00                     930 	.db 0x00
    00000121 00                     931 	.db 0x00
    00000122 00                     932 	.db 0x00
    00000123 00                     933 	.db 0x00
    00000124 00                     934 	.db 0x00
    00000125 00                     935 	.db 0x00
    00000126 00                     936 	.db 0x00
    00000127 00                     937 	.db 0x00
    00000128 00                     938 	.db 0x00
    00000129 00                     939 	.db 0x00
    0000012A 00                     940 	.db 0x00
    0000012B 00                     941 	.db 0x00
    0000012C 00                     942 	.db 0x00
    0000012D 00                     943 	.db 0x00
    0000012E 00                     944 	.db 0x00
    0000012F 00                     945 	.db 0x00
    00000130 00                     946 	.db 0x00
    00000131 00                     947 	.db 0x00
    00000132 00                     948 	.db 0x00
    00000133 00                     949 	.db 0x00
    00000134 00                     950 	.db 0x00
    00000135 00                     951 	.db 0x00
    00000136 00                     952 	.db 0x00
    00000137 00                     953 	.db 0x00
    00000138 00                     954 	.db 0x00
    00000139 00                     955 	.db 0x00
    0000013A 00                     956 	.db 0x00
    0000013B 00                     957 	.db 0x00
    0000013C 00                     958 	.db 0x00
    0000013D 00                     959 	.db 0x00
    0000013E 00                     960 	.db 0x00
    0000013F 00                     961 	.db 0x00
    00000140 00                     962 	.db 0x00
    00000141 00                     963 	.db 0x00
    00000142 00                     964 	.db 0x00
    00000143 00                     965 	.db 0x00
    00000144 00                     966 	.db 0x00
    00000145 00                     967 	.db 0x00
    00000146 00                     968 	.db 0x00
    00000147 00                     969 	.db 0x00
    00000148 00                     970 	.db 0x00
    00000149 00                     971 	.db 0x00
    0000014A 00                     972 	.db 0x00
    0000014B 00                     973 	.db 0x00
    0000014C 00                     974 	.db 0x00
    0000014D 00                     975 	.db 0x00
    0000014E 00                     976 	.db 0x00
    0000014F 00                     977 	.db 0x00
    00000150 00                     978 	.db 0x00
    00000151 00                     979 	.db 0x00
    00000152 00                     980 	.db 0x00
    00000153 00                     981 	.db 0x00
    00000154 00                     982 	.db 0x00
    00000155 00                     983 	.db 0x00
    00000156 00                     984 	.db 0x00
    00000157 00                     985 	.db 0x00
    00000158 00                     986 	.db 0x00
    00000159 00                     987 	.db 0x00
    0000015A 00                     988 	.db 0x00
    0000015B 00                     989 	.db 0x00
    0000015C 00                     990 	.db 0x00
    0000015D 00                     991 	.db 0x00
    0000015E 00                     992 	.db 0x00
    0000015F 00                     993 	.db 0x00
    00000160 00                     994 	.db 0x00
    00000161 00                     995 	.db 0x00
    00000162 00                     996 	.db 0x00
    00000163 00                     997 	.db 0x00
    00000164 00                     998 	.db 0x00
    00000165 00                     999 	.db 0x00
    00000166 00                    1000 	.db 0x00
    00000167 00                    1001 	.db 0x00
    00000168                       1002 __xinit__global_blocks_available:
    00000168 00                    1003 	.db #0x00	; 0
    00000169 00                    1004 	.db 0x00
    0000016A 00                    1005 	.db 0x00
    0000016B 00                    1006 	.db 0x00
    0000016C                       1007 __xinit__global_selected_block:
    0000016C 00                    1008 	.db #0x00	; 0
    0000016D                       1009 __xinit__global_levels_array:
    0000016Dr00r00                 1010 	.dw _map1
                                   1011 	.area _CABS (ABS)
