                                      1 ;--------------------------------------------------------
                                      2 ; File Created by SDCC : free open source ISO C Compiler
                                      3 ; Version 4.5.1 #15267 (Linux)
                                      4 ;--------------------------------------------------------
                                      5 	.module map1_alt
                                      6 	
                                      7 ;--------------------------------------------------------
                                      8 ; Public variables in this module
                                      9 ;--------------------------------------------------------
                                     10 	.globl _map1_alt
                                     11 	.globl _blocks_map1_alt
                                     12 	.globl _objects_map1_alt
                                     13 ;--------------------------------------------------------
                                     14 ; special function registers
                                     15 ;--------------------------------------------------------
                                     16 ;--------------------------------------------------------
                                     17 ; ram data
                                     18 ;--------------------------------------------------------
                                     19 	.area _DATA
                                     20 ;--------------------------------------------------------
                                     21 ; ram data
                                     22 ;--------------------------------------------------------
                                     23 	.area _INITIALIZED
                                     24 ;--------------------------------------------------------
                                     25 ; absolute external ram data
                                     26 ;--------------------------------------------------------
                                     27 	.area _DABS (ABS)
                                     28 ;--------------------------------------------------------
                                     29 ; global & static initialisations
                                     30 ;--------------------------------------------------------
                                     31 	.area _HOME
                                     32 	.area _GSINIT
                                     33 	.area _GSFINAL
                                     34 	.area _GSINIT
                                     35 ;--------------------------------------------------------
                                     36 ; Home
                                     37 ;--------------------------------------------------------
                                     38 	.area _HOME
                                     39 	.area _HOME
                                     40 ;--------------------------------------------------------
                                     41 ; code
                                     42 ;--------------------------------------------------------
                                     43 	.area _CODE
                                     44 	.area _CODE
    00000000                         45 _objects_map1_alt:
    00000000 54                      46 	.db #0x54	; 84	'T'
    00000001 24                      47 	.db #0x24	; 36
    00000002 08                      48 	.db #0x08	; 8
    00000003 5C                      49 	.db #0x5c	; 92
    00000004 24                      50 	.db #0x24	; 36
    00000005 09                      51 	.db #0x09	; 9
    00000006 64                      52 	.db #0x64	; 100	'd'
    00000007 24                      53 	.db #0x24	; 36
    00000008 0A                      54 	.db #0x0a	; 10
    00000009 6C                      55 	.db #0x6c	; 108	'l'
    0000000A 24                      56 	.db #0x24	; 36
    0000000B 0B                      57 	.db #0x0b	; 11
    0000000C 74                      58 	.db #0x74	; 116	't'
    0000000D 24                      59 	.db #0x24	; 36
    0000000E 0C                      60 	.db #0x0c	; 12
    0000000F 7C                      61 	.db #0x7c	; 124
    00000010 24                      62 	.db #0x24	; 36
    00000011 0D                      63 	.db #0x0d	; 13
    00000012 84                      64 	.db #0x84	; 132
    00000013 24                      65 	.db #0x24	; 36
    00000014 0E                      66 	.db #0x0e	; 14
    00000015 8C                      67 	.db #0x8c	; 140
    00000016 24                      68 	.db #0x24	; 36
    00000017 0F                      69 	.db #0x0f	; 15
    00000018                         70 _blocks_map1_alt:
    00000018 06                      71 	.db #0x06	; 6
    00000019 06                      72 	.db #0x06	; 6
    0000001A 06                      73 	.db #0x06	; 6
    0000001B 06                      74 	.db #0x06	; 6
    0000001C                         75 _map1_alt:
    0000001C 09                      76 	.db #0x09	; 9
    0000001D 0A                      77 	.db #0x0a	; 10
    0000001E 0A                      78 	.db #0x0a	; 10
    0000001F 0A                      79 	.db #0x0a	; 10
    00000020 0A                      80 	.db #0x0a	; 10
    00000021 0A                      81 	.db #0x0a	; 10
    00000022 0A                      82 	.db #0x0a	; 10
    00000023 0A                      83 	.db #0x0a	; 10
    00000024 0A                      84 	.db #0x0a	; 10
    00000025 0A                      85 	.db #0x0a	; 10
    00000026 0A                      86 	.db #0x0a	; 10
    00000027 0A                      87 	.db #0x0a	; 10
    00000028 0A                      88 	.db #0x0a	; 10
    00000029 09                      89 	.db #0x09	; 9
    0000002A 09                      90 	.db #0x09	; 9
    0000002B 0A                      91 	.db #0x0a	; 10
    0000002C 0A                      92 	.db #0x0a	; 10
    0000002D 0A                      93 	.db #0x0a	; 10
    0000002E 0A                      94 	.db #0x0a	; 10
    0000002F 09                      95 	.db #0x09	; 9
    00000030 0C                      96 	.db #0x0c	; 12
    00000031 01                      97 	.db #0x01	; 1
    00000032 01                      98 	.db #0x01	; 1
    00000033 01                      99 	.db #0x01	; 1
    00000034 01                     100 	.db #0x01	; 1
    00000035 01                     101 	.db #0x01	; 1
    00000036 01                     102 	.db #0x01	; 1
    00000037 01                     103 	.db #0x01	; 1
    00000038 01                     104 	.db #0x01	; 1
    00000039 01                     105 	.db #0x01	; 1
    0000003A 01                     106 	.db #0x01	; 1
    0000003B 01                     107 	.db #0x01	; 1
    0000003C 01                     108 	.db #0x01	; 1
    0000003D 06                     109 	.db #0x06	; 6
    0000003E 0C                     110 	.db #0x0c	; 12
    0000003F 01                     111 	.db #0x01	; 1
    00000040 01                     112 	.db #0x01	; 1
    00000041 01                     113 	.db #0x01	; 1
    00000042 01                     114 	.db #0x01	; 1
    00000043 06                     115 	.db #0x06	; 6
    00000044 0C                     116 	.db #0x0c	; 12
    00000045 00                     117 	.db #0x00	; 0
    00000046 00                     118 	.db #0x00	; 0
    00000047 00                     119 	.db #0x00	; 0
    00000048 00                     120 	.db #0x00	; 0
    00000049 1F                     121 	.db #0x1f	; 31
    0000004A 00                     122 	.db #0x00	; 0
    0000004B 00                     123 	.db #0x00	; 0
    0000004C 00                     124 	.db #0x00	; 0
    0000004D 00                     125 	.db #0x00	; 0
    0000004E 00                     126 	.db #0x00	; 0
    0000004F 00                     127 	.db #0x00	; 0
    00000050 00                     128 	.db #0x00	; 0
    00000051 07                     129 	.db #0x07	; 7
    00000052 0D                     130 	.db #0x0d	; 13
    00000053 00                     131 	.db #0x00	; 0
    00000054 1F                     132 	.db #0x1f	; 31
    00000055 00                     133 	.db #0x00	; 0
    00000056 00                     134 	.db #0x00	; 0
    00000057 06                     135 	.db #0x06	; 6
    00000058 0C                     136 	.db #0x0c	; 12
    00000059 00                     137 	.db #0x00	; 0
    0000005A 30                     138 	.db #0x30	; 48	'0'
    0000005B 32                     139 	.db #0x32	; 50	'2'
    0000005C 00                     140 	.db #0x00	; 0
    0000005D 00                     141 	.db #0x00	; 0
    0000005E 00                     142 	.db #0x00	; 0
    0000005F 00                     143 	.db #0x00	; 0
    00000060 00                     144 	.db #0x00	; 0
    00000061 00                     145 	.db #0x00	; 0
    00000062 00                     146 	.db #0x00	; 0
    00000063 00                     147 	.db #0x00	; 0
    00000064 00                     148 	.db #0x00	; 0
    00000065 24                     149 	.db #0x24	; 36
    00000066 26                     150 	.db #0x26	; 38
    00000067 00                     151 	.db #0x00	; 0
    00000068 00                     152 	.db #0x00	; 0
    00000069 00                     153 	.db #0x00	; 0
    0000006A 00                     154 	.db #0x00	; 0
    0000006B 06                     155 	.db #0x06	; 6
    0000006C 0C                     156 	.db #0x0c	; 12
    0000006D 00                     157 	.db #0x00	; 0
    0000006E 31                     158 	.db #0x31	; 49	'1'
    0000006F 33                     159 	.db #0x33	; 51	'3'
    00000070 00                     160 	.db #0x00	; 0
    00000071 00                     161 	.db #0x00	; 0
    00000072 00                     162 	.db #0x00	; 0
    00000073 00                     163 	.db #0x00	; 0
    00000074 00                     164 	.db #0x00	; 0
    00000075 00                     165 	.db #0x00	; 0
    00000076 00                     166 	.db #0x00	; 0
    00000077 00                     167 	.db #0x00	; 0
    00000078 00                     168 	.db #0x00	; 0
    00000079 25                     169 	.db #0x25	; 37
    0000007A 27                     170 	.db #0x27	; 39
    0000007B 00                     171 	.db #0x00	; 0
    0000007C 00                     172 	.db #0x00	; 0
    0000007D 00                     173 	.db #0x00	; 0
    0000007E 00                     174 	.db #0x00	; 0
    0000007F 06                     175 	.db #0x06	; 6
    00000080 0C                     176 	.db #0x0c	; 12
    00000081 00                     177 	.db #0x00	; 0
    00000082 00                     178 	.db #0x00	; 0
    00000083 00                     179 	.db #0x00	; 0
    00000084 00                     180 	.db #0x00	; 0
    00000085 00                     181 	.db #0x00	; 0
    00000086 1E                     182 	.db #0x1e	; 30
    00000087 00                     183 	.db #0x00	; 0
    00000088 00                     184 	.db #0x00	; 0
    00000089 00                     185 	.db #0x00	; 0
    0000008A 00                     186 	.db #0x00	; 0
    0000008B 1E                     187 	.db #0x1e	; 30
    0000008C 00                     188 	.db #0x00	; 0
    0000008D 05                     189 	.db #0x05	; 5
    0000008E 08                     190 	.db #0x08	; 8
    0000008F 0B                     191 	.db #0x0b	; 11
    00000090 20                     192 	.db #0x20	; 32
    00000091 22                     193 	.db #0x22	; 34
    00000092 05                     194 	.db #0x05	; 5
    00000093 09                     195 	.db #0x09	; 9
    00000094 0C                     196 	.db #0x0c	; 12
    00000095 00                     197 	.db #0x00	; 0
    00000096 00                     198 	.db #0x00	; 0
    00000097 15                     199 	.db #0x15	; 21
    00000098 1B                     200 	.db #0x1b	; 27
    00000099 00                     201 	.db #0x00	; 0
    0000009A 00                     202 	.db #0x00	; 0
    0000009B 00                     203 	.db #0x00	; 0
    0000009C 00                     204 	.db #0x00	; 0
    0000009D 00                     205 	.db #0x00	; 0
    0000009E 00                     206 	.db #0x00	; 0
    0000009F 00                     207 	.db #0x00	; 0
    000000A0 00                     208 	.db #0x00	; 0
    000000A1 07                     209 	.db #0x07	; 7
    000000A2 0A                     210 	.db #0x0a	; 10
    000000A3 0D                     211 	.db #0x0d	; 13
    000000A4 21                     212 	.db #0x21	; 33
    000000A5 23                     213 	.db #0x23	; 35
    000000A6 07                     214 	.db #0x07	; 7
    000000A7 09                     215 	.db #0x09	; 9
    000000A8 0C                     216 	.db #0x0c	; 12
    000000A9 00                     217 	.db #0x00	; 0
    000000AA 00                     218 	.db #0x00	; 0
    000000AB 16                     219 	.db #0x16	; 22
    000000AC 1C                     220 	.db #0x1c	; 28
    000000AD 00                     221 	.db #0x00	; 0
    000000AE 00                     222 	.db #0x00	; 0
    000000AF 00                     223 	.db #0x00	; 0
    000000B0 00                     224 	.db #0x00	; 0
    000000B1 00                     225 	.db #0x00	; 0
    000000B2 00                     226 	.db #0x00	; 0
    000000B3 00                     227 	.db #0x00	; 0
    000000B4 00                     228 	.db #0x00	; 0
    000000B5 02                     229 	.db #0x02	; 2
    000000B6 01                     230 	.db #0x01	; 1
    000000B7 01                     231 	.db #0x01	; 1
    000000B8 00                     232 	.db #0x00	; 0
    000000B9 00                     233 	.db #0x00	; 0
    000000BA 01                     234 	.db #0x01	; 1
    000000BB 06                     235 	.db #0x06	; 6
    000000BC 0C                     236 	.db #0x0c	; 12
    000000BD 00                     237 	.db #0x00	; 0
    000000BE 00                     238 	.db #0x00	; 0
    000000BF 16                     239 	.db #0x16	; 22
    000000C0 1C                     240 	.db #0x1c	; 28
    000000C1 00                     241 	.db #0x00	; 0
    000000C2 00                     242 	.db #0x00	; 0
    000000C3 00                     243 	.db #0x00	; 0
    000000C4 00                     244 	.db #0x00	; 0
    000000C5 00                     245 	.db #0x00	; 0
    000000C6 00                     246 	.db #0x00	; 0
    000000C7 00                     247 	.db #0x00	; 0
    000000C8 00                     248 	.db #0x00	; 0
    000000C9 00                     249 	.db #0x00	; 0
    000000CA 00                     250 	.db #0x00	; 0
    000000CB 00                     251 	.db #0x00	; 0
    000000CC 00                     252 	.db #0x00	; 0
    000000CD 00                     253 	.db #0x00	; 0
    000000CE 00                     254 	.db #0x00	; 0
    000000CF 06                     255 	.db #0x06	; 6
    000000D0 09                     256 	.db #0x09	; 9
    000000D1 11                     257 	.db #0x11	; 17
    000000D2 13                     258 	.db #0x13	; 19
    000000D3 16                     259 	.db #0x16	; 22
    000000D4 1C                     260 	.db #0x1c	; 28
    000000D5 0E                     261 	.db #0x0e	; 14
    000000D6 11                     262 	.db #0x11	; 17
    000000D7 11                     263 	.db #0x11	; 17
    000000D8 0B                     264 	.db #0x0b	; 11
    000000D9 00                     265 	.db #0x00	; 0
    000000DA 00                     266 	.db #0x00	; 0
    000000DB 00                     267 	.db #0x00	; 0
    000000DC 00                     268 	.db #0x00	; 0
    000000DD 00                     269 	.db #0x00	; 0
    000000DE 00                     270 	.db #0x00	; 0
    000000DF 00                     271 	.db #0x00	; 0
    000000E0 00                     272 	.db #0x00	; 0
    000000E1 00                     273 	.db #0x00	; 0
    000000E2 00                     274 	.db #0x00	; 0
    000000E3 06                     275 	.db #0x06	; 6
    000000E4 0C                     276 	.db #0x0c	; 12
    000000E5 01                     277 	.db #0x01	; 1
    000000E6 03                     278 	.db #0x03	; 3
    000000E7 16                     279 	.db #0x16	; 22
    000000E8 1C                     280 	.db #0x1c	; 28
    000000E9 02                     281 	.db #0x02	; 2
    000000EA 01                     282 	.db #0x01	; 1
    000000EB 01                     283 	.db #0x01	; 1
    000000EC 12                     284 	.db #0x12	; 18
    000000ED 00                     285 	.db #0x00	; 0
    000000EE 00                     286 	.db #0x00	; 0
    000000EF 00                     287 	.db #0x00	; 0
    000000F0 00                     288 	.db #0x00	; 0
    000000F1 00                     289 	.db #0x00	; 0
    000000F2 00                     290 	.db #0x00	; 0
    000000F3 00                     291 	.db #0x00	; 0
    000000F4 1F                     292 	.db #0x1f	; 31
    000000F5 00                     293 	.db #0x00	; 0
    000000F6 00                     294 	.db #0x00	; 0
    000000F7 06                     295 	.db #0x06	; 6
    000000F8 0C                     296 	.db #0x0c	; 12
    000000F9 00                     297 	.db #0x00	; 0
    000000FA 1F                     298 	.db #0x1f	; 31
    000000FB 16                     299 	.db #0x16	; 22
    000000FC 1C                     300 	.db #0x1c	; 28
    000000FD 00                     301 	.db #0x00	; 0
    000000FE 00                     302 	.db #0x00	; 0
    000000FF 00                     303 	.db #0x00	; 0
    00000100 12                     304 	.db #0x12	; 18
    00000101 00                     305 	.db #0x00	; 0
    00000102 00                     306 	.db #0x00	; 0
    00000103 1E                     307 	.db #0x1e	; 30
    00000104 00                     308 	.db #0x00	; 0
    00000105 00                     309 	.db #0x00	; 0
    00000106 00                     310 	.db #0x00	; 0
    00000107 40                     311 	.db #0x40	; 64
    00000108 42                     312 	.db #0x42	; 66	'B'
    00000109 00                     313 	.db #0x00	; 0
    0000010A 00                     314 	.db #0x00	; 0
    0000010B 06                     315 	.db #0x06	; 6
    0000010C 0C                     316 	.db #0x0c	; 12
    0000010D 00                     317 	.db #0x00	; 0
    0000010E 00                     318 	.db #0x00	; 0
    0000010F 17                     319 	.db #0x17	; 23
    00000110 1D                     320 	.db #0x1d	; 29
    00000111 00                     321 	.db #0x00	; 0
    00000112 00                     322 	.db #0x00	; 0
    00000113 00                     323 	.db #0x00	; 0
    00000114 12                     324 	.db #0x12	; 18
    00000115 00                     325 	.db #0x00	; 0
    00000116 00                     326 	.db #0x00	; 0
    00000117 00                     327 	.db #0x00	; 0
    00000118 00                     328 	.db #0x00	; 0
    00000119 00                     329 	.db #0x00	; 0
    0000011A 00                     330 	.db #0x00	; 0
    0000011B 41                     331 	.db #0x41	; 65	'A'
    0000011C 43                     332 	.db #0x43	; 67	'C'
    0000011D 00                     333 	.db #0x00	; 0
    0000011E 00                     334 	.db #0x00	; 0
    0000011F 06                     335 	.db #0x06	; 6
    00000120 0C                     336 	.db #0x0c	; 12
    00000121 00                     337 	.db #0x00	; 0
    00000122 00                     338 	.db #0x00	; 0
    00000123 00                     339 	.db #0x00	; 0
    00000124 00                     340 	.db #0x00	; 0
    00000125 00                     341 	.db #0x00	; 0
    00000126 1F                     342 	.db #0x1f	; 31
    00000127 00                     343 	.db #0x00	; 0
    00000128 12                     344 	.db #0x12	; 18
    00000129 00                     345 	.db #0x00	; 0
    0000012A 00                     346 	.db #0x00	; 0
    0000012B 00                     347 	.db #0x00	; 0
    0000012C 00                     348 	.db #0x00	; 0
    0000012D 00                     349 	.db #0x00	; 0
    0000012E 00                     350 	.db #0x00	; 0
    0000012F 00                     351 	.db #0x00	; 0
    00000130 00                     352 	.db #0x00	; 0
    00000131 00                     353 	.db #0x00	; 0
    00000132 00                     354 	.db #0x00	; 0
    00000133 06                     355 	.db #0x06	; 6
    00000134 0A                     356 	.db #0x0a	; 10
    00000135 11                     357 	.db #0x11	; 17
    00000136 11                     358 	.db #0x11	; 17
    00000137 11                     359 	.db #0x11	; 17
    00000138 11                     360 	.db #0x11	; 17
    00000139 11                     361 	.db #0x11	; 17
    0000013A 11                     362 	.db #0x11	; 17
    0000013B 11                     363 	.db #0x11	; 17
    0000013C 0A                     364 	.db #0x0a	; 10
    0000013D 11                     365 	.db #0x11	; 17
    0000013E 11                     366 	.db #0x11	; 17
    0000013F 11                     367 	.db #0x11	; 17
    00000140 11                     368 	.db #0x11	; 17
    00000141 11                     369 	.db #0x11	; 17
    00000142 11                     370 	.db #0x11	; 17
    00000143 11                     371 	.db #0x11	; 17
    00000144 11                     372 	.db #0x11	; 17
    00000145 11                     373 	.db #0x11	; 17
    00000146 11                     374 	.db #0x11	; 17
    00000147 0A                     375 	.db #0x0a	; 10
    00000148 01                     376 	.db #0x01	; 1
    00000149 01                     377 	.db #0x01	; 1
    0000014A 01                     378 	.db #0x01	; 1
    0000014B 01                     379 	.db #0x01	; 1
    0000014C 01                     380 	.db #0x01	; 1
    0000014D 01                     381 	.db #0x01	; 1
    0000014E 01                     382 	.db #0x01	; 1
    0000014F 01                     383 	.db #0x01	; 1
    00000150 01                     384 	.db #0x01	; 1
    00000151 01                     385 	.db #0x01	; 1
    00000152 01                     386 	.db #0x01	; 1
    00000153 01                     387 	.db #0x01	; 1
    00000154 01                     388 	.db #0x01	; 1
    00000155 01                     389 	.db #0x01	; 1
    00000156 01                     390 	.db #0x01	; 1
    00000157 01                     391 	.db #0x01	; 1
    00000158 01                     392 	.db #0x01	; 1
    00000159 01                     393 	.db #0x01	; 1
    0000015A 01                     394 	.db #0x01	; 1
    0000015B 01                     395 	.db #0x01	; 1
                                    396 	.area _INITIALIZER
                                    397 	.area _CABS (ABS)
