                                      1 ;--------------------------------------------------------
                                      2 ; File Created by SDCC : free open source ISO C Compiler
                                      3 ; Version 4.5.1 #15267 (Linux)
                                      4 ;--------------------------------------------------------
                                      5 	.module map_tiles
                                      6 	
                                      7 ;--------------------------------------------------------
                                      8 ; Public variables in this module
                                      9 ;--------------------------------------------------------
                                     10 	.globl _map_tiles
                                     11 ;--------------------------------------------------------
                                     12 ; special function registers
                                     13 ;--------------------------------------------------------
                                     14 ;--------------------------------------------------------
                                     15 ; ram data
                                     16 ;--------------------------------------------------------
                                     17 	.area _DATA
                                     18 ;--------------------------------------------------------
                                     19 ; ram data
                                     20 ;--------------------------------------------------------
                                     21 	.area _INITIALIZED
                                     22 ;--------------------------------------------------------
                                     23 ; absolute external ram data
                                     24 ;--------------------------------------------------------
                                     25 	.area _DABS (ABS)
                                     26 ;--------------------------------------------------------
                                     27 ; global & static initialisations
                                     28 ;--------------------------------------------------------
                                     29 	.area _HOME
                                     30 	.area _GSINIT
                                     31 	.area _GSFINAL
                                     32 	.area _GSINIT
                                     33 ;--------------------------------------------------------
                                     34 ; Home
                                     35 ;--------------------------------------------------------
                                     36 	.area _HOME
                                     37 	.area _HOME
                                     38 ;--------------------------------------------------------
                                     39 ; code
                                     40 ;--------------------------------------------------------
                                     41 	.area _CODE
                                     42 	.area _CODE
    00000000                         43 _map_tiles:
    00000000 00                      44 	.db #0x00	; 0
    00000001 00                      45 	.db #0x00	; 0
    00000002 00                      46 	.db #0x00	; 0
    00000003 00                      47 	.db #0x00	; 0
    00000004 00                      48 	.db #0x00	; 0
    00000005 00                      49 	.db #0x00	; 0
    00000006 00                      50 	.db #0x00	; 0
    00000007 00                      51 	.db #0x00	; 0
    00000008 00                      52 	.db #0x00	; 0
    00000009 00                      53 	.db #0x00	; 0
    0000000A 00                      54 	.db #0x00	; 0
    0000000B 00                      55 	.db #0x00	; 0
    0000000C 00                      56 	.db #0x00	; 0
    0000000D 00                      57 	.db #0x00	; 0
    0000000E 00                      58 	.db #0x00	; 0
    0000000F 00                      59 	.db #0x00	; 0
    00000010 00                      60 	.db #0x00	; 0
    00000011 00                      61 	.db #0x00	; 0
    00000012 00                      62 	.db #0x00	; 0
    00000013 00                      63 	.db #0x00	; 0
    00000014 00                      64 	.db #0x00	; 0
    00000015 00                      65 	.db #0x00	; 0
    00000016 00                      66 	.db #0x00	; 0
    00000017 00                      67 	.db #0x00	; 0
    00000018 00                      68 	.db #0x00	; 0
    00000019 00                      69 	.db #0x00	; 0
    0000001A 00                      70 	.db #0x00	; 0
    0000001B 00                      71 	.db #0x00	; 0
    0000001C 00                      72 	.db #0x00	; 0
    0000001D 00                      73 	.db #0x00	; 0
    0000001E 00                      74 	.db #0x00	; 0
    0000001F 00                      75 	.db #0x00	; 0
    00000020 00                      76 	.db #0x00	; 0
    00000021 00                      77 	.db #0x00	; 0
    00000022 00                      78 	.db #0x00	; 0
    00000023 00                      79 	.db #0x00	; 0
    00000024 00                      80 	.db #0x00	; 0
    00000025 00                      81 	.db #0x00	; 0
    00000026 00                      82 	.db #0x00	; 0
    00000027 00                      83 	.db #0x00	; 0
    00000028 00                      84 	.db #0x00	; 0
    00000029 00                      85 	.db #0x00	; 0
    0000002A 00                      86 	.db #0x00	; 0
    0000002B 00                      87 	.db #0x00	; 0
    0000002C 00                      88 	.db #0x00	; 0
    0000002D 00                      89 	.db #0x00	; 0
    0000002E 00                      90 	.db #0x00	; 0
    0000002F 00                      91 	.db #0x00	; 0
    00000030 FF                      92 	.db #0xff	; 255
    00000031 00                      93 	.db #0x00	; 0
    00000032 FF                      94 	.db #0xff	; 255
    00000033 00                      95 	.db #0x00	; 0
    00000034 FF                      96 	.db #0xff	; 255
    00000035 00                      97 	.db #0x00	; 0
    00000036 FF                      98 	.db #0xff	; 255
    00000037 00                      99 	.db #0x00	; 0
    00000038 FF                     100 	.db #0xff	; 255
    00000039 00                     101 	.db #0x00	; 0
    0000003A FF                     102 	.db #0xff	; 255
    0000003B 00                     103 	.db #0x00	; 0
    0000003C FF                     104 	.db #0xff	; 255
    0000003D 00                     105 	.db #0x00	; 0
    0000003E FF                     106 	.db #0xff	; 255
    0000003F 00                     107 	.db #0x00	; 0
    00000040 FF                     108 	.db #0xff	; 255
    00000041 00                     109 	.db #0x00	; 0
    00000042 FF                     110 	.db #0xff	; 255
    00000043 00                     111 	.db #0x00	; 0
    00000044 FF                     112 	.db #0xff	; 255
    00000045 00                     113 	.db #0x00	; 0
    00000046 FF                     114 	.db #0xff	; 255
    00000047 00                     115 	.db #0x00	; 0
    00000048 FF                     116 	.db #0xff	; 255
    00000049 00                     117 	.db #0x00	; 0
    0000004A FF                     118 	.db #0xff	; 255
    0000004B 00                     119 	.db #0x00	; 0
    0000004C FC                     120 	.db #0xfc	; 252
    0000004D 03                     121 	.db #0x03	; 3
    0000004E FC                     122 	.db #0xfc	; 252
    0000004F 03                     123 	.db #0x03	; 3
    00000050 FC                     124 	.db #0xfc	; 252
    00000051 03                     125 	.db #0x03	; 3
    00000052 FC                     126 	.db #0xfc	; 252
    00000053 03                     127 	.db #0x03	; 3
    00000054 FF                     128 	.db #0xff	; 255
    00000055 00                     129 	.db #0x00	; 0
    00000056 FF                     130 	.db #0xff	; 255
    00000057 00                     131 	.db #0x00	; 0
    00000058 FF                     132 	.db #0xff	; 255
    00000059 00                     133 	.db #0x00	; 0
    0000005A FF                     134 	.db #0xff	; 255
    0000005B 00                     135 	.db #0x00	; 0
    0000005C FF                     136 	.db #0xff	; 255
    0000005D 00                     137 	.db #0x00	; 0
    0000005E FF                     138 	.db #0xff	; 255
    0000005F 00                     139 	.db #0x00	; 0
    00000060 FF                     140 	.db #0xff	; 255
    00000061 00                     141 	.db #0x00	; 0
    00000062 FF                     142 	.db #0xff	; 255
    00000063 00                     143 	.db #0x00	; 0
    00000064 FF                     144 	.db #0xff	; 255
    00000065 00                     145 	.db #0x00	; 0
    00000066 FF                     146 	.db #0xff	; 255
    00000067 00                     147 	.db #0x00	; 0
    00000068 FF                     148 	.db #0xff	; 255
    00000069 00                     149 	.db #0x00	; 0
    0000006A FF                     150 	.db #0xff	; 255
    0000006B 00                     151 	.db #0x00	; 0
    0000006C 3F                     152 	.db #0x3f	; 63
    0000006D C0                     153 	.db #0xc0	; 192
    0000006E 3F                     154 	.db #0x3f	; 63
    0000006F C0                     155 	.db #0xc0	; 192
    00000070 3F                     156 	.db #0x3f	; 63
    00000071 C0                     157 	.db #0xc0	; 192
    00000072 3F                     158 	.db #0x3f	; 63
    00000073 C0                     159 	.db #0xc0	; 192
    00000074 FF                     160 	.db #0xff	; 255
    00000075 00                     161 	.db #0x00	; 0
    00000076 FF                     162 	.db #0xff	; 255
    00000077 00                     163 	.db #0x00	; 0
    00000078 FF                     164 	.db #0xff	; 255
    00000079 00                     165 	.db #0x00	; 0
    0000007A FF                     166 	.db #0xff	; 255
    0000007B 00                     167 	.db #0x00	; 0
    0000007C FF                     168 	.db #0xff	; 255
    0000007D 00                     169 	.db #0x00	; 0
    0000007E FF                     170 	.db #0xff	; 255
    0000007F 00                     171 	.db #0x00	; 0
    00000080 00                     172 	.db #0x00	; 0
    00000081 FF                     173 	.db #0xff	; 255
    00000082 00                     174 	.db #0x00	; 0
    00000083 FF                     175 	.db #0xff	; 255
    00000084 3F                     176 	.db #0x3f	; 63
    00000085 C0                     177 	.db #0xc0	; 192
    00000086 3F                     178 	.db #0x3f	; 63
    00000087 C0                     179 	.db #0xc0	; 192
    00000088 3F                     180 	.db #0x3f	; 63
    00000089 C0                     181 	.db #0xc0	; 192
    0000008A 3F                     182 	.db #0x3f	; 63
    0000008B C0                     183 	.db #0xc0	; 192
    0000008C 3F                     184 	.db #0x3f	; 63
    0000008D C0                     185 	.db #0xc0	; 192
    0000008E 3F                     186 	.db #0x3f	; 63
    0000008F C0                     187 	.db #0xc0	; 192
    00000090 3F                     188 	.db #0x3f	; 63
    00000091 C0                     189 	.db #0xc0	; 192
    00000092 3F                     190 	.db #0x3f	; 63
    00000093 C0                     191 	.db #0xc0	; 192
    00000094 3F                     192 	.db #0x3f	; 63
    00000095 C0                     193 	.db #0xc0	; 192
    00000096 3F                     194 	.db #0x3f	; 63
    00000097 C0                     195 	.db #0xc0	; 192
    00000098 3F                     196 	.db #0x3f	; 63
    00000099 C0                     197 	.db #0xc0	; 192
    0000009A 3F                     198 	.db #0x3f	; 63
    0000009B C0                     199 	.db #0xc0	; 192
    0000009C 00                     200 	.db #0x00	; 0
    0000009D FF                     201 	.db #0xff	; 255
    0000009E 00                     202 	.db #0x00	; 0
    0000009F FF                     203 	.db #0xff	; 255
    000000A0 00                     204 	.db #0x00	; 0
    000000A1 FF                     205 	.db #0xff	; 255
    000000A2 00                     206 	.db #0x00	; 0
    000000A3 FF                     207 	.db #0xff	; 255
    000000A4 FC                     208 	.db #0xfc	; 252
    000000A5 03                     209 	.db #0x03	; 3
    000000A6 FC                     210 	.db #0xfc	; 252
    000000A7 03                     211 	.db #0x03	; 3
    000000A8 FC                     212 	.db #0xfc	; 252
    000000A9 03                     213 	.db #0x03	; 3
    000000AA FC                     214 	.db #0xfc	; 252
    000000AB 03                     215 	.db #0x03	; 3
    000000AC FC                     216 	.db #0xfc	; 252
    000000AD 03                     217 	.db #0x03	; 3
    000000AE FC                     218 	.db #0xfc	; 252
    000000AF 03                     219 	.db #0x03	; 3
    000000B0 FC                     220 	.db #0xfc	; 252
    000000B1 03                     221 	.db #0x03	; 3
    000000B2 FC                     222 	.db #0xfc	; 252
    000000B3 03                     223 	.db #0x03	; 3
    000000B4 FC                     224 	.db #0xfc	; 252
    000000B5 03                     225 	.db #0x03	; 3
    000000B6 FC                     226 	.db #0xfc	; 252
    000000B7 03                     227 	.db #0x03	; 3
    000000B8 FC                     228 	.db #0xfc	; 252
    000000B9 03                     229 	.db #0x03	; 3
    000000BA FC                     230 	.db #0xfc	; 252
    000000BB 03                     231 	.db #0x03	; 3
    000000BC 00                     232 	.db #0x00	; 0
    000000BD FF                     233 	.db #0xff	; 255
    000000BE 00                     234 	.db #0x00	; 0
    000000BF FF                     235 	.db #0xff	; 255
    000000C0 FC                     236 	.db #0xfc	; 252
    000000C1 03                     237 	.db #0x03	; 3
    000000C2 FC                     238 	.db #0xfc	; 252
    000000C3 03                     239 	.db #0x03	; 3
    000000C4 FC                     240 	.db #0xfc	; 252
    000000C5 03                     241 	.db #0x03	; 3
    000000C6 FC                     242 	.db #0xfc	; 252
    000000C7 03                     243 	.db #0x03	; 3
    000000C8 FC                     244 	.db #0xfc	; 252
    000000C9 03                     245 	.db #0x03	; 3
    000000CA FC                     246 	.db #0xfc	; 252
    000000CB 03                     247 	.db #0x03	; 3
    000000CC FC                     248 	.db #0xfc	; 252
    000000CD 03                     249 	.db #0x03	; 3
    000000CE FC                     250 	.db #0xfc	; 252
    000000CF 03                     251 	.db #0x03	; 3
    000000D0 00                     252 	.db #0x00	; 0
    000000D1 FF                     253 	.db #0xff	; 255
    000000D2 00                     254 	.db #0x00	; 0
    000000D3 FF                     255 	.db #0xff	; 255
    000000D4 FF                     256 	.db #0xff	; 255
    000000D5 00                     257 	.db #0x00	; 0
    000000D6 FF                     258 	.db #0xff	; 255
    000000D7 00                     259 	.db #0x00	; 0
    000000D8 FF                     260 	.db #0xff	; 255
    000000D9 00                     261 	.db #0x00	; 0
    000000DA FF                     262 	.db #0xff	; 255
    000000DB 00                     263 	.db #0x00	; 0
    000000DC FF                     264 	.db #0xff	; 255
    000000DD 00                     265 	.db #0x00	; 0
    000000DE FF                     266 	.db #0xff	; 255
    000000DF 00                     267 	.db #0x00	; 0
    000000E0 FF                     268 	.db #0xff	; 255
    000000E1 00                     269 	.db #0x00	; 0
    000000E2 FF                     270 	.db #0xff	; 255
    000000E3 00                     271 	.db #0x00	; 0
    000000E4 FF                     272 	.db #0xff	; 255
    000000E5 00                     273 	.db #0x00	; 0
    000000E6 FF                     274 	.db #0xff	; 255
    000000E7 00                     275 	.db #0x00	; 0
    000000E8 FF                     276 	.db #0xff	; 255
    000000E9 00                     277 	.db #0x00	; 0
    000000EA FF                     278 	.db #0xff	; 255
    000000EB 00                     279 	.db #0x00	; 0
    000000EC 00                     280 	.db #0x00	; 0
    000000ED FF                     281 	.db #0xff	; 255
    000000EE 00                     282 	.db #0x00	; 0
    000000EF FF                     283 	.db #0xff	; 255
    000000F0 3F                     284 	.db #0x3f	; 63
    000000F1 C0                     285 	.db #0xc0	; 192
    000000F2 3F                     286 	.db #0x3f	; 63
    000000F3 C0                     287 	.db #0xc0	; 192
    000000F4 3F                     288 	.db #0x3f	; 63
    000000F5 C0                     289 	.db #0xc0	; 192
    000000F6 3F                     290 	.db #0x3f	; 63
    000000F7 C0                     291 	.db #0xc0	; 192
    000000F8 3F                     292 	.db #0x3f	; 63
    000000F9 C0                     293 	.db #0xc0	; 192
    000000FA 3F                     294 	.db #0x3f	; 63
    000000FB C0                     295 	.db #0xc0	; 192
    000000FC 3F                     296 	.db #0x3f	; 63
    000000FD C0                     297 	.db #0xc0	; 192
    000000FE 3F                     298 	.db #0x3f	; 63
    000000FF C0                     299 	.db #0xc0	; 192
    00000100 00                     300 	.db #0x00	; 0
    00000101 00                     301 	.db #0x00	; 0
    00000102 00                     302 	.db #0x00	; 0
    00000103 00                     303 	.db #0x00	; 0
    00000104 00                     304 	.db #0x00	; 0
    00000105 00                     305 	.db #0x00	; 0
    00000106 00                     306 	.db #0x00	; 0
    00000107 00                     307 	.db #0x00	; 0
    00000108 00                     308 	.db #0x00	; 0
    00000109 00                     309 	.db #0x00	; 0
    0000010A 00                     310 	.db #0x00	; 0
    0000010B 00                     311 	.db #0x00	; 0
    0000010C 00                     312 	.db #0x00	; 0
    0000010D 00                     313 	.db #0x00	; 0
    0000010E 00                     314 	.db #0x00	; 0
    0000010F 00                     315 	.db #0x00	; 0
    00000110 00                     316 	.db #0x00	; 0
    00000111 01                     317 	.db #0x01	; 1
    00000112 00                     318 	.db #0x00	; 0
    00000113 03                     319 	.db #0x03	; 3
    00000114 00                     320 	.db #0x00	; 0
    00000115 07                     321 	.db #0x07	; 7
    00000116 00                     322 	.db #0x00	; 0
    00000117 0F                     323 	.db #0x0f	; 15
    00000118 00                     324 	.db #0x00	; 0
    00000119 1F                     325 	.db #0x1f	; 31
    0000011A 00                     326 	.db #0x00	; 0
    0000011B 3F                     327 	.db #0x3f	; 63
    0000011C 00                     328 	.db #0x00	; 0
    0000011D 7F                     329 	.db #0x7f	; 127
    0000011E 00                     330 	.db #0x00	; 0
    0000011F FF                     331 	.db #0xff	; 255
    00000120 00                     332 	.db #0x00	; 0
    00000121 01                     333 	.db #0x01	; 1
    00000122 00                     334 	.db #0x00	; 0
    00000123 03                     335 	.db #0x03	; 3
    00000124 00                     336 	.db #0x00	; 0
    00000125 07                     337 	.db #0x07	; 7
    00000126 00                     338 	.db #0x00	; 0
    00000127 0F                     339 	.db #0x0f	; 15
    00000128 00                     340 	.db #0x00	; 0
    00000129 1F                     341 	.db #0x1f	; 31
    0000012A 00                     342 	.db #0x00	; 0
    0000012B 3F                     343 	.db #0x3f	; 63
    0000012C 00                     344 	.db #0x00	; 0
    0000012D 7F                     345 	.db #0x7f	; 127
    0000012E 00                     346 	.db #0x00	; 0
    0000012F FF                     347 	.db #0xff	; 255
    00000130 00                     348 	.db #0x00	; 0
    00000131 FF                     349 	.db #0xff	; 255
    00000132 00                     350 	.db #0x00	; 0
    00000133 FF                     351 	.db #0xff	; 255
    00000134 00                     352 	.db #0x00	; 0
    00000135 FF                     353 	.db #0xff	; 255
    00000136 00                     354 	.db #0x00	; 0
    00000137 FF                     355 	.db #0xff	; 255
    00000138 00                     356 	.db #0x00	; 0
    00000139 FF                     357 	.db #0xff	; 255
    0000013A 00                     358 	.db #0x00	; 0
    0000013B FF                     359 	.db #0xff	; 255
    0000013C 00                     360 	.db #0x00	; 0
    0000013D FF                     361 	.db #0xff	; 255
    0000013E 00                     362 	.db #0x00	; 0
    0000013F FF                     363 	.db #0xff	; 255
    00000140 00                     364 	.db #0x00	; 0
    00000141 00                     365 	.db #0x00	; 0
    00000142 00                     366 	.db #0x00	; 0
    00000143 3F                     367 	.db #0x3f	; 63
    00000144 00                     368 	.db #0x00	; 0
    00000145 7F                     369 	.db #0x7f	; 127
    00000146 00                     370 	.db #0x00	; 0
    00000147 60                     371 	.db #0x60	; 96
    00000148 00                     372 	.db #0x00	; 0
    00000149 67                     373 	.db #0x67	; 103	'g'
    0000014A 00                     374 	.db #0x00	; 0
    0000014B 67                     375 	.db #0x67	; 103	'g'
    0000014C 00                     376 	.db #0x00	; 0
    0000014D 66                     377 	.db #0x66	; 102	'f'
    0000014E 00                     378 	.db #0x00	; 0
    0000014F 67                     379 	.db #0x67	; 103	'g'
    00000150 00                     380 	.db #0x00	; 0
    00000151 67                     381 	.db #0x67	; 103	'g'
    00000152 00                     382 	.db #0x00	; 0
    00000153 66                     383 	.db #0x66	; 102	'f'
    00000154 00                     384 	.db #0x00	; 0
    00000155 66                     385 	.db #0x66	; 102	'f'
    00000156 00                     386 	.db #0x00	; 0
    00000157 66                     387 	.db #0x66	; 102	'f'
    00000158 00                     388 	.db #0x00	; 0
    00000159 60                     389 	.db #0x60	; 96
    0000015A 00                     390 	.db #0x00	; 0
    0000015B 7F                     391 	.db #0x7f	; 127
    0000015C 00                     392 	.db #0x00	; 0
    0000015D 3F                     393 	.db #0x3f	; 63
    0000015E 00                     394 	.db #0x00	; 0
    0000015F 00                     395 	.db #0x00	; 0
    00000160 00                     396 	.db #0x00	; 0
    00000161 00                     397 	.db #0x00	; 0
    00000162 00                     398 	.db #0x00	; 0
    00000163 FC                     399 	.db #0xfc	; 252
    00000164 00                     400 	.db #0x00	; 0
    00000165 FE                     401 	.db #0xfe	; 254
    00000166 00                     402 	.db #0x00	; 0
    00000167 06                     403 	.db #0x06	; 6
    00000168 00                     404 	.db #0x00	; 0
    00000169 E6                     405 	.db #0xe6	; 230
    0000016A 00                     406 	.db #0x00	; 0
    0000016B E6                     407 	.db #0xe6	; 230
    0000016C 00                     408 	.db #0x00	; 0
    0000016D 06                     409 	.db #0x06	; 6
    0000016E 00                     410 	.db #0x00	; 0
    0000016F E6                     411 	.db #0xe6	; 230
    00000170 00                     412 	.db #0x00	; 0
    00000171 E6                     413 	.db #0xe6	; 230
    00000172 00                     414 	.db #0x00	; 0
    00000173 06                     415 	.db #0x06	; 6
    00000174 00                     416 	.db #0x00	; 0
    00000175 06                     417 	.db #0x06	; 6
    00000176 00                     418 	.db #0x00	; 0
    00000177 06                     419 	.db #0x06	; 6
    00000178 00                     420 	.db #0x00	; 0
    00000179 06                     421 	.db #0x06	; 6
    0000017A 00                     422 	.db #0x00	; 0
    0000017B FE                     423 	.db #0xfe	; 254
    0000017C 00                     424 	.db #0x00	; 0
    0000017D FC                     425 	.db #0xfc	; 252
    0000017E 00                     426 	.db #0x00	; 0
    0000017F 00                     427 	.db #0x00	; 0
    00000180 00                     428 	.db #0x00	; 0
    00000181 00                     429 	.db #0x00	; 0
    00000182 00                     430 	.db #0x00	; 0
    00000183 3F                     431 	.db #0x3f	; 63
    00000184 00                     432 	.db #0x00	; 0
    00000185 7F                     433 	.db #0x7f	; 127
    00000186 00                     434 	.db #0x00	; 0
    00000187 60                     435 	.db #0x60	; 96
    00000188 00                     436 	.db #0x00	; 0
    00000189 63                     437 	.db #0x63	; 99	'c'
    0000018A 00                     438 	.db #0x00	; 0
    0000018B 67                     439 	.db #0x67	; 103	'g'
    0000018C 00                     440 	.db #0x00	; 0
    0000018D 66                     441 	.db #0x66	; 102	'f'
    0000018E 00                     442 	.db #0x00	; 0
    0000018F 67                     443 	.db #0x67	; 103	'g'
    00000190 00                     444 	.db #0x00	; 0
    00000191 63                     445 	.db #0x63	; 99	'c'
    00000192 00                     446 	.db #0x00	; 0
    00000193 60                     447 	.db #0x60	; 96
    00000194 00                     448 	.db #0x00	; 0
    00000195 67                     449 	.db #0x67	; 103	'g'
    00000196 00                     450 	.db #0x00	; 0
    00000197 67                     451 	.db #0x67	; 103	'g'
    00000198 00                     452 	.db #0x00	; 0
    00000199 60                     453 	.db #0x60	; 96
    0000019A 00                     454 	.db #0x00	; 0
    0000019B 7F                     455 	.db #0x7f	; 127
    0000019C 00                     456 	.db #0x00	; 0
    0000019D 3F                     457 	.db #0x3f	; 63
    0000019E 00                     458 	.db #0x00	; 0
    0000019F 00                     459 	.db #0x00	; 0
    000001A0 00                     460 	.db #0x00	; 0
    000001A1 00                     461 	.db #0x00	; 0
    000001A2 00                     462 	.db #0x00	; 0
    000001A3 FC                     463 	.db #0xfc	; 252
    000001A4 00                     464 	.db #0x00	; 0
    000001A5 FE                     465 	.db #0xfe	; 254
    000001A6 00                     466 	.db #0x00	; 0
    000001A7 06                     467 	.db #0x06	; 6
    000001A8 00                     468 	.db #0x00	; 0
    000001A9 E6                     469 	.db #0xe6	; 230
    000001AA 00                     470 	.db #0x00	; 0
    000001AB E6                     471 	.db #0xe6	; 230
    000001AC 00                     472 	.db #0x00	; 0
    000001AD 06                     473 	.db #0x06	; 6
    000001AE 00                     474 	.db #0x00	; 0
    000001AF C6                     475 	.db #0xc6	; 198
    000001B0 00                     476 	.db #0x00	; 0
    000001B1 E6                     477 	.db #0xe6	; 230
    000001B2 00                     478 	.db #0x00	; 0
    000001B3 66                     479 	.db #0x66	; 102	'f'
    000001B4 00                     480 	.db #0x00	; 0
    000001B5 E6                     481 	.db #0xe6	; 230
    000001B6 00                     482 	.db #0x00	; 0
    000001B7 C6                     483 	.db #0xc6	; 198
    000001B8 00                     484 	.db #0x00	; 0
    000001B9 06                     485 	.db #0x06	; 6
    000001BA 00                     486 	.db #0x00	; 0
    000001BB FE                     487 	.db #0xfe	; 254
    000001BC 00                     488 	.db #0x00	; 0
    000001BD FC                     489 	.db #0xfc	; 252
    000001BE 00                     490 	.db #0x00	; 0
    000001BF 00                     491 	.db #0x00	; 0
    000001C0 00                     492 	.db #0x00	; 0
    000001C1 00                     493 	.db #0x00	; 0
    000001C2 00                     494 	.db #0x00	; 0
    000001C3 00                     495 	.db #0x00	; 0
    000001C4 00                     496 	.db #0x00	; 0
    000001C5 00                     497 	.db #0x00	; 0
    000001C6 00                     498 	.db #0x00	; 0
    000001C7 00                     499 	.db #0x00	; 0
    000001C8 00                     500 	.db #0x00	; 0
    000001C9 00                     501 	.db #0x00	; 0
    000001CA 00                     502 	.db #0x00	; 0
    000001CB 00                     503 	.db #0x00	; 0
    000001CC 00                     504 	.db #0x00	; 0
    000001CD 00                     505 	.db #0x00	; 0
    000001CE 00                     506 	.db #0x00	; 0
    000001CF 00                     507 	.db #0x00	; 0
                                    508 	.area _INITIALIZER
                                    509 	.area _CABS (ABS)
