                                      1 ;--------------------------------------------------------
                                      2 ; File Created by SDCC : free open source ISO C Compiler
                                      3 ; Version 4.5.1 #15267 (Linux)
                                      4 ;--------------------------------------------------------
                                      5 	.module map_tiles_alt
                                      6 	
                                      7 ;--------------------------------------------------------
                                      8 ; Public variables in this module
                                      9 ;--------------------------------------------------------
                                     10 	.globl _map_tiles_alt
                                     11 ;--------------------------------------------------------
                                     12 ; special function registers
                                     13 ;--------------------------------------------------------
                                     14 ;--------------------------------------------------------
                                     15 ; ram data
                                     16 ;--------------------------------------------------------
                                     17 	.area _DATA
                                     18 ;--------------------------------------------------------
                                     19 ; ram data
                                     20 ;--------------------------------------------------------
                                     21 	.area _INITIALIZED
                                     22 ;--------------------------------------------------------
                                     23 ; absolute external ram data
                                     24 ;--------------------------------------------------------
                                     25 	.area _DABS (ABS)
                                     26 ;--------------------------------------------------------
                                     27 ; global & static initialisations
                                     28 ;--------------------------------------------------------
                                     29 	.area _HOME
                                     30 	.area _GSINIT
                                     31 	.area _GSFINAL
                                     32 	.area _GSINIT
                                     33 ;--------------------------------------------------------
                                     34 ; Home
                                     35 ;--------------------------------------------------------
                                     36 	.area _HOME
                                     37 	.area _HOME
                                     38 ;--------------------------------------------------------
                                     39 ; code
                                     40 ;--------------------------------------------------------
                                     41 	.area _CODE
                                     42 	.area _CODE
    00000000                         43 _map_tiles_alt:
    00000000 00                      44 	.db #0x00	; 0
    00000001 00                      45 	.db #0x00	; 0
    00000002 00                      46 	.db #0x00	; 0
    00000003 00                      47 	.db #0x00	; 0
    00000004 00                      48 	.db #0x00	; 0
    00000005 00                      49 	.db #0x00	; 0
    00000006 00                      50 	.db #0x00	; 0
    00000007 00                      51 	.db #0x00	; 0
    00000008 00                      52 	.db #0x00	; 0
    00000009 00                      53 	.db #0x00	; 0
    0000000A 00                      54 	.db #0x00	; 0
    0000000B 00                      55 	.db #0x00	; 0
    0000000C 00                      56 	.db #0x00	; 0
    0000000D 00                      57 	.db #0x00	; 0
    0000000E 00                      58 	.db #0x00	; 0
    0000000F 00                      59 	.db #0x00	; 0
    00000010 FF                      60 	.db #0xff	; 255
    00000011 00                      61 	.db #0x00	; 0
    00000012 FF                      62 	.db #0xff	; 255
    00000013 00                      63 	.db #0x00	; 0
    00000014 FF                      64 	.db #0xff	; 255
    00000015 00                      65 	.db #0x00	; 0
    00000016 00                      66 	.db #0x00	; 0
    00000017 00                      67 	.db #0x00	; 0
    00000018 00                      68 	.db #0x00	; 0
    00000019 00                      69 	.db #0x00	; 0
    0000001A 00                      70 	.db #0x00	; 0
    0000001B 00                      71 	.db #0x00	; 0
    0000001C 00                      72 	.db #0x00	; 0
    0000001D 00                      73 	.db #0x00	; 0
    0000001E 00                      74 	.db #0x00	; 0
    0000001F 00                      75 	.db #0x00	; 0
    00000020 FF                      76 	.db #0xff	; 255
    00000021 00                      77 	.db #0x00	; 0
    00000022 7F                      78 	.db #0x7f	; 127
    00000023 00                      79 	.db #0x00	; 0
    00000024 3F                      80 	.db #0x3f	; 63
    00000025 00                      81 	.db #0x00	; 0
    00000026 00                      82 	.db #0x00	; 0
    00000027 00                      83 	.db #0x00	; 0
    00000028 00                      84 	.db #0x00	; 0
    00000029 00                      85 	.db #0x00	; 0
    0000002A 00                      86 	.db #0x00	; 0
    0000002B 00                      87 	.db #0x00	; 0
    0000002C 00                      88 	.db #0x00	; 0
    0000002D 00                      89 	.db #0x00	; 0
    0000002E 00                      90 	.db #0x00	; 0
    0000002F 00                      91 	.db #0x00	; 0
    00000030 FF                      92 	.db #0xff	; 255
    00000031 00                      93 	.db #0x00	; 0
    00000032 FE                      94 	.db #0xfe	; 254
    00000033 00                      95 	.db #0x00	; 0
    00000034 FC                      96 	.db #0xfc	; 252
    00000035 00                      97 	.db #0x00	; 0
    00000036 00                      98 	.db #0x00	; 0
    00000037 00                      99 	.db #0x00	; 0
    00000038 00                     100 	.db #0x00	; 0
    00000039 00                     101 	.db #0x00	; 0
    0000003A 00                     102 	.db #0x00	; 0
    0000003B 00                     103 	.db #0x00	; 0
    0000003C 00                     104 	.db #0x00	; 0
    0000003D 00                     105 	.db #0x00	; 0
    0000003E 00                     106 	.db #0x00	; 0
    0000003F 00                     107 	.db #0x00	; 0
    00000040 FF                     108 	.db #0xff	; 255
    00000041 00                     109 	.db #0x00	; 0
    00000042 7E                     110 	.db #0x7e	; 126
    00000043 00                     111 	.db #0x00	; 0
    00000044 3C                     112 	.db #0x3c	; 60
    00000045 00                     113 	.db #0x00	; 0
    00000046 00                     114 	.db #0x00	; 0
    00000047 00                     115 	.db #0x00	; 0
    00000048 00                     116 	.db #0x00	; 0
    00000049 00                     117 	.db #0x00	; 0
    0000004A 00                     118 	.db #0x00	; 0
    0000004B 00                     119 	.db #0x00	; 0
    0000004C 00                     120 	.db #0x00	; 0
    0000004D 00                     121 	.db #0x00	; 0
    0000004E 00                     122 	.db #0x00	; 0
    0000004F 00                     123 	.db #0x00	; 0
    00000050 3F                     124 	.db #0x3f	; 63
    00000051 3F                     125 	.db #0x3f	; 63
    00000052 40                     126 	.db #0x40	; 64
    00000053 7F                     127 	.db #0x7f	; 127
    00000054 80                     128 	.db #0x80	; 128
    00000055 FF                     129 	.db #0xff	; 255
    00000056 80                     130 	.db #0x80	; 128
    00000057 FF                     131 	.db #0xff	; 255
    00000058 80                     132 	.db #0x80	; 128
    00000059 FF                     133 	.db #0xff	; 255
    0000005A 80                     134 	.db #0x80	; 128
    0000005B FF                     135 	.db #0xff	; 255
    0000005C 80                     136 	.db #0x80	; 128
    0000005D FF                     137 	.db #0xff	; 255
    0000005E 80                     138 	.db #0x80	; 128
    0000005F FF                     139 	.db #0xff	; 255
    00000060 80                     140 	.db #0x80	; 128
    00000061 FF                     141 	.db #0xff	; 255
    00000062 80                     142 	.db #0x80	; 128
    00000063 FF                     143 	.db #0xff	; 255
    00000064 80                     144 	.db #0x80	; 128
    00000065 FF                     145 	.db #0xff	; 255
    00000066 80                     146 	.db #0x80	; 128
    00000067 FF                     147 	.db #0xff	; 255
    00000068 80                     148 	.db #0x80	; 128
    00000069 FF                     149 	.db #0xff	; 255
    0000006A 80                     150 	.db #0x80	; 128
    0000006B FF                     151 	.db #0xff	; 255
    0000006C 80                     152 	.db #0x80	; 128
    0000006D FF                     153 	.db #0xff	; 255
    0000006E 80                     154 	.db #0x80	; 128
    0000006F FF                     155 	.db #0xff	; 255
    00000070 80                     156 	.db #0x80	; 128
    00000071 FF                     157 	.db #0xff	; 255
    00000072 80                     158 	.db #0x80	; 128
    00000073 FF                     159 	.db #0xff	; 255
    00000074 80                     160 	.db #0x80	; 128
    00000075 FF                     161 	.db #0xff	; 255
    00000076 80                     162 	.db #0x80	; 128
    00000077 FF                     163 	.db #0xff	; 255
    00000078 80                     164 	.db #0x80	; 128
    00000079 FF                     165 	.db #0xff	; 255
    0000007A 80                     166 	.db #0x80	; 128
    0000007B FF                     167 	.db #0xff	; 255
    0000007C C0                     168 	.db #0xc0	; 192
    0000007D 7F                     169 	.db #0x7f	; 127
    0000007E FF                     170 	.db #0xff	; 255
    0000007F 3F                     171 	.db #0x3f	; 63
    00000080 FF                     172 	.db #0xff	; 255
    00000081 FF                     173 	.db #0xff	; 255
    00000082 00                     174 	.db #0x00	; 0
    00000083 FF                     175 	.db #0xff	; 255
    00000084 00                     176 	.db #0x00	; 0
    00000085 FF                     177 	.db #0xff	; 255
    00000086 00                     178 	.db #0x00	; 0
    00000087 FF                     179 	.db #0xff	; 255
    00000088 00                     180 	.db #0x00	; 0
    00000089 FF                     181 	.db #0xff	; 255
    0000008A 00                     182 	.db #0x00	; 0
    0000008B FF                     183 	.db #0xff	; 255
    0000008C 00                     184 	.db #0x00	; 0
    0000008D FF                     185 	.db #0xff	; 255
    0000008E 00                     186 	.db #0x00	; 0
    0000008F FF                     187 	.db #0xff	; 255
    00000090 00                     188 	.db #0x00	; 0
    00000091 FF                     189 	.db #0xff	; 255
    00000092 00                     190 	.db #0x00	; 0
    00000093 FF                     191 	.db #0xff	; 255
    00000094 00                     192 	.db #0x00	; 0
    00000095 FF                     193 	.db #0xff	; 255
    00000096 00                     194 	.db #0x00	; 0
    00000097 FF                     195 	.db #0xff	; 255
    00000098 00                     196 	.db #0x00	; 0
    00000099 FF                     197 	.db #0xff	; 255
    0000009A 00                     198 	.db #0x00	; 0
    0000009B FF                     199 	.db #0xff	; 255
    0000009C 00                     200 	.db #0x00	; 0
    0000009D FF                     201 	.db #0xff	; 255
    0000009E 00                     202 	.db #0x00	; 0
    0000009F FF                     203 	.db #0xff	; 255
    000000A0 00                     204 	.db #0x00	; 0
    000000A1 FF                     205 	.db #0xff	; 255
    000000A2 00                     206 	.db #0x00	; 0
    000000A3 FF                     207 	.db #0xff	; 255
    000000A4 00                     208 	.db #0x00	; 0
    000000A5 FF                     209 	.db #0xff	; 255
    000000A6 00                     210 	.db #0x00	; 0
    000000A7 FF                     211 	.db #0xff	; 255
    000000A8 00                     212 	.db #0x00	; 0
    000000A9 FF                     213 	.db #0xff	; 255
    000000AA 00                     214 	.db #0x00	; 0
    000000AB FF                     215 	.db #0xff	; 255
    000000AC 00                     216 	.db #0x00	; 0
    000000AD FF                     217 	.db #0xff	; 255
    000000AE FF                     218 	.db #0xff	; 255
    000000AF FF                     219 	.db #0xff	; 255
    000000B0 FC                     220 	.db #0xfc	; 252
    000000B1 FC                     221 	.db #0xfc	; 252
    000000B2 02                     222 	.db #0x02	; 2
    000000B3 FE                     223 	.db #0xfe	; 254
    000000B4 01                     224 	.db #0x01	; 1
    000000B5 FF                     225 	.db #0xff	; 255
    000000B6 01                     226 	.db #0x01	; 1
    000000B7 FF                     227 	.db #0xff	; 255
    000000B8 01                     228 	.db #0x01	; 1
    000000B9 FF                     229 	.db #0xff	; 255
    000000BA 01                     230 	.db #0x01	; 1
    000000BB FF                     231 	.db #0xff	; 255
    000000BC 01                     232 	.db #0x01	; 1
    000000BD FF                     233 	.db #0xff	; 255
    000000BE 01                     234 	.db #0x01	; 1
    000000BF FF                     235 	.db #0xff	; 255
    000000C0 01                     236 	.db #0x01	; 1
    000000C1 FF                     237 	.db #0xff	; 255
    000000C2 01                     238 	.db #0x01	; 1
    000000C3 FF                     239 	.db #0xff	; 255
    000000C4 01                     240 	.db #0x01	; 1
    000000C5 FF                     241 	.db #0xff	; 255
    000000C6 01                     242 	.db #0x01	; 1
    000000C7 FF                     243 	.db #0xff	; 255
    000000C8 01                     244 	.db #0x01	; 1
    000000C9 FF                     245 	.db #0xff	; 255
    000000CA 01                     246 	.db #0x01	; 1
    000000CB FF                     247 	.db #0xff	; 255
    000000CC 01                     248 	.db #0x01	; 1
    000000CD FF                     249 	.db #0xff	; 255
    000000CE 01                     250 	.db #0x01	; 1
    000000CF FF                     251 	.db #0xff	; 255
    000000D0 01                     252 	.db #0x01	; 1
    000000D1 FF                     253 	.db #0xff	; 255
    000000D2 01                     254 	.db #0x01	; 1
    000000D3 FF                     255 	.db #0xff	; 255
    000000D4 01                     256 	.db #0x01	; 1
    000000D5 FF                     257 	.db #0xff	; 255
    000000D6 01                     258 	.db #0x01	; 1
    000000D7 FF                     259 	.db #0xff	; 255
    000000D8 01                     260 	.db #0x01	; 1
    000000D9 FF                     261 	.db #0xff	; 255
    000000DA 01                     262 	.db #0x01	; 1
    000000DB FF                     263 	.db #0xff	; 255
    000000DC 03                     264 	.db #0x03	; 3
    000000DD FE                     265 	.db #0xfe	; 254
    000000DE FF                     266 	.db #0xff	; 255
    000000DF FC                     267 	.db #0xfc	; 252
    000000E0 3F                     268 	.db #0x3f	; 63
    000000E1 3F                     269 	.db #0x3f	; 63
    000000E2 40                     270 	.db #0x40	; 64
    000000E3 7F                     271 	.db #0x7f	; 127
    000000E4 80                     272 	.db #0x80	; 128
    000000E5 FF                     273 	.db #0xff	; 255
    000000E6 80                     274 	.db #0x80	; 128
    000000E7 FF                     275 	.db #0xff	; 255
    000000E8 80                     276 	.db #0x80	; 128
    000000E9 FF                     277 	.db #0xff	; 255
    000000EA 80                     278 	.db #0x80	; 128
    000000EB FF                     279 	.db #0xff	; 255
    000000EC C0                     280 	.db #0xc0	; 192
    000000ED 7F                     281 	.db #0x7f	; 127
    000000EE FF                     282 	.db #0xff	; 255
    000000EF 3F                     283 	.db #0x3f	; 63
    000000F0 3C                     284 	.db #0x3c	; 60
    000000F1 3C                     285 	.db #0x3c	; 60
    000000F2 42                     286 	.db #0x42	; 66	'B'
    000000F3 7E                     287 	.db #0x7e	; 126
    000000F4 81                     288 	.db #0x81	; 129
    000000F5 FF                     289 	.db #0xff	; 255
    000000F6 81                     290 	.db #0x81	; 129
    000000F7 FF                     291 	.db #0xff	; 255
    000000F8 81                     292 	.db #0x81	; 129
    000000F9 FF                     293 	.db #0xff	; 255
    000000FA 81                     294 	.db #0x81	; 129
    000000FB FF                     295 	.db #0xff	; 255
    000000FC 81                     296 	.db #0x81	; 129
    000000FD FF                     297 	.db #0xff	; 255
    000000FE 81                     298 	.db #0x81	; 129
    000000FF FF                     299 	.db #0xff	; 255
    00000100 3C                     300 	.db #0x3c	; 60
    00000101 3C                     301 	.db #0x3c	; 60
    00000102 42                     302 	.db #0x42	; 66	'B'
    00000103 7E                     303 	.db #0x7e	; 126
    00000104 81                     304 	.db #0x81	; 129
    00000105 FF                     305 	.db #0xff	; 255
    00000106 81                     306 	.db #0x81	; 129
    00000107 FF                     307 	.db #0xff	; 255
    00000108 81                     308 	.db #0x81	; 129
    00000109 FF                     309 	.db #0xff	; 255
    0000010A 81                     310 	.db #0x81	; 129
    0000010B FF                     311 	.db #0xff	; 255
    0000010C C3                     312 	.db #0xc3	; 195
    0000010D 7E                     313 	.db #0x7e	; 126
    0000010E FF                     314 	.db #0xff	; 255
    0000010F 3C                     315 	.db #0x3c	; 60
    00000110 FF                     316 	.db #0xff	; 255
    00000111 FF                     317 	.db #0xff	; 255
    00000112 00                     318 	.db #0x00	; 0
    00000113 FF                     319 	.db #0xff	; 255
    00000114 00                     320 	.db #0x00	; 0
    00000115 FF                     321 	.db #0xff	; 255
    00000116 00                     322 	.db #0x00	; 0
    00000117 FF                     323 	.db #0xff	; 255
    00000118 00                     324 	.db #0x00	; 0
    00000119 FF                     325 	.db #0xff	; 255
    0000011A 00                     326 	.db #0x00	; 0
    0000011B FF                     327 	.db #0xff	; 255
    0000011C 00                     328 	.db #0x00	; 0
    0000011D FF                     329 	.db #0xff	; 255
    0000011E FF                     330 	.db #0xff	; 255
    0000011F FF                     331 	.db #0xff	; 255
    00000120 81                     332 	.db #0x81	; 129
    00000121 FF                     333 	.db #0xff	; 255
    00000122 81                     334 	.db #0x81	; 129
    00000123 FF                     335 	.db #0xff	; 255
    00000124 81                     336 	.db #0x81	; 129
    00000125 FF                     337 	.db #0xff	; 255
    00000126 81                     338 	.db #0x81	; 129
    00000127 FF                     339 	.db #0xff	; 255
    00000128 81                     340 	.db #0x81	; 129
    00000129 FF                     341 	.db #0xff	; 255
    0000012A 81                     342 	.db #0x81	; 129
    0000012B FF                     343 	.db #0xff	; 255
    0000012C 81                     344 	.db #0x81	; 129
    0000012D FF                     345 	.db #0xff	; 255
    0000012E 81                     346 	.db #0x81	; 129
    0000012F FF                     347 	.db #0xff	; 255
    00000130 FC                     348 	.db #0xfc	; 252
    00000131 FC                     349 	.db #0xfc	; 252
    00000132 02                     350 	.db #0x02	; 2
    00000133 FE                     351 	.db #0xfe	; 254
    00000134 01                     352 	.db #0x01	; 1
    00000135 FF                     353 	.db #0xff	; 255
    00000136 01                     354 	.db #0x01	; 1
    00000137 FF                     355 	.db #0xff	; 255
    00000138 01                     356 	.db #0x01	; 1
    00000139 FF                     357 	.db #0xff	; 255
    0000013A 01                     358 	.db #0x01	; 1
    0000013B FF                     359 	.db #0xff	; 255
    0000013C 03                     360 	.db #0x03	; 3
    0000013D FE                     361 	.db #0xfe	; 254
    0000013E FF                     362 	.db #0xff	; 255
    0000013F FC                     363 	.db #0xfc	; 252
    00000140 81                     364 	.db #0x81	; 129
    00000141 FF                     365 	.db #0xff	; 255
    00000142 81                     366 	.db #0x81	; 129
    00000143 FF                     367 	.db #0xff	; 255
    00000144 81                     368 	.db #0x81	; 129
    00000145 FF                     369 	.db #0xff	; 255
    00000146 81                     370 	.db #0x81	; 129
    00000147 FF                     371 	.db #0xff	; 255
    00000148 81                     372 	.db #0x81	; 129
    00000149 FF                     373 	.db #0xff	; 255
    0000014A 81                     374 	.db #0x81	; 129
    0000014B FF                     375 	.db #0xff	; 255
    0000014C C3                     376 	.db #0xc3	; 195
    0000014D 7E                     377 	.db #0x7e	; 126
    0000014E FF                     378 	.db #0xff	; 255
    0000014F 3C                     379 	.db #0x3c	; 60
    00000150 00                     380 	.db #0x00	; 0
    00000151 7F                     381 	.db #0x7f	; 127
    00000152 00                     382 	.db #0x00	; 0
    00000153 FF                     383 	.db #0xff	; 255
    00000154 3F                     384 	.db #0x3f	; 63
    00000155 FF                     385 	.db #0xff	; 255
    00000156 7F                     386 	.db #0x7f	; 127
    00000157 FF                     387 	.db #0xff	; 255
    00000158 7F                     388 	.db #0x7f	; 127
    00000159 FF                     389 	.db #0xff	; 255
    0000015A FF                     390 	.db #0xff	; 255
    0000015B FF                     391 	.db #0xff	; 255
    0000015C 7F                     392 	.db #0x7f	; 127
    0000015D 7F                     393 	.db #0x7f	; 127
    0000015E FF                     394 	.db #0xff	; 255
    0000015F FF                     395 	.db #0xff	; 255
    00000160 7F                     396 	.db #0x7f	; 127
    00000161 7F                     397 	.db #0x7f	; 127
    00000162 FF                     398 	.db #0xff	; 255
    00000163 FF                     399 	.db #0xff	; 255
    00000164 7F                     400 	.db #0x7f	; 127
    00000165 7F                     401 	.db #0x7f	; 127
    00000166 FF                     402 	.db #0xff	; 255
    00000167 FF                     403 	.db #0xff	; 255
    00000168 7F                     404 	.db #0x7f	; 127
    00000169 7F                     405 	.db #0x7f	; 127
    0000016A FF                     406 	.db #0xff	; 255
    0000016B FF                     407 	.db #0xff	; 255
    0000016C 7F                     408 	.db #0x7f	; 127
    0000016D 7F                     409 	.db #0x7f	; 127
    0000016E FF                     410 	.db #0xff	; 255
    0000016F FF                     411 	.db #0xff	; 255
    00000170 7F                     412 	.db #0x7f	; 127
    00000171 7F                     413 	.db #0x7f	; 127
    00000172 FF                     414 	.db #0xff	; 255
    00000173 FF                     415 	.db #0xff	; 255
    00000174 7F                     416 	.db #0x7f	; 127
    00000175 7F                     417 	.db #0x7f	; 127
    00000176 FF                     418 	.db #0xff	; 255
    00000177 FF                     419 	.db #0xff	; 255
    00000178 7F                     420 	.db #0x7f	; 127
    00000179 7F                     421 	.db #0x7f	; 127
    0000017A FF                     422 	.db #0xff	; 255
    0000017B FF                     423 	.db #0xff	; 255
    0000017C 7F                     424 	.db #0x7f	; 127
    0000017D 7F                     425 	.db #0x7f	; 127
    0000017E 2A                     426 	.db #0x2a	; 42
    0000017F 2A                     427 	.db #0x2a	; 42
    00000180 00                     428 	.db #0x00	; 0
    00000181 FF                     429 	.db #0xff	; 255
    00000182 00                     430 	.db #0x00	; 0
    00000183 FF                     431 	.db #0xff	; 255
    00000184 FF                     432 	.db #0xff	; 255
    00000185 FF                     433 	.db #0xff	; 255
    00000186 FF                     434 	.db #0xff	; 255
    00000187 FF                     435 	.db #0xff	; 255
    00000188 FF                     436 	.db #0xff	; 255
    00000189 FF                     437 	.db #0xff	; 255
    0000018A FF                     438 	.db #0xff	; 255
    0000018B FF                     439 	.db #0xff	; 255
    0000018C FF                     440 	.db #0xff	; 255
    0000018D FF                     441 	.db #0xff	; 255
    0000018E FF                     442 	.db #0xff	; 255
    0000018F FF                     443 	.db #0xff	; 255
    00000190 FF                     444 	.db #0xff	; 255
    00000191 FF                     445 	.db #0xff	; 255
    00000192 FF                     446 	.db #0xff	; 255
    00000193 FF                     447 	.db #0xff	; 255
    00000194 FF                     448 	.db #0xff	; 255
    00000195 FF                     449 	.db #0xff	; 255
    00000196 FF                     450 	.db #0xff	; 255
    00000197 FF                     451 	.db #0xff	; 255
    00000198 FF                     452 	.db #0xff	; 255
    00000199 FF                     453 	.db #0xff	; 255
    0000019A FF                     454 	.db #0xff	; 255
    0000019B FF                     455 	.db #0xff	; 255
    0000019C FF                     456 	.db #0xff	; 255
    0000019D FF                     457 	.db #0xff	; 255
    0000019E FF                     458 	.db #0xff	; 255
    0000019F FF                     459 	.db #0xff	; 255
    000001A0 FF                     460 	.db #0xff	; 255
    000001A1 FF                     461 	.db #0xff	; 255
    000001A2 FF                     462 	.db #0xff	; 255
    000001A3 FF                     463 	.db #0xff	; 255
    000001A4 FF                     464 	.db #0xff	; 255
    000001A5 FF                     465 	.db #0xff	; 255
    000001A6 FF                     466 	.db #0xff	; 255
    000001A7 FF                     467 	.db #0xff	; 255
    000001A8 FF                     468 	.db #0xff	; 255
    000001A9 FF                     469 	.db #0xff	; 255
    000001AA FF                     470 	.db #0xff	; 255
    000001AB FF                     471 	.db #0xff	; 255
    000001AC FF                     472 	.db #0xff	; 255
    000001AD FF                     473 	.db #0xff	; 255
    000001AE AA                     474 	.db #0xaa	; 170
    000001AF AA                     475 	.db #0xaa	; 170
    000001B0 00                     476 	.db #0x00	; 0
    000001B1 FE                     477 	.db #0xfe	; 254
    000001B2 00                     478 	.db #0x00	; 0
    000001B3 FF                     479 	.db #0xff	; 255
    000001B4 FC                     480 	.db #0xfc	; 252
    000001B5 FF                     481 	.db #0xff	; 255
    000001B6 FE                     482 	.db #0xfe	; 254
    000001B7 FF                     483 	.db #0xff	; 255
    000001B8 FE                     484 	.db #0xfe	; 254
    000001B9 FF                     485 	.db #0xff	; 255
    000001BA FF                     486 	.db #0xff	; 255
    000001BB FF                     487 	.db #0xff	; 255
    000001BC FE                     488 	.db #0xfe	; 254
    000001BD FE                     489 	.db #0xfe	; 254
    000001BE FF                     490 	.db #0xff	; 255
    000001BF FF                     491 	.db #0xff	; 255
    000001C0 FE                     492 	.db #0xfe	; 254
    000001C1 FE                     493 	.db #0xfe	; 254
    000001C2 FF                     494 	.db #0xff	; 255
    000001C3 FF                     495 	.db #0xff	; 255
    000001C4 FE                     496 	.db #0xfe	; 254
    000001C5 FE                     497 	.db #0xfe	; 254
    000001C6 FF                     498 	.db #0xff	; 255
    000001C7 FF                     499 	.db #0xff	; 255
    000001C8 FE                     500 	.db #0xfe	; 254
    000001C9 FE                     501 	.db #0xfe	; 254
    000001CA FF                     502 	.db #0xff	; 255
    000001CB FF                     503 	.db #0xff	; 255
    000001CC FE                     504 	.db #0xfe	; 254
    000001CD FE                     505 	.db #0xfe	; 254
    000001CE FF                     506 	.db #0xff	; 255
    000001CF FF                     507 	.db #0xff	; 255
    000001D0 FE                     508 	.db #0xfe	; 254
    000001D1 FE                     509 	.db #0xfe	; 254
    000001D2 FF                     510 	.db #0xff	; 255
    000001D3 FF                     511 	.db #0xff	; 255
    000001D4 FE                     512 	.db #0xfe	; 254
    000001D5 FE                     513 	.db #0xfe	; 254
    000001D6 FF                     514 	.db #0xff	; 255
    000001D7 FF                     515 	.db #0xff	; 255
    000001D8 FE                     516 	.db #0xfe	; 254
    000001D9 FE                     517 	.db #0xfe	; 254
    000001DA FF                     518 	.db #0xff	; 255
    000001DB FF                     519 	.db #0xff	; 255
    000001DC FE                     520 	.db #0xfe	; 254
    000001DD FE                     521 	.db #0xfe	; 254
    000001DE AC                     522 	.db #0xac	; 172
    000001DF AC                     523 	.db #0xac	; 172
    000001E0 00                     524 	.db #0x00	; 0
    000001E1 00                     525 	.db #0x00	; 0
    000001E2 00                     526 	.db #0x00	; 0
    000001E3 00                     527 	.db #0x00	; 0
    000001E4 10                     528 	.db #0x10	; 16
    000001E5 00                     529 	.db #0x00	; 0
    000001E6 28                     530 	.db #0x28	; 40
    000001E7 00                     531 	.db #0x00	; 0
    000001E8 10                     532 	.db #0x10	; 16
    000001E9 00                     533 	.db #0x00	; 0
    000001EA 00                     534 	.db #0x00	; 0
    000001EB 00                     535 	.db #0x00	; 0
    000001EC 00                     536 	.db #0x00	; 0
    000001ED 00                     537 	.db #0x00	; 0
    000001EE 00                     538 	.db #0x00	; 0
    000001EF 00                     539 	.db #0x00	; 0
    000001F0 00                     540 	.db #0x00	; 0
    000001F1 00                     541 	.db #0x00	; 0
    000001F2 04                     542 	.db #0x04	; 4
    000001F3 00                     543 	.db #0x00	; 0
    000001F4 0A                     544 	.db #0x0a	; 10
    000001F5 00                     545 	.db #0x00	; 0
    000001F6 04                     546 	.db #0x04	; 4
    000001F7 00                     547 	.db #0x00	; 0
    000001F8 24                     548 	.db #0x24	; 36
    000001F9 00                     549 	.db #0x00	; 0
    000001FA 50                     550 	.db #0x50	; 80	'P'
    000001FB 00                     551 	.db #0x00	; 0
    000001FC 20                     552 	.db #0x20	; 32
    000001FD 00                     553 	.db #0x00	; 0
    000001FE 00                     554 	.db #0x00	; 0
    000001FF 00                     555 	.db #0x00	; 0
    00000200 00                     556 	.db #0x00	; 0
    00000201 00                     557 	.db #0x00	; 0
    00000202 00                     558 	.db #0x00	; 0
    00000203 00                     559 	.db #0x00	; 0
    00000204 00                     560 	.db #0x00	; 0
    00000205 FF                     561 	.db #0xff	; 255
    00000206 07                     562 	.db #0x07	; 7
    00000207 FF                     563 	.db #0xff	; 255
    00000208 05                     564 	.db #0x05	; 5
    00000209 FF                     565 	.db #0xff	; 255
    0000020A 07                     566 	.db #0x07	; 7
    0000020B FF                     567 	.db #0xff	; 255
    0000020C 00                     568 	.db #0x00	; 0
    0000020D FF                     569 	.db #0xff	; 255
    0000020E FB                     570 	.db #0xfb	; 251
    0000020F 04                     571 	.db #0x04	; 4
    00000210 F7                     572 	.db #0xf7	; 247
    00000211 0B                     573 	.db #0x0b	; 11
    00000212 F7                     574 	.db #0xf7	; 247
    00000213 0B                     575 	.db #0x0b	; 11
    00000214 F5                     576 	.db #0xf5	; 245
    00000215 0B                     577 	.db #0x0b	; 11
    00000216 FA                     578 	.db #0xfa	; 250
    00000217 05                     579 	.db #0x05	; 5
    00000218 FB                     580 	.db #0xfb	; 251
    00000219 04                     581 	.db #0x04	; 4
    0000021A FC                     582 	.db #0xfc	; 252
    0000021B 03                     583 	.db #0x03	; 3
    0000021C 00                     584 	.db #0x00	; 0
    0000021D 00                     585 	.db #0x00	; 0
    0000021E 00                     586 	.db #0x00	; 0
    0000021F 00                     587 	.db #0x00	; 0
    00000220 00                     588 	.db #0x00	; 0
    00000221 00                     589 	.db #0x00	; 0
    00000222 00                     590 	.db #0x00	; 0
    00000223 00                     591 	.db #0x00	; 0
    00000224 00                     592 	.db #0x00	; 0
    00000225 FF                     593 	.db #0xff	; 255
    00000226 40                     594 	.db #0x40	; 64
    00000227 FF                     595 	.db #0xff	; 255
    00000228 E0                     596 	.db #0xe0	; 224
    00000229 FF                     597 	.db #0xff	; 255
    0000022A 00                     598 	.db #0x00	; 0
    0000022B FF                     599 	.db #0xff	; 255
    0000022C 00                     600 	.db #0x00	; 0
    0000022D FF                     601 	.db #0xff	; 255
    0000022E DF                     602 	.db #0xdf	; 223
    0000022F 20                     603 	.db #0x20	; 32
    00000230 EF                     604 	.db #0xef	; 239
    00000231 D0                     605 	.db #0xd0	; 208
    00000232 EF                     606 	.db #0xef	; 239
    00000233 D0                     607 	.db #0xd0	; 208
    00000234 AF                     608 	.db #0xaf	; 175
    00000235 D0                     609 	.db #0xd0	; 208
    00000236 5F                     610 	.db #0x5f	; 95
    00000237 A0                     611 	.db #0xa0	; 160
    00000238 DF                     612 	.db #0xdf	; 223
    00000239 20                     613 	.db #0x20	; 32
    0000023A 3F                     614 	.db #0x3f	; 63
    0000023B C0                     615 	.db #0xc0	; 192
    0000023C 00                     616 	.db #0x00	; 0
    0000023D 00                     617 	.db #0x00	; 0
    0000023E 00                     618 	.db #0x00	; 0
    0000023F 00                     619 	.db #0x00	; 0
    00000240 30                     620 	.db #0x30	; 48	'0'
    00000241 0F                     621 	.db #0x0f	; 15
    00000242 30                     622 	.db #0x30	; 48	'0'
    00000243 0F                     623 	.db #0x0f	; 15
    00000244 30                     624 	.db #0x30	; 48	'0'
    00000245 0F                     625 	.db #0x0f	; 15
    00000246 30                     626 	.db #0x30	; 48	'0'
    00000247 0F                     627 	.db #0x0f	; 15
    00000248 30                     628 	.db #0x30	; 48	'0'
    00000249 0F                     629 	.db #0x0f	; 15
    0000024A 2B                     630 	.db #0x2b	; 43
    0000024B 1F                     631 	.db #0x1f	; 31
    0000024C 1A                     632 	.db #0x1a	; 26
    0000024D 3F                     633 	.db #0x3f	; 63
    0000024E 3B                     634 	.db #0x3b	; 59
    0000024F 1F                     635 	.db #0x1f	; 31
    00000250 39                     636 	.db #0x39	; 57	'9'
    00000251 1F                     637 	.db #0x1f	; 31
    00000252 19                     638 	.db #0x19	; 25
    00000253 3F                     639 	.db #0x3f	; 63
    00000254 29                     640 	.db #0x29	; 41
    00000255 1F                     641 	.db #0x1f	; 31
    00000256 30                     642 	.db #0x30	; 48	'0'
    00000257 0F                     643 	.db #0x0f	; 15
    00000258 30                     644 	.db #0x30	; 48	'0'
    00000259 0F                     645 	.db #0x0f	; 15
    0000025A 30                     646 	.db #0x30	; 48	'0'
    0000025B 0F                     647 	.db #0x0f	; 15
    0000025C 30                     648 	.db #0x30	; 48	'0'
    0000025D 0F                     649 	.db #0x0f	; 15
    0000025E 30                     650 	.db #0x30	; 48	'0'
    0000025F 0F                     651 	.db #0x0f	; 15
    00000260 18                     652 	.db #0x18	; 24
    00000261 E0                     653 	.db #0xe0	; 224
    00000262 18                     654 	.db #0x18	; 24
    00000263 E0                     655 	.db #0xe0	; 224
    00000264 18                     656 	.db #0x18	; 24
    00000265 E0                     657 	.db #0xe0	; 224
    00000266 18                     658 	.db #0x18	; 24
    00000267 E0                     659 	.db #0xe0	; 224
    00000268 18                     660 	.db #0x18	; 24
    00000269 E0                     661 	.db #0xe0	; 224
    0000026A A8                     662 	.db #0xa8	; 168
    0000026B F0                     663 	.db #0xf0	; 240
    0000026C B0                     664 	.db #0xb0	; 176
    0000026D F8                     665 	.db #0xf8	; 248
    0000026E B8                     666 	.db #0xb8	; 184
    0000026F F0                     667 	.db #0xf0	; 240
    00000270 38                     668 	.db #0x38	; 56	'8'
    00000271 F0                     669 	.db #0xf0	; 240
    00000272 B0                     670 	.db #0xb0	; 176
    00000273 F8                     671 	.db #0xf8	; 248
    00000274 28                     672 	.db #0x28	; 40
    00000275 F0                     673 	.db #0xf0	; 240
    00000276 18                     674 	.db #0x18	; 24
    00000277 E0                     675 	.db #0xe0	; 224
    00000278 18                     676 	.db #0x18	; 24
    00000279 E0                     677 	.db #0xe0	; 224
    0000027A 18                     678 	.db #0x18	; 24
    0000027B E0                     679 	.db #0xe0	; 224
    0000027C 18                     680 	.db #0x18	; 24
    0000027D E0                     681 	.db #0xe0	; 224
    0000027E 18                     682 	.db #0x18	; 24
    0000027F E0                     683 	.db #0xe0	; 224
    00000280 00                     684 	.db #0x00	; 0
    00000281 00                     685 	.db #0x00	; 0
    00000282 00                     686 	.db #0x00	; 0
    00000283 00                     687 	.db #0x00	; 0
    00000284 00                     688 	.db #0x00	; 0
    00000285 80                     689 	.db #0x80	; 128
    00000286 C0                     690 	.db #0xc0	; 192
    00000287 80                     691 	.db #0x80	; 128
    00000288 C0                     692 	.db #0xc0	; 192
    00000289 80                     693 	.db #0x80	; 128
    0000028A C0                     694 	.db #0xc0	; 192
    0000028B 80                     695 	.db #0x80	; 128
    0000028C 40                     696 	.db #0x40	; 64
    0000028D 80                     697 	.db #0x80	; 128
    0000028E C0                     698 	.db #0xc0	; 192
    0000028F 00                     699 	.db #0x00	; 0
    00000290 C0                     700 	.db #0xc0	; 192
    00000291 80                     701 	.db #0x80	; 128
    00000292 C0                     702 	.db #0xc0	; 192
    00000293 80                     703 	.db #0x80	; 128
    00000294 C0                     704 	.db #0xc0	; 192
    00000295 80                     705 	.db #0x80	; 128
    00000296 40                     706 	.db #0x40	; 64
    00000297 80                     707 	.db #0x80	; 128
    00000298 C0                     708 	.db #0xc0	; 192
    00000299 00                     709 	.db #0x00	; 0
    0000029A 00                     710 	.db #0x00	; 0
    0000029B 80                     711 	.db #0x80	; 128
    0000029C 00                     712 	.db #0x00	; 0
    0000029D 00                     713 	.db #0x00	; 0
    0000029E 00                     714 	.db #0x00	; 0
    0000029F 00                     715 	.db #0x00	; 0
    000002A0 00                     716 	.db #0x00	; 0
    000002A1 00                     717 	.db #0x00	; 0
    000002A2 00                     718 	.db #0x00	; 0
    000002A3 00                     719 	.db #0x00	; 0
    000002A4 00                     720 	.db #0x00	; 0
    000002A5 01                     721 	.db #0x01	; 1
    000002A6 02                     722 	.db #0x02	; 2
    000002A7 01                     723 	.db #0x01	; 1
    000002A8 03                     724 	.db #0x03	; 3
    000002A9 01                     725 	.db #0x01	; 1
    000002AA 02                     726 	.db #0x02	; 2
    000002AB 01                     727 	.db #0x01	; 1
    000002AC 02                     728 	.db #0x02	; 2
    000002AD 01                     729 	.db #0x01	; 1
    000002AE 03                     730 	.db #0x03	; 3
    000002AF 00                     731 	.db #0x00	; 0
    000002B0 03                     732 	.db #0x03	; 3
    000002B1 01                     733 	.db #0x01	; 1
    000002B2 03                     734 	.db #0x03	; 3
    000002B3 01                     735 	.db #0x01	; 1
    000002B4 03                     736 	.db #0x03	; 3
    000002B5 01                     737 	.db #0x01	; 1
    000002B6 02                     738 	.db #0x02	; 2
    000002B7 01                     739 	.db #0x01	; 1
    000002B8 03                     740 	.db #0x03	; 3
    000002B9 00                     741 	.db #0x00	; 0
    000002BA 00                     742 	.db #0x00	; 0
    000002BB 01                     743 	.db #0x01	; 1
    000002BC 00                     744 	.db #0x00	; 0
    000002BD 00                     745 	.db #0x00	; 0
    000002BE 00                     746 	.db #0x00	; 0
    000002BF 00                     747 	.db #0x00	; 0
    000002C0 03                     748 	.db #0x03	; 3
    000002C1 0F                     749 	.db #0x0f	; 15
    000002C2 07                     750 	.db #0x07	; 7
    000002C3 00                     751 	.db #0x00	; 0
    000002C4 00                     752 	.db #0x00	; 0
    000002C5 00                     753 	.db #0x00	; 0
    000002C6 00                     754 	.db #0x00	; 0
    000002C7 00                     755 	.db #0x00	; 0
    000002C8 00                     756 	.db #0x00	; 0
    000002C9 00                     757 	.db #0x00	; 0
    000002CA 00                     758 	.db #0x00	; 0
    000002CB 00                     759 	.db #0x00	; 0
    000002CC 00                     760 	.db #0x00	; 0
    000002CD 00                     761 	.db #0x00	; 0
    000002CE 00                     762 	.db #0x00	; 0
    000002CF 00                     763 	.db #0x00	; 0
    000002D0 00                     764 	.db #0x00	; 0
    000002D1 00                     765 	.db #0x00	; 0
    000002D2 00                     766 	.db #0x00	; 0
    000002D3 00                     767 	.db #0x00	; 0
    000002D4 00                     768 	.db #0x00	; 0
    000002D5 00                     769 	.db #0x00	; 0
    000002D6 00                     770 	.db #0x00	; 0
    000002D7 00                     771 	.db #0x00	; 0
    000002D8 00                     772 	.db #0x00	; 0
    000002D9 00                     773 	.db #0x00	; 0
    000002DA 00                     774 	.db #0x00	; 0
    000002DB 00                     775 	.db #0x00	; 0
    000002DC 07                     776 	.db #0x07	; 7
    000002DD 00                     777 	.db #0x00	; 0
    000002DE 01                     778 	.db #0x01	; 1
    000002DF 0F                     779 	.db #0x0f	; 15
    000002E0 80                     780 	.db #0x80	; 128
    000002E1 F0                     781 	.db #0xf0	; 240
    000002E2 E0                     782 	.db #0xe0	; 224
    000002E3 00                     783 	.db #0x00	; 0
    000002E4 00                     784 	.db #0x00	; 0
    000002E5 00                     785 	.db #0x00	; 0
    000002E6 00                     786 	.db #0x00	; 0
    000002E7 00                     787 	.db #0x00	; 0
    000002E8 00                     788 	.db #0x00	; 0
    000002E9 00                     789 	.db #0x00	; 0
    000002EA 00                     790 	.db #0x00	; 0
    000002EB 00                     791 	.db #0x00	; 0
    000002EC 00                     792 	.db #0x00	; 0
    000002ED 00                     793 	.db #0x00	; 0
    000002EE 00                     794 	.db #0x00	; 0
    000002EF 00                     795 	.db #0x00	; 0
    000002F0 00                     796 	.db #0x00	; 0
    000002F1 00                     797 	.db #0x00	; 0
    000002F2 00                     798 	.db #0x00	; 0
    000002F3 00                     799 	.db #0x00	; 0
    000002F4 00                     800 	.db #0x00	; 0
    000002F5 00                     801 	.db #0x00	; 0
    000002F6 00                     802 	.db #0x00	; 0
    000002F7 00                     803 	.db #0x00	; 0
    000002F8 00                     804 	.db #0x00	; 0
    000002F9 00                     805 	.db #0x00	; 0
    000002FA 00                     806 	.db #0x00	; 0
    000002FB 00                     807 	.db #0x00	; 0
    000002FC E0                     808 	.db #0xe0	; 224
    000002FD 00                     809 	.db #0x00	; 0
    000002FE 00                     810 	.db #0x00	; 0
    000002FF F0                     811 	.db #0xf0	; 240
    00000300 00                     812 	.db #0x00	; 0
    00000301 00                     813 	.db #0x00	; 0
    00000302 00                     814 	.db #0x00	; 0
    00000303 3F                     815 	.db #0x3f	; 63
    00000304 00                     816 	.db #0x00	; 0
    00000305 7F                     817 	.db #0x7f	; 127
    00000306 1F                     818 	.db #0x1f	; 31
    00000307 60                     819 	.db #0x60	; 96
    00000308 00                     820 	.db #0x00	; 0
    00000309 60                     821 	.db #0x60	; 96
    0000030A 00                     822 	.db #0x00	; 0
    0000030B 63                     823 	.db #0x63	; 99	'c'
    0000030C 00                     824 	.db #0x00	; 0
    0000030D 64                     825 	.db #0x64	; 100	'd'
    0000030E 00                     826 	.db #0x00	; 0
    0000030F 64                     827 	.db #0x64	; 100	'd'
    00000310 00                     828 	.db #0x00	; 0
    00000311 63                     829 	.db #0x63	; 99	'c'
    00000312 00                     830 	.db #0x00	; 0
    00000313 60                     831 	.db #0x60	; 96
    00000314 00                     832 	.db #0x00	; 0
    00000315 64                     833 	.db #0x64	; 100	'd'
    00000316 00                     834 	.db #0x00	; 0
    00000317 63                     835 	.db #0x63	; 99	'c'
    00000318 00                     836 	.db #0x00	; 0
    00000319 60                     837 	.db #0x60	; 96
    0000031A 00                     838 	.db #0x00	; 0
    0000031B 7F                     839 	.db #0x7f	; 127
    0000031C 40                     840 	.db #0x40	; 64
    0000031D 3F                     841 	.db #0x3f	; 63
    0000031E 3F                     842 	.db #0x3f	; 63
    0000031F 00                     843 	.db #0x00	; 0
    00000320 00                     844 	.db #0x00	; 0
    00000321 00                     845 	.db #0x00	; 0
    00000322 00                     846 	.db #0x00	; 0
    00000323 FC                     847 	.db #0xfc	; 252
    00000324 00                     848 	.db #0x00	; 0
    00000325 FE                     849 	.db #0xfe	; 254
    00000326 F8                     850 	.db #0xf8	; 248
    00000327 06                     851 	.db #0x06	; 6
    00000328 00                     852 	.db #0x00	; 0
    00000329 06                     853 	.db #0x06	; 6
    0000032A 00                     854 	.db #0x00	; 0
    0000032B C6                     855 	.db #0xc6	; 198
    0000032C 00                     856 	.db #0x00	; 0
    0000032D 26                     857 	.db #0x26	; 38
    0000032E 08                     858 	.db #0x08	; 8
    0000032F 0E                     859 	.db #0x0e	; 14
    00000330 0C                     860 	.db #0x0c	; 12
    00000331 CE                     861 	.db #0xce	; 206
    00000332 08                     862 	.db #0x08	; 8
    00000333 2E                     863 	.db #0x2e	; 46
    00000334 00                     864 	.db #0x00	; 0
    00000335 26                     865 	.db #0x26	; 38
    00000336 00                     866 	.db #0x00	; 0
    00000337 C6                     867 	.db #0xc6	; 198
    00000338 00                     868 	.db #0x00	; 0
    00000339 06                     869 	.db #0x06	; 6
    0000033A 00                     870 	.db #0x00	; 0
    0000033B FE                     871 	.db #0xfe	; 254
    0000033C 02                     872 	.db #0x02	; 2
    0000033D FC                     873 	.db #0xfc	; 252
    0000033E FC                     874 	.db #0xfc	; 252
    0000033F 00                     875 	.db #0x00	; 0
    00000340 00                     876 	.db #0x00	; 0
    00000341 00                     877 	.db #0x00	; 0
    00000342 00                     878 	.db #0x00	; 0
    00000343 3F                     879 	.db #0x3f	; 63
    00000344 00                     880 	.db #0x00	; 0
    00000345 7F                     881 	.db #0x7f	; 127
    00000346 1F                     882 	.db #0x1f	; 31
    00000347 60                     883 	.db #0x60	; 96
    00000348 00                     884 	.db #0x00	; 0
    00000349 60                     885 	.db #0x60	; 96
    0000034A 00                     886 	.db #0x00	; 0
    0000034B 63                     887 	.db #0x63	; 99	'c'
    0000034C 00                     888 	.db #0x00	; 0
    0000034D 64                     889 	.db #0x64	; 100	'd'
    0000034E 10                     890 	.db #0x10	; 16
    0000034F 74                     891 	.db #0x74	; 116	't'
    00000350 30                     892 	.db #0x30	; 48	'0'
    00000351 73                     893 	.db #0x73	; 115	's'
    00000352 10                     894 	.db #0x10	; 16
    00000353 70                     895 	.db #0x70	; 112	'p'
    00000354 00                     896 	.db #0x00	; 0
    00000355 64                     897 	.db #0x64	; 100	'd'
    00000356 00                     898 	.db #0x00	; 0
    00000357 63                     899 	.db #0x63	; 99	'c'
    00000358 00                     900 	.db #0x00	; 0
    00000359 60                     901 	.db #0x60	; 96
    0000035A 00                     902 	.db #0x00	; 0
    0000035B 7F                     903 	.db #0x7f	; 127
    0000035C 40                     904 	.db #0x40	; 64
    0000035D 3F                     905 	.db #0x3f	; 63
    0000035E 3F                     906 	.db #0x3f	; 63
    0000035F 00                     907 	.db #0x00	; 0
    00000360 00                     908 	.db #0x00	; 0
    00000361 00                     909 	.db #0x00	; 0
    00000362 00                     910 	.db #0x00	; 0
    00000363 FC                     911 	.db #0xfc	; 252
    00000364 00                     912 	.db #0x00	; 0
    00000365 FE                     913 	.db #0xfe	; 254
    00000366 F8                     914 	.db #0xf8	; 248
    00000367 06                     915 	.db #0x06	; 6
    00000368 00                     916 	.db #0x00	; 0
    00000369 06                     917 	.db #0x06	; 6
    0000036A 00                     918 	.db #0x00	; 0
    0000036B C6                     919 	.db #0xc6	; 198
    0000036C 00                     920 	.db #0x00	; 0
    0000036D 26                     921 	.db #0x26	; 38
    0000036E 00                     922 	.db #0x00	; 0
    0000036F 06                     923 	.db #0x06	; 6
    00000370 00                     924 	.db #0x00	; 0
    00000371 C6                     925 	.db #0xc6	; 198
    00000372 00                     926 	.db #0x00	; 0
    00000373 26                     927 	.db #0x26	; 38
    00000374 00                     928 	.db #0x00	; 0
    00000375 26                     929 	.db #0x26	; 38
    00000376 00                     930 	.db #0x00	; 0
    00000377 C6                     931 	.db #0xc6	; 198
    00000378 00                     932 	.db #0x00	; 0
    00000379 06                     933 	.db #0x06	; 6
    0000037A 00                     934 	.db #0x00	; 0
    0000037B FE                     935 	.db #0xfe	; 254
    0000037C 02                     936 	.db #0x02	; 2
    0000037D FC                     937 	.db #0xfc	; 252
    0000037E FC                     938 	.db #0xfc	; 252
    0000037F 00                     939 	.db #0x00	; 0
    00000380 00                     940 	.db #0x00	; 0
    00000381 00                     941 	.db #0x00	; 0
    00000382 00                     942 	.db #0x00	; 0
    00000383 3F                     943 	.db #0x3f	; 63
    00000384 00                     944 	.db #0x00	; 0
    00000385 7F                     945 	.db #0x7f	; 127
    00000386 1F                     946 	.db #0x1f	; 31
    00000387 60                     947 	.db #0x60	; 96
    00000388 00                     948 	.db #0x00	; 0
    00000389 60                     949 	.db #0x60	; 96
    0000038A 00                     950 	.db #0x00	; 0
    0000038B 63                     951 	.db #0x63	; 99	'c'
    0000038C 00                     952 	.db #0x00	; 0
    0000038D 64                     953 	.db #0x64	; 100	'd'
    0000038E 00                     954 	.db #0x00	; 0
    0000038F 64                     955 	.db #0x64	; 100	'd'
    00000390 00                     956 	.db #0x00	; 0
    00000391 63                     957 	.db #0x63	; 99	'c'
    00000392 00                     958 	.db #0x00	; 0
    00000393 60                     959 	.db #0x60	; 96
    00000394 00                     960 	.db #0x00	; 0
    00000395 64                     961 	.db #0x64	; 100	'd'
    00000396 00                     962 	.db #0x00	; 0
    00000397 63                     963 	.db #0x63	; 99	'c'
    00000398 00                     964 	.db #0x00	; 0
    00000399 60                     965 	.db #0x60	; 96
    0000039A 03                     966 	.db #0x03	; 3
    0000039B 7F                     967 	.db #0x7f	; 127
    0000039C 41                     968 	.db #0x41	; 65	'A'
    0000039D 3F                     969 	.db #0x3f	; 63
    0000039E 3F                     970 	.db #0x3f	; 63
    0000039F 00                     971 	.db #0x00	; 0
    000003A0 00                     972 	.db #0x00	; 0
    000003A1 00                     973 	.db #0x00	; 0
    000003A2 00                     974 	.db #0x00	; 0
    000003A3 FC                     975 	.db #0xfc	; 252
    000003A4 00                     976 	.db #0x00	; 0
    000003A5 FE                     977 	.db #0xfe	; 254
    000003A6 F8                     978 	.db #0xf8	; 248
    000003A7 06                     979 	.db #0x06	; 6
    000003A8 00                     980 	.db #0x00	; 0
    000003A9 06                     981 	.db #0x06	; 6
    000003AA 00                     982 	.db #0x00	; 0
    000003AB C6                     983 	.db #0xc6	; 198
    000003AC 00                     984 	.db #0x00	; 0
    000003AD 26                     985 	.db #0x26	; 38
    000003AE 00                     986 	.db #0x00	; 0
    000003AF 06                     987 	.db #0x06	; 6
    000003B0 00                     988 	.db #0x00	; 0
    000003B1 C6                     989 	.db #0xc6	; 198
    000003B2 00                     990 	.db #0x00	; 0
    000003B3 26                     991 	.db #0x26	; 38
    000003B4 00                     992 	.db #0x00	; 0
    000003B5 26                     993 	.db #0x26	; 38
    000003B6 00                     994 	.db #0x00	; 0
    000003B7 C6                     995 	.db #0xc6	; 198
    000003B8 00                     996 	.db #0x00	; 0
    000003B9 06                     997 	.db #0x06	; 6
    000003BA C0                     998 	.db #0xc0	; 192
    000003BB FE                     999 	.db #0xfe	; 254
    000003BC 82                    1000 	.db #0x82	; 130
    000003BD FC                    1001 	.db #0xfc	; 252
    000003BE FC                    1002 	.db #0xfc	; 252
    000003BF 00                    1003 	.db #0x00	; 0
    000003C0 00                    1004 	.db #0x00	; 0
    000003C1 00                    1005 	.db #0x00	; 0
    000003C2 00                    1006 	.db #0x00	; 0
    000003C3 3F                    1007 	.db #0x3f	; 63
    000003C4 01                    1008 	.db #0x01	; 1
    000003C5 7F                    1009 	.db #0x7f	; 127
    000003C6 1F                    1010 	.db #0x1f	; 31
    000003C7 63                    1011 	.db #0x63	; 99	'c'
    000003C8 00                    1012 	.db #0x00	; 0
    000003C9 60                    1013 	.db #0x60	; 96
    000003CA 00                    1014 	.db #0x00	; 0
    000003CB 63                    1015 	.db #0x63	; 99	'c'
    000003CC 00                    1016 	.db #0x00	; 0
    000003CD 64                    1017 	.db #0x64	; 100	'd'
    000003CE 00                    1018 	.db #0x00	; 0
    000003CF 64                    1019 	.db #0x64	; 100	'd'
    000003D0 00                    1020 	.db #0x00	; 0
    000003D1 63                    1021 	.db #0x63	; 99	'c'
    000003D2 00                    1022 	.db #0x00	; 0
    000003D3 60                    1023 	.db #0x60	; 96
    000003D4 00                    1024 	.db #0x00	; 0
    000003D5 64                    1025 	.db #0x64	; 100	'd'
    000003D6 00                    1026 	.db #0x00	; 0
    000003D7 63                    1027 	.db #0x63	; 99	'c'
    000003D8 00                    1028 	.db #0x00	; 0
    000003D9 60                    1029 	.db #0x60	; 96
    000003DA 00                    1030 	.db #0x00	; 0
    000003DB 7F                    1031 	.db #0x7f	; 127
    000003DC 40                    1032 	.db #0x40	; 64
    000003DD 3F                    1033 	.db #0x3f	; 63
    000003DE 3F                    1034 	.db #0x3f	; 63
    000003DF 00                    1035 	.db #0x00	; 0
    000003E0 00                    1036 	.db #0x00	; 0
    000003E1 00                    1037 	.db #0x00	; 0
    000003E2 00                    1038 	.db #0x00	; 0
    000003E3 FC                    1039 	.db #0xfc	; 252
    000003E4 80                    1040 	.db #0x80	; 128
    000003E5 FE                    1041 	.db #0xfe	; 254
    000003E6 F8                    1042 	.db #0xf8	; 248
    000003E7 C6                    1043 	.db #0xc6	; 198
    000003E8 00                    1044 	.db #0x00	; 0
    000003E9 06                    1045 	.db #0x06	; 6
    000003EA 00                    1046 	.db #0x00	; 0
    000003EB C6                    1047 	.db #0xc6	; 198
    000003EC 00                    1048 	.db #0x00	; 0
    000003ED 26                    1049 	.db #0x26	; 38
    000003EE 00                    1050 	.db #0x00	; 0
    000003EF 06                    1051 	.db #0x06	; 6
    000003F0 00                    1052 	.db #0x00	; 0
    000003F1 C6                    1053 	.db #0xc6	; 198
    000003F2 00                    1054 	.db #0x00	; 0
    000003F3 26                    1055 	.db #0x26	; 38
    000003F4 00                    1056 	.db #0x00	; 0
    000003F5 26                    1057 	.db #0x26	; 38
    000003F6 00                    1058 	.db #0x00	; 0
    000003F7 C6                    1059 	.db #0xc6	; 198
    000003F8 00                    1060 	.db #0x00	; 0
    000003F9 06                    1061 	.db #0x06	; 6
    000003FA 00                    1062 	.db #0x00	; 0
    000003FB FE                    1063 	.db #0xfe	; 254
    000003FC 02                    1064 	.db #0x02	; 2
    000003FD FC                    1065 	.db #0xfc	; 252
    000003FE FC                    1066 	.db #0xfc	; 252
    000003FF 00                    1067 	.db #0x00	; 0
    00000400 00                    1068 	.db #0x00	; 0
    00000401 00                    1069 	.db #0x00	; 0
    00000402 00                    1070 	.db #0x00	; 0
    00000403 3F                    1071 	.db #0x3f	; 63
    00000404 00                    1072 	.db #0x00	; 0
    00000405 7F                    1073 	.db #0x7f	; 127
    00000406 1F                    1074 	.db #0x1f	; 31
    00000407 60                    1075 	.db #0x60	; 96
    00000408 00                    1076 	.db #0x00	; 0
    00000409 60                    1077 	.db #0x60	; 96
    0000040A 00                    1078 	.db #0x00	; 0
    0000040B 67                    1079 	.db #0x67	; 103	'g'
    0000040C 00                    1080 	.db #0x00	; 0
    0000040D 64                    1081 	.db #0x64	; 100	'd'
    0000040E 00                    1082 	.db #0x00	; 0
    0000040F 64                    1083 	.db #0x64	; 100	'd'
    00000410 00                    1084 	.db #0x00	; 0
    00000411 64                    1085 	.db #0x64	; 100	'd'
    00000412 00                    1086 	.db #0x00	; 0
    00000413 64                    1087 	.db #0x64	; 100	'd'
    00000414 00                    1088 	.db #0x00	; 0
    00000415 64                    1089 	.db #0x64	; 100	'd'
    00000416 00                    1090 	.db #0x00	; 0
    00000417 67                    1091 	.db #0x67	; 103	'g'
    00000418 00                    1092 	.db #0x00	; 0
    00000419 60                    1093 	.db #0x60	; 96
    0000041A 00                    1094 	.db #0x00	; 0
    0000041B 7F                    1095 	.db #0x7f	; 127
    0000041C 40                    1096 	.db #0x40	; 64
    0000041D 3F                    1097 	.db #0x3f	; 63
    0000041E 3F                    1098 	.db #0x3f	; 63
    0000041F 00                    1099 	.db #0x00	; 0
    00000420 00                    1100 	.db #0x00	; 0
    00000421 00                    1101 	.db #0x00	; 0
    00000422 00                    1102 	.db #0x00	; 0
    00000423 FC                    1103 	.db #0xfc	; 252
    00000424 00                    1104 	.db #0x00	; 0
    00000425 FE                    1105 	.db #0xfe	; 254
    00000426 F8                    1106 	.db #0xf8	; 248
    00000427 06                    1107 	.db #0x06	; 6
    00000428 00                    1108 	.db #0x00	; 0
    00000429 06                    1109 	.db #0x06	; 6
    0000042A 00                    1110 	.db #0x00	; 0
    0000042B 86                    1111 	.db #0x86	; 134
    0000042C 00                    1112 	.db #0x00	; 0
    0000042D 46                    1113 	.db #0x46	; 70	'F'
    0000042E 00                    1114 	.db #0x00	; 0
    0000042F 26                    1115 	.db #0x26	; 38
    00000430 00                    1116 	.db #0x00	; 0
    00000431 26                    1117 	.db #0x26	; 38
    00000432 00                    1118 	.db #0x00	; 0
    00000433 26                    1119 	.db #0x26	; 38
    00000434 00                    1120 	.db #0x00	; 0
    00000435 46                    1121 	.db #0x46	; 70	'F'
    00000436 00                    1122 	.db #0x00	; 0
    00000437 86                    1123 	.db #0x86	; 134
    00000438 00                    1124 	.db #0x00	; 0
    00000439 06                    1125 	.db #0x06	; 6
    0000043A 00                    1126 	.db #0x00	; 0
    0000043B FE                    1127 	.db #0xfe	; 254
    0000043C 02                    1128 	.db #0x02	; 2
    0000043D FC                    1129 	.db #0xfc	; 252
    0000043E FC                    1130 	.db #0xfc	; 252
    0000043F 00                    1131 	.db #0x00	; 0
    00000440 00                    1132 	.db #0x00	; 0
    00000441 00                    1133 	.db #0x00	; 0
    00000442 00                    1134 	.db #0x00	; 0
    00000443 00                    1135 	.db #0x00	; 0
    00000444 00                    1136 	.db #0x00	; 0
    00000445 00                    1137 	.db #0x00	; 0
    00000446 0F                    1138 	.db #0x0f	; 15
    00000447 00                    1139 	.db #0x00	; 0
    00000448 10                    1140 	.db #0x10	; 16
    00000449 0F                    1141 	.db #0x0f	; 15
    0000044A 10                    1142 	.db #0x10	; 16
    0000044B 0F                    1143 	.db #0x0f	; 15
    0000044C 10                    1144 	.db #0x10	; 16
    0000044D 0F                    1145 	.db #0x0f	; 15
    0000044E 10                    1146 	.db #0x10	; 16
    0000044F 08                    1147 	.db #0x08	; 8
    00000450 10                    1148 	.db #0x10	; 16
    00000451 08                    1149 	.db #0x08	; 8
    00000452 10                    1150 	.db #0x10	; 16
    00000453 0F                    1151 	.db #0x0f	; 15
    00000454 10                    1152 	.db #0x10	; 16
    00000455 0F                    1153 	.db #0x0f	; 15
    00000456 10                    1154 	.db #0x10	; 16
    00000457 0F                    1155 	.db #0x0f	; 15
    00000458 0F                    1156 	.db #0x0f	; 15
    00000459 0F                    1157 	.db #0x0f	; 15
    0000045A 00                    1158 	.db #0x00	; 0
    0000045B 00                    1159 	.db #0x00	; 0
    0000045C 00                    1160 	.db #0x00	; 0
    0000045D 00                    1161 	.db #0x00	; 0
    0000045E 00                    1162 	.db #0x00	; 0
    0000045F 00                    1163 	.db #0x00	; 0
    00000460 00                    1164 	.db #0x00	; 0
    00000461 00                    1165 	.db #0x00	; 0
    00000462 00                    1166 	.db #0x00	; 0
    00000463 00                    1167 	.db #0x00	; 0
    00000464 00                    1168 	.db #0x00	; 0
    00000465 00                    1169 	.db #0x00	; 0
    00000466 F0                    1170 	.db #0xf0	; 240
    00000467 00                    1171 	.db #0x00	; 0
    00000468 08                    1172 	.db #0x08	; 8
    00000469 F8                    1173 	.db #0xf8	; 248
    0000046A 08                    1174 	.db #0x08	; 8
    0000046B 78                    1175 	.db #0x78	; 120	'x'
    0000046C 08                    1176 	.db #0x08	; 8
    0000046D 38                    1177 	.db #0x38	; 56	'8'
    0000046E 08                    1178 	.db #0x08	; 8
    0000046F 18                    1179 	.db #0x18	; 24
    00000470 08                    1180 	.db #0x08	; 8
    00000471 18                    1181 	.db #0x18	; 24
    00000472 08                    1182 	.db #0x08	; 8
    00000473 38                    1183 	.db #0x38	; 56	'8'
    00000474 08                    1184 	.db #0x08	; 8
    00000475 78                    1185 	.db #0x78	; 120	'x'
    00000476 08                    1186 	.db #0x08	; 8
    00000477 F8                    1187 	.db #0xf8	; 248
    00000478 F0                    1188 	.db #0xf0	; 240
    00000479 F0                    1189 	.db #0xf0	; 240
    0000047A 00                    1190 	.db #0x00	; 0
    0000047B 00                    1191 	.db #0x00	; 0
    0000047C 00                    1192 	.db #0x00	; 0
    0000047D 00                    1193 	.db #0x00	; 0
    0000047E 00                    1194 	.db #0x00	; 0
    0000047F 00                    1195 	.db #0x00	; 0
    00000480 00                    1196 	.db #0x00	; 0
    00000481 00                    1197 	.db #0x00	; 0
    00000482 00                    1198 	.db #0x00	; 0
    00000483 00                    1199 	.db #0x00	; 0
    00000484 00                    1200 	.db #0x00	; 0
    00000485 00                    1201 	.db #0x00	; 0
    00000486 0F                    1202 	.db #0x0f	; 15
    00000487 00                    1203 	.db #0x00	; 0
    00000488 10                    1204 	.db #0x10	; 16
    00000489 0F                    1205 	.db #0x0f	; 15
    0000048A 10                    1206 	.db #0x10	; 16
    0000048B 0E                    1207 	.db #0x0e	; 14
    0000048C 10                    1208 	.db #0x10	; 16
    0000048D 0C                    1209 	.db #0x0c	; 12
    0000048E 10                    1210 	.db #0x10	; 16
    0000048F 08                    1211 	.db #0x08	; 8
    00000490 10                    1212 	.db #0x10	; 16
    00000491 08                    1213 	.db #0x08	; 8
    00000492 10                    1214 	.db #0x10	; 16
    00000493 0C                    1215 	.db #0x0c	; 12
    00000494 10                    1216 	.db #0x10	; 16
    00000495 0E                    1217 	.db #0x0e	; 14
    00000496 10                    1218 	.db #0x10	; 16
    00000497 0F                    1219 	.db #0x0f	; 15
    00000498 0F                    1220 	.db #0x0f	; 15
    00000499 0F                    1221 	.db #0x0f	; 15
    0000049A 00                    1222 	.db #0x00	; 0
    0000049B 00                    1223 	.db #0x00	; 0
    0000049C 00                    1224 	.db #0x00	; 0
    0000049D 00                    1225 	.db #0x00	; 0
    0000049E 00                    1226 	.db #0x00	; 0
    0000049F 00                    1227 	.db #0x00	; 0
    000004A0 00                    1228 	.db #0x00	; 0
    000004A1 00                    1229 	.db #0x00	; 0
    000004A2 00                    1230 	.db #0x00	; 0
    000004A3 00                    1231 	.db #0x00	; 0
    000004A4 00                    1232 	.db #0x00	; 0
    000004A5 00                    1233 	.db #0x00	; 0
    000004A6 F0                    1234 	.db #0xf0	; 240
    000004A7 00                    1235 	.db #0x00	; 0
    000004A8 08                    1236 	.db #0x08	; 8
    000004A9 F8                    1237 	.db #0xf8	; 248
    000004AA 08                    1238 	.db #0x08	; 8
    000004AB F8                    1239 	.db #0xf8	; 248
    000004AC 08                    1240 	.db #0x08	; 8
    000004AD F8                    1241 	.db #0xf8	; 248
    000004AE 08                    1242 	.db #0x08	; 8
    000004AF 18                    1243 	.db #0x18	; 24
    000004B0 08                    1244 	.db #0x08	; 8
    000004B1 18                    1245 	.db #0x18	; 24
    000004B2 08                    1246 	.db #0x08	; 8
    000004B3 F8                    1247 	.db #0xf8	; 248
    000004B4 08                    1248 	.db #0x08	; 8
    000004B5 F8                    1249 	.db #0xf8	; 248
    000004B6 08                    1250 	.db #0x08	; 8
    000004B7 F8                    1251 	.db #0xf8	; 248
    000004B8 F0                    1252 	.db #0xf0	; 240
    000004B9 F0                    1253 	.db #0xf0	; 240
    000004BA 00                    1254 	.db #0x00	; 0
    000004BB 00                    1255 	.db #0x00	; 0
    000004BC 00                    1256 	.db #0x00	; 0
    000004BD 00                    1257 	.db #0x00	; 0
    000004BE 00                    1258 	.db #0x00	; 0
    000004BF 00                    1259 	.db #0x00	; 0
    000004C0 00                    1260 	.db #0x00	; 0
    000004C1 00                    1261 	.db #0x00	; 0
    000004C2 00                    1262 	.db #0x00	; 0
    000004C3 00                    1263 	.db #0x00	; 0
    000004C4 00                    1264 	.db #0x00	; 0
    000004C5 00                    1265 	.db #0x00	; 0
    000004C6 0F                    1266 	.db #0x0f	; 15
    000004C7 00                    1267 	.db #0x00	; 0
    000004C8 10                    1268 	.db #0x10	; 16
    000004C9 0F                    1269 	.db #0x0f	; 15
    000004CA 10                    1270 	.db #0x10	; 16
    000004CB 0E                    1271 	.db #0x0e	; 14
    000004CC 10                    1272 	.db #0x10	; 16
    000004CD 0C                    1273 	.db #0x0c	; 12
    000004CE 10                    1274 	.db #0x10	; 16
    000004CF 08                    1275 	.db #0x08	; 8
    000004D0 10                    1276 	.db #0x10	; 16
    000004D1 0E                    1277 	.db #0x0e	; 14
    000004D2 10                    1278 	.db #0x10	; 16
    000004D3 0E                    1279 	.db #0x0e	; 14
    000004D4 10                    1280 	.db #0x10	; 16
    000004D5 0E                    1281 	.db #0x0e	; 14
    000004D6 10                    1282 	.db #0x10	; 16
    000004D7 0F                    1283 	.db #0x0f	; 15
    000004D8 0F                    1284 	.db #0x0f	; 15
    000004D9 0F                    1285 	.db #0x0f	; 15
    000004DA 00                    1286 	.db #0x00	; 0
    000004DB 00                    1287 	.db #0x00	; 0
    000004DC 00                    1288 	.db #0x00	; 0
    000004DD 00                    1289 	.db #0x00	; 0
    000004DE 00                    1290 	.db #0x00	; 0
    000004DF 00                    1291 	.db #0x00	; 0
    000004E0 00                    1292 	.db #0x00	; 0
    000004E1 00                    1293 	.db #0x00	; 0
    000004E2 00                    1294 	.db #0x00	; 0
    000004E3 00                    1295 	.db #0x00	; 0
    000004E4 00                    1296 	.db #0x00	; 0
    000004E5 00                    1297 	.db #0x00	; 0
    000004E6 F0                    1298 	.db #0xf0	; 240
    000004E7 00                    1299 	.db #0x00	; 0
    000004E8 08                    1300 	.db #0x08	; 8
    000004E9 F8                    1301 	.db #0xf8	; 248
    000004EA 08                    1302 	.db #0x08	; 8
    000004EB 78                    1303 	.db #0x78	; 120	'x'
    000004EC 08                    1304 	.db #0x08	; 8
    000004ED 38                    1305 	.db #0x38	; 56	'8'
    000004EE 08                    1306 	.db #0x08	; 8
    000004EF 18                    1307 	.db #0x18	; 24
    000004F0 08                    1308 	.db #0x08	; 8
    000004F1 78                    1309 	.db #0x78	; 120	'x'
    000004F2 08                    1310 	.db #0x08	; 8
    000004F3 78                    1311 	.db #0x78	; 120	'x'
    000004F4 08                    1312 	.db #0x08	; 8
    000004F5 78                    1313 	.db #0x78	; 120	'x'
    000004F6 08                    1314 	.db #0x08	; 8
    000004F7 F8                    1315 	.db #0xf8	; 248
    000004F8 F0                    1316 	.db #0xf0	; 240
    000004F9 F0                    1317 	.db #0xf0	; 240
    000004FA 00                    1318 	.db #0x00	; 0
    000004FB 00                    1319 	.db #0x00	; 0
    000004FC 00                    1320 	.db #0x00	; 0
    000004FD 00                    1321 	.db #0x00	; 0
    000004FE 00                    1322 	.db #0x00	; 0
    000004FF 00                    1323 	.db #0x00	; 0
    00000500 00                    1324 	.db #0x00	; 0
    00000501 00                    1325 	.db #0x00	; 0
    00000502 00                    1326 	.db #0x00	; 0
    00000503 00                    1327 	.db #0x00	; 0
    00000504 00                    1328 	.db #0x00	; 0
    00000505 00                    1329 	.db #0x00	; 0
    00000506 0F                    1330 	.db #0x0f	; 15
    00000507 00                    1331 	.db #0x00	; 0
    00000508 10                    1332 	.db #0x10	; 16
    00000509 0F                    1333 	.db #0x0f	; 15
    0000050A 10                    1334 	.db #0x10	; 16
    0000050B 0E                    1335 	.db #0x0e	; 14
    0000050C 10                    1336 	.db #0x10	; 16
    0000050D 0E                    1337 	.db #0x0e	; 14
    0000050E 10                    1338 	.db #0x10	; 16
    0000050F 0E                    1339 	.db #0x0e	; 14
    00000510 10                    1340 	.db #0x10	; 16
    00000511 08                    1341 	.db #0x08	; 8
    00000512 10                    1342 	.db #0x10	; 16
    00000513 0C                    1343 	.db #0x0c	; 12
    00000514 10                    1344 	.db #0x10	; 16
    00000515 0E                    1345 	.db #0x0e	; 14
    00000516 10                    1346 	.db #0x10	; 16
    00000517 0F                    1347 	.db #0x0f	; 15
    00000518 0F                    1348 	.db #0x0f	; 15
    00000519 0F                    1349 	.db #0x0f	; 15
    0000051A 00                    1350 	.db #0x00	; 0
    0000051B 00                    1351 	.db #0x00	; 0
    0000051C 00                    1352 	.db #0x00	; 0
    0000051D 00                    1353 	.db #0x00	; 0
    0000051E 00                    1354 	.db #0x00	; 0
    0000051F 00                    1355 	.db #0x00	; 0
    00000520 00                    1356 	.db #0x00	; 0
    00000521 00                    1357 	.db #0x00	; 0
    00000522 00                    1358 	.db #0x00	; 0
    00000523 00                    1359 	.db #0x00	; 0
    00000524 00                    1360 	.db #0x00	; 0
    00000525 00                    1361 	.db #0x00	; 0
    00000526 F0                    1362 	.db #0xf0	; 240
    00000527 00                    1363 	.db #0x00	; 0
    00000528 08                    1364 	.db #0x08	; 8
    00000529 F8                    1365 	.db #0xf8	; 248
    0000052A 08                    1366 	.db #0x08	; 8
    0000052B 78                    1367 	.db #0x78	; 120	'x'
    0000052C 08                    1368 	.db #0x08	; 8
    0000052D 78                    1369 	.db #0x78	; 120	'x'
    0000052E 08                    1370 	.db #0x08	; 8
    0000052F 78                    1371 	.db #0x78	; 120	'x'
    00000530 08                    1372 	.db #0x08	; 8
    00000531 18                    1373 	.db #0x18	; 24
    00000532 08                    1374 	.db #0x08	; 8
    00000533 38                    1375 	.db #0x38	; 56	'8'
    00000534 08                    1376 	.db #0x08	; 8
    00000535 78                    1377 	.db #0x78	; 120	'x'
    00000536 08                    1378 	.db #0x08	; 8
    00000537 F8                    1379 	.db #0xf8	; 248
    00000538 F0                    1380 	.db #0xf0	; 240
    00000539 F0                    1381 	.db #0xf0	; 240
    0000053A 00                    1382 	.db #0x00	; 0
    0000053B 00                    1383 	.db #0x00	; 0
    0000053C 00                    1384 	.db #0x00	; 0
    0000053D 00                    1385 	.db #0x00	; 0
    0000053E 00                    1386 	.db #0x00	; 0
    0000053F 00                    1387 	.db #0x00	; 0
    00000540 00                    1388 	.db #0x00	; 0
    00000541 00                    1389 	.db #0x00	; 0
    00000542 00                    1390 	.db #0x00	; 0
    00000543 00                    1391 	.db #0x00	; 0
    00000544 00                    1392 	.db #0x00	; 0
    00000545 00                    1393 	.db #0x00	; 0
    00000546 0F                    1394 	.db #0x0f	; 15
    00000547 00                    1395 	.db #0x00	; 0
    00000548 10                    1396 	.db #0x10	; 16
    00000549 0E                    1397 	.db #0x0e	; 14
    0000054A 10                    1398 	.db #0x10	; 16
    0000054B 0C                    1399 	.db #0x0c	; 12
    0000054C 10                    1400 	.db #0x10	; 16
    0000054D 0E                    1401 	.db #0x0e	; 14
    0000054E 10                    1402 	.db #0x10	; 16
    0000054F 0E                    1403 	.db #0x0e	; 14
    00000550 10                    1404 	.db #0x10	; 16
    00000551 0E                    1405 	.db #0x0e	; 14
    00000552 10                    1406 	.db #0x10	; 16
    00000553 0F                    1407 	.db #0x0f	; 15
    00000554 10                    1408 	.db #0x10	; 16
    00000555 0F                    1409 	.db #0x0f	; 15
    00000556 10                    1410 	.db #0x10	; 16
    00000557 0F                    1411 	.db #0x0f	; 15
    00000558 0F                    1412 	.db #0x0f	; 15
    00000559 0F                    1413 	.db #0x0f	; 15
    0000055A 00                    1414 	.db #0x00	; 0
    0000055B 00                    1415 	.db #0x00	; 0
    0000055C 00                    1416 	.db #0x00	; 0
    0000055D 00                    1417 	.db #0x00	; 0
    0000055E 00                    1418 	.db #0x00	; 0
    0000055F 00                    1419 	.db #0x00	; 0
    00000560 00                    1420 	.db #0x00	; 0
    00000561 00                    1421 	.db #0x00	; 0
    00000562 00                    1422 	.db #0x00	; 0
    00000563 00                    1423 	.db #0x00	; 0
    00000564 00                    1424 	.db #0x00	; 0
    00000565 00                    1425 	.db #0x00	; 0
    00000566 F0                    1426 	.db #0xf0	; 240
    00000567 00                    1427 	.db #0x00	; 0
    00000568 08                    1428 	.db #0x08	; 8
    00000569 F8                    1429 	.db #0xf8	; 248
    0000056A 08                    1430 	.db #0x08	; 8
    0000056B 78                    1431 	.db #0x78	; 120	'x'
    0000056C 08                    1432 	.db #0x08	; 8
    0000056D F8                    1433 	.db #0xf8	; 248
    0000056E 08                    1434 	.db #0x08	; 8
    0000056F D8                    1435 	.db #0xd8	; 216
    00000570 08                    1436 	.db #0x08	; 8
    00000571 08                    1437 	.db #0x08	; 8
    00000572 08                    1438 	.db #0x08	; 8
    00000573 D8                    1439 	.db #0xd8	; 216
    00000574 08                    1440 	.db #0x08	; 8
    00000575 F8                    1441 	.db #0xf8	; 248
    00000576 08                    1442 	.db #0x08	; 8
    00000577 F8                    1443 	.db #0xf8	; 248
    00000578 F0                    1444 	.db #0xf0	; 240
    00000579 F0                    1445 	.db #0xf0	; 240
    0000057A 00                    1446 	.db #0x00	; 0
    0000057B 00                    1447 	.db #0x00	; 0
    0000057C 00                    1448 	.db #0x00	; 0
    0000057D 00                    1449 	.db #0x00	; 0
    0000057E 00                    1450 	.db #0x00	; 0
    0000057F 00                    1451 	.db #0x00	; 0
    00000580 00                    1452 	.db #0x00	; 0
    00000581 00                    1453 	.db #0x00	; 0
    00000582 00                    1454 	.db #0x00	; 0
    00000583 00                    1455 	.db #0x00	; 0
    00000584 00                    1456 	.db #0x00	; 0
    00000585 00                    1457 	.db #0x00	; 0
    00000586 0F                    1458 	.db #0x0f	; 15
    00000587 00                    1459 	.db #0x00	; 0
    00000588 10                    1460 	.db #0x10	; 16
    00000589 0F                    1461 	.db #0x0f	; 15
    0000058A 10                    1462 	.db #0x10	; 16
    0000058B 0E                    1463 	.db #0x0e	; 14
    0000058C 10                    1464 	.db #0x10	; 16
    0000058D 0F                    1465 	.db #0x0f	; 15
    0000058E 10                    1466 	.db #0x10	; 16
    0000058F 0B                    1467 	.db #0x0b	; 11
    00000590 10                    1468 	.db #0x10	; 16
    00000591 00                    1469 	.db #0x00	; 0
    00000592 10                    1470 	.db #0x10	; 16
    00000593 0B                    1471 	.db #0x0b	; 11
    00000594 10                    1472 	.db #0x10	; 16
    00000595 0F                    1473 	.db #0x0f	; 15
    00000596 10                    1474 	.db #0x10	; 16
    00000597 0F                    1475 	.db #0x0f	; 15
    00000598 0F                    1476 	.db #0x0f	; 15
    00000599 0F                    1477 	.db #0x0f	; 15
    0000059A 00                    1478 	.db #0x00	; 0
    0000059B 00                    1479 	.db #0x00	; 0
    0000059C 00                    1480 	.db #0x00	; 0
    0000059D 00                    1481 	.db #0x00	; 0
    0000059E 00                    1482 	.db #0x00	; 0
    0000059F 00                    1483 	.db #0x00	; 0
    000005A0 00                    1484 	.db #0x00	; 0
    000005A1 00                    1485 	.db #0x00	; 0
    000005A2 00                    1486 	.db #0x00	; 0
    000005A3 00                    1487 	.db #0x00	; 0
    000005A4 00                    1488 	.db #0x00	; 0
    000005A5 00                    1489 	.db #0x00	; 0
    000005A6 F0                    1490 	.db #0xf0	; 240
    000005A7 00                    1491 	.db #0x00	; 0
    000005A8 08                    1492 	.db #0x08	; 8
    000005A9 78                    1493 	.db #0x78	; 120	'x'
    000005AA 08                    1494 	.db #0x08	; 8
    000005AB 38                    1495 	.db #0x38	; 56	'8'
    000005AC 08                    1496 	.db #0x08	; 8
    000005AD 78                    1497 	.db #0x78	; 120	'x'
    000005AE 08                    1498 	.db #0x08	; 8
    000005AF 78                    1499 	.db #0x78	; 120	'x'
    000005B0 08                    1500 	.db #0x08	; 8
    000005B1 78                    1501 	.db #0x78	; 120	'x'
    000005B2 08                    1502 	.db #0x08	; 8
    000005B3 F8                    1503 	.db #0xf8	; 248
    000005B4 08                    1504 	.db #0x08	; 8
    000005B5 F8                    1505 	.db #0xf8	; 248
    000005B6 08                    1506 	.db #0x08	; 8
    000005B7 F8                    1507 	.db #0xf8	; 248
    000005B8 F0                    1508 	.db #0xf0	; 240
    000005B9 F0                    1509 	.db #0xf0	; 240
    000005BA 00                    1510 	.db #0x00	; 0
    000005BB 00                    1511 	.db #0x00	; 0
    000005BC 00                    1512 	.db #0x00	; 0
    000005BD 00                    1513 	.db #0x00	; 0
    000005BE 00                    1514 	.db #0x00	; 0
    000005BF 00                    1515 	.db #0x00	; 0
    000005C0 00                    1516 	.db #0x00	; 0
    000005C1 00                    1517 	.db #0x00	; 0
    000005C2 00                    1518 	.db #0x00	; 0
    000005C3 00                    1519 	.db #0x00	; 0
    000005C4 00                    1520 	.db #0x00	; 0
    000005C5 00                    1521 	.db #0x00	; 0
    000005C6 0F                    1522 	.db #0x0f	; 15
    000005C7 00                    1523 	.db #0x00	; 0
    000005C8 10                    1524 	.db #0x10	; 16
    000005C9 0F                    1525 	.db #0x0f	; 15
    000005CA 10                    1526 	.db #0x10	; 16
    000005CB 0F                    1527 	.db #0x0f	; 15
    000005CC 10                    1528 	.db #0x10	; 16
    000005CD 0F                    1529 	.db #0x0f	; 15
    000005CE 10                    1530 	.db #0x10	; 16
    000005CF 0E                    1531 	.db #0x0e	; 14
    000005D0 10                    1532 	.db #0x10	; 16
    000005D1 0E                    1533 	.db #0x0e	; 14
    000005D2 10                    1534 	.db #0x10	; 16
    000005D3 0E                    1535 	.db #0x0e	; 14
    000005D4 10                    1536 	.db #0x10	; 16
    000005D5 0C                    1537 	.db #0x0c	; 12
    000005D6 10                    1538 	.db #0x10	; 16
    000005D7 0E                    1539 	.db #0x0e	; 14
    000005D8 0F                    1540 	.db #0x0f	; 15
    000005D9 0F                    1541 	.db #0x0f	; 15
    000005DA 00                    1542 	.db #0x00	; 0
    000005DB 00                    1543 	.db #0x00	; 0
    000005DC 00                    1544 	.db #0x00	; 0
    000005DD 00                    1545 	.db #0x00	; 0
    000005DE 00                    1546 	.db #0x00	; 0
    000005DF 00                    1547 	.db #0x00	; 0
    000005E0 00                    1548 	.db #0x00	; 0
    000005E1 00                    1549 	.db #0x00	; 0
    000005E2 00                    1550 	.db #0x00	; 0
    000005E3 00                    1551 	.db #0x00	; 0
    000005E4 00                    1552 	.db #0x00	; 0
    000005E5 00                    1553 	.db #0x00	; 0
    000005E6 F0                    1554 	.db #0xf0	; 240
    000005E7 00                    1555 	.db #0x00	; 0
    000005E8 08                    1556 	.db #0x08	; 8
    000005E9 F8                    1557 	.db #0xf8	; 248
    000005EA 08                    1558 	.db #0x08	; 8
    000005EB F8                    1559 	.db #0xf8	; 248
    000005EC 08                    1560 	.db #0x08	; 8
    000005ED D8                    1561 	.db #0xd8	; 216
    000005EE 08                    1562 	.db #0x08	; 8
    000005EF 08                    1563 	.db #0x08	; 8
    000005F0 08                    1564 	.db #0x08	; 8
    000005F1 D8                    1565 	.db #0xd8	; 216
    000005F2 08                    1566 	.db #0x08	; 8
    000005F3 F8                    1567 	.db #0xf8	; 248
    000005F4 08                    1568 	.db #0x08	; 8
    000005F5 78                    1569 	.db #0x78	; 120	'x'
    000005F6 08                    1570 	.db #0x08	; 8
    000005F7 F8                    1571 	.db #0xf8	; 248
    000005F8 F0                    1572 	.db #0xf0	; 240
    000005F9 F0                    1573 	.db #0xf0	; 240
    000005FA 00                    1574 	.db #0x00	; 0
    000005FB 00                    1575 	.db #0x00	; 0
    000005FC 00                    1576 	.db #0x00	; 0
    000005FD 00                    1577 	.db #0x00	; 0
    000005FE 00                    1578 	.db #0x00	; 0
    000005FF 00                    1579 	.db #0x00	; 0
    00000600 00                    1580 	.db #0x00	; 0
    00000601 00                    1581 	.db #0x00	; 0
    00000602 00                    1582 	.db #0x00	; 0
    00000603 00                    1583 	.db #0x00	; 0
    00000604 00                    1584 	.db #0x00	; 0
    00000605 00                    1585 	.db #0x00	; 0
    00000606 0F                    1586 	.db #0x0f	; 15
    00000607 00                    1587 	.db #0x00	; 0
    00000608 10                    1588 	.db #0x10	; 16
    00000609 0F                    1589 	.db #0x0f	; 15
    0000060A 10                    1590 	.db #0x10	; 16
    0000060B 0F                    1591 	.db #0x0f	; 15
    0000060C 10                    1592 	.db #0x10	; 16
    0000060D 0B                    1593 	.db #0x0b	; 11
    0000060E 10                    1594 	.db #0x10	; 16
    0000060F 00                    1595 	.db #0x00	; 0
    00000610 10                    1596 	.db #0x10	; 16
    00000611 0B                    1597 	.db #0x0b	; 11
    00000612 10                    1598 	.db #0x10	; 16
    00000613 0F                    1599 	.db #0x0f	; 15
    00000614 10                    1600 	.db #0x10	; 16
    00000615 0E                    1601 	.db #0x0e	; 14
    00000616 10                    1602 	.db #0x10	; 16
    00000617 0F                    1603 	.db #0x0f	; 15
    00000618 0F                    1604 	.db #0x0f	; 15
    00000619 0F                    1605 	.db #0x0f	; 15
    0000061A 00                    1606 	.db #0x00	; 0
    0000061B 00                    1607 	.db #0x00	; 0
    0000061C 00                    1608 	.db #0x00	; 0
    0000061D 00                    1609 	.db #0x00	; 0
    0000061E 00                    1610 	.db #0x00	; 0
    0000061F 00                    1611 	.db #0x00	; 0
    00000620 00                    1612 	.db #0x00	; 0
    00000621 00                    1613 	.db #0x00	; 0
    00000622 00                    1614 	.db #0x00	; 0
    00000623 00                    1615 	.db #0x00	; 0
    00000624 00                    1616 	.db #0x00	; 0
    00000625 00                    1617 	.db #0x00	; 0
    00000626 F0                    1618 	.db #0xf0	; 240
    00000627 00                    1619 	.db #0x00	; 0
    00000628 08                    1620 	.db #0x08	; 8
    00000629 F8                    1621 	.db #0xf8	; 248
    0000062A 08                    1622 	.db #0x08	; 8
    0000062B F8                    1623 	.db #0xf8	; 248
    0000062C 08                    1624 	.db #0x08	; 8
    0000062D F8                    1625 	.db #0xf8	; 248
    0000062E 08                    1626 	.db #0x08	; 8
    0000062F 78                    1627 	.db #0x78	; 120	'x'
    00000630 08                    1628 	.db #0x08	; 8
    00000631 78                    1629 	.db #0x78	; 120	'x'
    00000632 08                    1630 	.db #0x08	; 8
    00000633 78                    1631 	.db #0x78	; 120	'x'
    00000634 08                    1632 	.db #0x08	; 8
    00000635 38                    1633 	.db #0x38	; 56	'8'
    00000636 08                    1634 	.db #0x08	; 8
    00000637 78                    1635 	.db #0x78	; 120	'x'
    00000638 F0                    1636 	.db #0xf0	; 240
    00000639 F0                    1637 	.db #0xf0	; 240
    0000063A 00                    1638 	.db #0x00	; 0
    0000063B 00                    1639 	.db #0x00	; 0
    0000063C 00                    1640 	.db #0x00	; 0
    0000063D 00                    1641 	.db #0x00	; 0
    0000063E 00                    1642 	.db #0x00	; 0
    0000063F 00                    1643 	.db #0x00	; 0
    00000640 00                    1644 	.db #0x00	; 0
    00000641 00                    1645 	.db #0x00	; 0
    00000642 00                    1646 	.db #0x00	; 0
    00000643 00                    1647 	.db #0x00	; 0
    00000644 00                    1648 	.db #0x00	; 0
    00000645 00                    1649 	.db #0x00	; 0
    00000646 0F                    1650 	.db #0x0f	; 15
    00000647 0F                    1651 	.db #0x0f	; 15
    00000648 1F                    1652 	.db #0x1f	; 31
    00000649 10                    1653 	.db #0x10	; 16
    0000064A 1F                    1654 	.db #0x1f	; 31
    0000064B 10                    1655 	.db #0x10	; 16
    0000064C 1F                    1656 	.db #0x1f	; 31
    0000064D 10                    1657 	.db #0x10	; 16
    0000064E 1F                    1658 	.db #0x1f	; 31
    0000064F 10                    1659 	.db #0x10	; 16
    00000650 1F                    1660 	.db #0x1f	; 31
    00000651 10                    1661 	.db #0x10	; 16
    00000652 1F                    1662 	.db #0x1f	; 31
    00000653 10                    1663 	.db #0x10	; 16
    00000654 1F                    1664 	.db #0x1f	; 31
    00000655 10                    1665 	.db #0x10	; 16
    00000656 1F                    1666 	.db #0x1f	; 31
    00000657 10                    1667 	.db #0x10	; 16
    00000658 00                    1668 	.db #0x00	; 0
    00000659 0F                    1669 	.db #0x0f	; 15
    0000065A 00                    1670 	.db #0x00	; 0
    0000065B 00                    1671 	.db #0x00	; 0
    0000065C 00                    1672 	.db #0x00	; 0
    0000065D 00                    1673 	.db #0x00	; 0
    0000065E 00                    1674 	.db #0x00	; 0
    0000065F 00                    1675 	.db #0x00	; 0
    00000660 00                    1676 	.db #0x00	; 0
    00000661 00                    1677 	.db #0x00	; 0
    00000662 00                    1678 	.db #0x00	; 0
    00000663 00                    1679 	.db #0x00	; 0
    00000664 00                    1680 	.db #0x00	; 0
    00000665 00                    1681 	.db #0x00	; 0
    00000666 F0                    1682 	.db #0xf0	; 240
    00000667 F0                    1683 	.db #0xf0	; 240
    00000668 F0                    1684 	.db #0xf0	; 240
    00000669 08                    1685 	.db #0x08	; 8
    0000066A F0                    1686 	.db #0xf0	; 240
    0000066B 08                    1687 	.db #0x08	; 8
    0000066C F0                    1688 	.db #0xf0	; 240
    0000066D 08                    1689 	.db #0x08	; 8
    0000066E F0                    1690 	.db #0xf0	; 240
    0000066F 08                    1691 	.db #0x08	; 8
    00000670 F0                    1692 	.db #0xf0	; 240
    00000671 08                    1693 	.db #0x08	; 8
    00000672 F0                    1694 	.db #0xf0	; 240
    00000673 08                    1695 	.db #0x08	; 8
    00000674 F0                    1696 	.db #0xf0	; 240
    00000675 08                    1697 	.db #0x08	; 8
    00000676 F0                    1698 	.db #0xf0	; 240
    00000677 08                    1699 	.db #0x08	; 8
    00000678 00                    1700 	.db #0x00	; 0
    00000679 F0                    1701 	.db #0xf0	; 240
    0000067A 00                    1702 	.db #0x00	; 0
    0000067B 00                    1703 	.db #0x00	; 0
    0000067C 00                    1704 	.db #0x00	; 0
    0000067D 00                    1705 	.db #0x00	; 0
    0000067E 00                    1706 	.db #0x00	; 0
    0000067F 00                    1707 	.db #0x00	; 0
    00000680 00                    1708 	.db #0x00	; 0
    00000681 00                    1709 	.db #0x00	; 0
    00000682 00                    1710 	.db #0x00	; 0
    00000683 00                    1711 	.db #0x00	; 0
    00000684 00                    1712 	.db #0x00	; 0
    00000685 00                    1713 	.db #0x00	; 0
    00000686 00                    1714 	.db #0x00	; 0
    00000687 00                    1715 	.db #0x00	; 0
    00000688 00                    1716 	.db #0x00	; 0
    00000689 00                    1717 	.db #0x00	; 0
    0000068A 00                    1718 	.db #0x00	; 0
    0000068B 00                    1719 	.db #0x00	; 0
    0000068C 00                    1720 	.db #0x00	; 0
    0000068D 00                    1721 	.db #0x00	; 0
    0000068E 00                    1722 	.db #0x00	; 0
    0000068F 00                    1723 	.db #0x00	; 0
                                   1724 	.area _INITIALIZER
                                   1725 	.area _CABS (ABS)
