                                      1 ;--------------------------------------------------------
                                      2 ; File Created by SDCC : free open source ISO C Compiler
                                      3 ; Version 4.5.1 #15267 (Linux)
                                      4 ;--------------------------------------------------------
                                      5 	.module object_sprites
                                      6 	
                                      7 ;--------------------------------------------------------
                                      8 ; Public variables in this module
                                      9 ;--------------------------------------------------------
                                     10 	.globl _object_sprites
                                     11 ;--------------------------------------------------------
                                     12 ; special function registers
                                     13 ;--------------------------------------------------------
                                     14 ;--------------------------------------------------------
                                     15 ; ram data
                                     16 ;--------------------------------------------------------
                                     17 	.area _DATA
                                     18 ;--------------------------------------------------------
                                     19 ; ram data
                                     20 ;--------------------------------------------------------
                                     21 	.area _INITIALIZED
                                     22 ;--------------------------------------------------------
                                     23 ; absolute external ram data
                                     24 ;--------------------------------------------------------
                                     25 	.area _DABS (ABS)
                                     26 ;--------------------------------------------------------
                                     27 ; global & static initialisations
                                     28 ;--------------------------------------------------------
                                     29 	.area _HOME
                                     30 	.area _GSINIT
                                     31 	.area _GSFINAL
                                     32 	.area _GSINIT
                                     33 ;--------------------------------------------------------
                                     34 ; Home
                                     35 ;--------------------------------------------------------
                                     36 	.area _HOME
                                     37 	.area _HOME
                                     38 ;--------------------------------------------------------
                                     39 ; code
                                     40 ;--------------------------------------------------------
                                     41 	.area _CODE
                                     42 	.area _CODE
    00000000                         43 _object_sprites:
    00000000 7E                      44 	.db #0x7e	; 126
    00000001 00                      45 	.db #0x00	; 0
    00000002 81                      46 	.db #0x81	; 129
    00000003 3D                      47 	.db #0x3d	; 61
    00000004 81                      48 	.db #0x81	; 129
    00000005 5B                      49 	.db #0x5b	; 91
    00000006 81                      50 	.db #0x81	; 129
    00000007 67                      51 	.db #0x67	; 103	'g'
    00000008 81                      52 	.db #0x81	; 129
    00000009 67                      53 	.db #0x67	; 103	'g'
    0000000A 81                      54 	.db #0x81	; 129
    0000000B 5B                      55 	.db #0x5b	; 91
    0000000C 81                      56 	.db #0x81	; 129
    0000000D 3D                      57 	.db #0x3d	; 61
    0000000E 7E                      58 	.db #0x7e	; 126
    0000000F 7E                      59 	.db #0x7e	; 126
    00000010 00                      60 	.db #0x00	; 0
    00000011 00                      61 	.db #0x00	; 0
    00000012 00                      62 	.db #0x00	; 0
    00000013 00                      63 	.db #0x00	; 0
    00000014 00                      64 	.db #0x00	; 0
    00000015 00                      65 	.db #0x00	; 0
    00000016 00                      66 	.db #0x00	; 0
    00000017 00                      67 	.db #0x00	; 0
    00000018 00                      68 	.db #0x00	; 0
    00000019 00                      69 	.db #0x00	; 0
    0000001A 00                      70 	.db #0x00	; 0
    0000001B 00                      71 	.db #0x00	; 0
    0000001C 00                      72 	.db #0x00	; 0
    0000001D 00                      73 	.db #0x00	; 0
    0000001E 00                      74 	.db #0x00	; 0
    0000001F 00                      75 	.db #0x00	; 0
                                     76 	.area _INITIALIZER
                                     77 	.area _CABS (ABS)
